+---------+-----------------+--------------+-------------+-----------+-----------+
|   epoch |   learning_rate |   train_loss |   test_loss |      top1 |      top5 |
+=========+=================+==============+=============+===========+===========+
|       0 |        0.000001 |     6.908732 |    6.902167 |  0.148000 |  0.662000 |
+---------+-----------------+--------------+-------------+-----------+-----------+
|       1 |        0.000001 |     6.900849 |    6.892058 |  0.210000 |  0.866000 |
+---------+-----------------+--------------+-------------+-----------+-----------+
|       2 |        0.001201 |     5.494608 |    4.176120 | 18.025999 | 39.704002 |
+---------+-----------------+--------------+-------------+-----------+-----------+
|       3 |        0.002401 |     4.398097 |    3.141758 | 33.189999 | 59.779999 |
+---------+-----------------+--------------+-------------+-----------+-----------+
|       4 |        0.003600 |     3.812608 |    2.670941 | 41.919998 | 68.522003 |
+---------+-----------------+--------------+-------------+-----------+-----------+
|       5 |        0.004800 |     3.528720 |    2.450292 | 45.708000 | 71.975998 |
+---------+-----------------+--------------+-------------+-----------+-----------+
|       6 |        0.005996 |     3.369643 |    2.346359 | 48.160000 | 73.993996 |
+---------+-----------------+--------------+-------------+-----------+-----------+
|       7 |        0.005994 |     3.215890 |    2.207690 | 50.702000 | 76.135994 |
+---------+-----------------+--------------+-------------+-----------+-----------+
|       8 |        0.005992 |     3.118240 |    2.111498 | 53.157997 | 77.895996 |
+---------+-----------------+--------------+-------------+-----------+-----------+
|       9 |        0.005989 |     3.047483 |    1.989222 | 54.877995 | 79.507996 |
+---------+-----------------+--------------+-------------+-----------+-----------+
|      10 |        0.005987 |     2.991917 |    2.004897 | 55.058002 | 79.706001 |
+---------+-----------------+--------------+-------------+-----------+-----------+
|      11 |        0.005984 |     2.947788 |    1.926456 | 56.646000 | 80.681999 |
+---------+-----------------+--------------+-------------+-----------+-----------+
|      12 |        0.005980 |     2.909344 |    1.909222 | 56.804001 | 80.955994 |
+---------+-----------------+--------------+-------------+-----------+-----------+
|      13 |        0.005976 |     2.880718 |    1.878008 | 57.554001 | 81.444000 |
+---------+-----------------+--------------+-------------+-----------+-----------+
|      14 |        0.005972 |     2.854110 |    1.823931 | 58.698002 | 82.437996 |
+---------+-----------------+--------------+-------------+-----------+-----------+
|      15 |        0.005968 |     2.829594 |    1.899687 | 57.194000 | 81.177994 |
+---------+-----------------+--------------+-------------+-----------+-----------+
|      16 |        0.005963 |     2.806465 |    1.772258 | 59.374001 | 82.913994 |
+---------+-----------------+--------------+-------------+-----------+-----------+
|      17 |        0.005958 |     2.789734 |    1.776771 | 59.793999 | 83.133995 |
+---------+-----------------+--------------+-------------+-----------+-----------+
|      18 |        0.005953 |     2.772348 |    1.786682 | 59.273994 | 82.839996 |
+---------+-----------------+--------------+-------------+-----------+-----------+
|      19 |        0.005947 |     2.756813 |    1.751508 | 60.475998 | 83.615997 |
+---------+-----------------+--------------+-------------+-----------+-----------+
|      20 |        0.005941 |     2.744572 |    1.746462 | 60.550003 | 83.721992 |
+---------+-----------------+--------------+-------------+-----------+-----------+
|      21 |        0.005935 |     2.728738 |    1.681483 | 61.551998 | 84.244003 |
+---------+-----------------+--------------+-------------+-----------+-----------+
|      22 |        0.005928 |     2.718230 |    1.678249 | 61.573997 | 84.519997 |
+---------+-----------------+--------------+-------------+-----------+-----------+
|      23 |        0.005921 |     2.709703 |    1.795052 | 59.525993 | 82.855995 |
+---------+-----------------+--------------+-------------+-----------+-----------+
|      24 |        0.005914 |     2.697565 |    1.694166 | 60.821999 | 84.039993 |
+---------+-----------------+--------------+-------------+-----------+-----------+
|      25 |        0.005906 |     2.689480 |    1.665212 | 61.907997 | 84.568001 |
+---------+-----------------+--------------+-------------+-----------+-----------+
|      26 |        0.005898 |     2.682875 |    1.699250 | 61.274002 | 84.121994 |
+---------+-----------------+--------------+-------------+-----------+-----------+
|      27 |        0.005890 |     2.675518 |    1.713139 | 61.185997 | 83.998001 |
+---------+-----------------+--------------+-------------+-----------+-----------+
|      28 |        0.005881 |     2.666900 |    1.648638 | 62.347996 | 84.734001 |
+---------+-----------------+--------------+-------------+-----------+-----------+
|      29 |        0.005872 |     2.659357 |    1.648422 | 62.499996 | 84.887993 |
+---------+-----------------+--------------+-------------+-----------+-----------+
|      30 |        0.005863 |     2.655757 |    1.648749 | 62.316002 | 84.639999 |
+---------+-----------------+--------------+-------------+-----------+-----------+
|      31 |        0.005853 |     2.647841 |    1.657863 | 61.955997 | 84.528000 |
+---------+-----------------+--------------+-------------+-----------+-----------+
|      32 |        0.005844 |     2.642610 |    1.644184 | 62.239998 | 85.115997 |
+---------+-----------------+--------------+-------------+-----------+-----------+
|      33 |        0.005833 |     2.639971 |    1.676289 | 61.559998 | 84.750000 |
+---------+-----------------+--------------+-------------+-----------+-----------+
|      34 |        0.005823 |     2.632777 |    1.623046 | 62.750000 | 85.042000 |
+---------+-----------------+--------------+-------------+-----------+-----------+
|      35 |        0.005812 |     2.628341 |    1.659644 | 62.379997 | 84.813995 |
+---------+-----------------+--------------+-------------+-----------+-----------+
|      36 |        0.005801 |     2.625101 |    1.622291 | 62.873997 | 85.199997 |
+---------+-----------------+--------------+-------------+-----------+-----------+
|      37 |        0.005790 |     2.619699 |    1.644653 | 62.434002 | 84.835999 |
+---------+-----------------+--------------+-------------+-----------+-----------+
|      38 |        0.005778 |     2.615529 |    1.630503 | 62.569996 | 84.998001 |
+---------+-----------------+--------------+-------------+-----------+-----------+
|      39 |        0.005766 |     2.611492 |    1.597601 | 63.234001 | 85.566002 |
+---------+-----------------+--------------+-------------+-----------+-----------+
|      40 |        0.005754 |     2.608715 |    1.623020 | 62.848000 | 85.445992 |
+---------+-----------------+--------------+-------------+-----------+-----------+
|      41 |        0.005741 |     2.602762 |    1.639319 | 62.725998 | 85.107994 |
+---------+-----------------+--------------+-------------+-----------+-----------+
|      42 |        0.005728 |     2.599472 |    1.663863 | 62.647995 | 84.959999 |
+---------+-----------------+--------------+-------------+-----------+-----------+
|      43 |        0.005715 |     2.597167 |    1.679363 | 62.014000 | 84.537994 |
+---------+-----------------+--------------+-------------+-----------+-----------+
|      44 |        0.005701 |     2.590783 |    1.581740 | 63.993996 | 85.806000 |
+---------+-----------------+--------------+-------------+-----------+-----------+
|      45 |        0.005688 |     2.589524 |    1.584315 | 63.843998 | 85.973999 |
+---------+-----------------+--------------+-------------+-----------+-----------+
|      46 |        0.005674 |     2.584315 |    1.574400 | 63.829998 | 85.982002 |
+---------+-----------------+--------------+-------------+-----------+-----------+
|      47 |        0.005659 |     2.580420 |    1.660551 | 62.661999 | 84.772003 |
+---------+-----------------+--------------+-------------+-----------+-----------+
|      48 |        0.005645 |     2.580321 |    1.611375 | 62.841999 | 85.453995 |
+---------+-----------------+--------------+-------------+-----------+-----------+
|      49 |        0.005630 |     2.573972 |    1.605370 | 63.281998 | 85.363998 |
+---------+-----------------+--------------+-------------+-----------+-----------+
|      50 |        0.005614 |     2.571787 |    1.673103 | 62.079998 | 85.009995 |
+---------+-----------------+--------------+-------------+-----------+-----------+
|      51 |        0.005599 |     2.570135 |    1.621333 | 63.157997 | 85.465996 |
+---------+-----------------+--------------+-------------+-----------+-----------+
|      52 |        0.005583 |     2.563573 |    1.593579 | 63.411999 | 85.613998 |
+---------+-----------------+--------------+-------------+-----------+-----------+
|      53 |        0.005567 |     2.562321 |    1.619437 | 62.713997 | 85.152000 |
+---------+-----------------+--------------+-------------+-----------+-----------+
|      54 |        0.005550 |     2.560856 |    1.616007 | 62.913998 | 85.318001 |
+---------+-----------------+--------------+-------------+-----------+-----------+
|      55 |        0.005534 |     2.559623 |    1.556059 | 64.139999 | 86.344002 |
+---------+-----------------+--------------+-------------+-----------+-----------+
|      56 |        0.005517 |     2.556386 |    1.617110 | 62.961998 | 85.054001 |
+---------+-----------------+--------------+-------------+-----------+-----------+
|      57 |        0.005500 |     2.550863 |    1.623831 | 62.542000 | 84.972000 |
+---------+-----------------+--------------+-------------+-----------+-----------+
|      58 |        0.005482 |     2.549904 |    1.571489 | 63.784000 | 86.042000 |
+---------+-----------------+--------------+-------------+-----------+-----------+
|      59 |        0.005464 |     2.545691 |    1.653612 | 62.066002 | 85.019997 |
+---------+-----------------+--------------+-------------+-----------+-----------+
|      60 |        0.005446 |     2.544314 |    1.560348 | 63.781998 | 86.179993 |
+---------+-----------------+--------------+-------------+-----------+-----------+
|      61 |        0.005428 |     2.540603 |    1.546196 | 64.297997 | 86.311996 |
+---------+-----------------+--------------+-------------+-----------+-----------+
|      62 |        0.005409 |     2.538303 |    1.666382 | 62.330002 | 84.799988 |
+---------+-----------------+--------------+-------------+-----------+-----------+
|      63 |        0.005391 |     2.535541 |    1.556179 | 64.442001 | 86.272003 |
+---------+-----------------+--------------+-------------+-----------+-----------+
|      64 |        0.005372 |     2.531632 |    1.560622 | 64.340004 | 86.166000 |
+---------+-----------------+--------------+-------------+-----------+-----------+
|      65 |        0.005352 |     2.530562 |    1.525501 | 65.046005 | 86.531998 |
+---------+-----------------+--------------+-------------+-----------+-----------+
|      66 |        0.005333 |     2.528585 |    1.529366 | 64.663994 | 86.564003 |
+---------+-----------------+--------------+-------------+-----------+-----------+
|      67 |        0.005313 |     2.526771 |    1.632884 | 62.707996 | 85.428001 |
+---------+-----------------+--------------+-------------+-----------+-----------+
|      68 |        0.005293 |     2.525295 |    1.518708 | 65.094002 | 86.601990 |
+---------+-----------------+--------------+-------------+-----------+-----------+
|      69 |        0.005272 |     2.522448 |    1.580991 | 63.668003 | 85.878006 |
+---------+-----------------+--------------+-------------+-----------+-----------+
|      70 |        0.005252 |     2.515581 |    1.552099 | 64.362000 | 86.161995 |
+---------+-----------------+--------------+-------------+-----------+-----------+
|      71 |        0.005231 |     2.516339 |    1.558481 | 63.949997 | 85.989998 |
+---------+-----------------+--------------+-------------+-----------+-----------+
|      72 |        0.005210 |     2.513644 |    1.522311 | 64.804001 | 86.600006 |
+---------+-----------------+--------------+-------------+-----------+-----------+
|      73 |        0.005188 |     2.509454 |    1.546172 | 64.551994 | 86.514000 |
+---------+-----------------+--------------+-------------+-----------+-----------+
|      74 |        0.005167 |     2.509282 |    1.495608 | 65.220001 | 86.800003 |
+---------+-----------------+--------------+-------------+-----------+-----------+
|      75 |        0.005145 |     2.506976 |    1.557582 | 64.524002 | 86.227997 |
+---------+-----------------+--------------+-------------+-----------+-----------+
|      76 |        0.005123 |     2.503660 |    1.529583 | 64.797997 | 86.665993 |
+---------+-----------------+--------------+-------------+-----------+-----------+
|      77 |        0.005100 |     2.499964 |    1.579639 | 63.765999 | 86.109993 |
+---------+-----------------+--------------+-------------+-----------+-----------+
|      78 |        0.005078 |     2.497574 |    1.507360 | 65.080002 | 86.715996 |
+---------+-----------------+--------------+-------------+-----------+-----------+
|      79 |        0.005055 |     2.497981 |    1.496234 | 65.529999 | 87.013985 |
+---------+-----------------+--------------+-------------+-----------+-----------+
|      80 |        0.005032 |     2.492117 |    1.539100 | 64.594002 | 86.554001 |
+---------+-----------------+--------------+-------------+-----------+-----------+
|      81 |        0.005009 |     2.491418 |    1.519314 | 65.082001 | 86.745995 |
+---------+-----------------+--------------+-------------+-----------+-----------+
|      82 |        0.004986 |     2.487305 |    1.515921 | 65.115997 | 86.722000 |
+---------+-----------------+--------------+-------------+-----------+-----------+
|      83 |        0.004962 |     2.486356 |    1.509892 | 65.325996 | 86.899994 |
+---------+-----------------+--------------+-------------+-----------+-----------+
|      84 |        0.004938 |     2.485070 |    1.568783 | 63.769997 | 85.972000 |
+---------+-----------------+--------------+-------------+-----------+-----------+
|      85 |        0.004914 |     2.480980 |    1.482384 | 65.603996 | 87.009995 |
+---------+-----------------+--------------+-------------+-----------+-----------+
|      86 |        0.004890 |     2.478833 |    1.515110 | 65.228004 | 86.795998 |
+---------+-----------------+--------------+-------------+-----------+-----------+
|      87 |        0.004865 |     2.478129 |    1.510761 | 65.267998 | 86.851990 |
+---------+-----------------+--------------+-------------+-----------+-----------+
|      88 |        0.004841 |     2.475223 |    1.459922 | 66.143997 | 87.371994 |
+---------+-----------------+--------------+-------------+-----------+-----------+
|      89 |        0.004816 |     2.473703 |    1.506136 | 65.344002 | 86.848007 |
+---------+-----------------+--------------+-------------+-----------+-----------+
|      90 |        0.004791 |     2.471786 |    1.527018 | 64.925995 | 86.859993 |
+---------+-----------------+--------------+-------------+-----------+-----------+
|      91 |        0.004765 |     2.469266 |    1.551518 | 64.970001 | 86.428001 |
+---------+-----------------+--------------+-------------+-----------+-----------+
|      92 |        0.004740 |     2.465287 |    1.480359 | 65.922005 | 87.133995 |
+---------+-----------------+--------------+-------------+-----------+-----------+
|      93 |        0.004714 |     2.464289 |    1.475322 | 65.955994 | 86.986000 |
+---------+-----------------+--------------+-------------+-----------+-----------+
|      94 |        0.004688 |     2.461906 |    1.489299 | 65.711998 | 86.953995 |
+---------+-----------------+--------------+-------------+-----------+-----------+
|      95 |        0.004662 |     2.460213 |    1.474855 | 66.143997 | 87.313995 |
+---------+-----------------+--------------+-------------+-----------+-----------+
|      96 |        0.004636 |     2.458796 |    1.489940 | 65.886002 | 87.189995 |
+---------+-----------------+--------------+-------------+-----------+-----------+
|      97 |        0.004610 |     2.455492 |    1.521688 | 65.246002 | 86.587997 |
+---------+-----------------+--------------+-------------+-----------+-----------+
|      98 |        0.004583 |     2.452000 |    1.502627 | 65.421997 | 86.855995 |
+---------+-----------------+--------------+-------------+-----------+-----------+
|      99 |        0.004556 |     2.450184 |    1.483052 | 66.105995 | 87.255997 |
+---------+-----------------+--------------+-------------+-----------+-----------+
|     100 |        0.004530 |     2.446147 |    1.489117 | 65.632004 | 87.073990 |
+---------+-----------------+--------------+-------------+-----------+-----------+
|     101 |        0.004502 |     2.447399 |    1.498784 | 65.879997 | 87.056000 |
+---------+-----------------+--------------+-------------+-----------+-----------+
|     102 |        0.004475 |     2.443122 |    1.464835 | 66.275993 | 87.526001 |
+---------+-----------------+--------------+-------------+-----------+-----------+
|     103 |        0.004448 |     2.440398 |    1.453695 | 66.264000 | 87.702003 |
+---------+-----------------+--------------+-------------+-----------+-----------+
|     104 |        0.004420 |     2.440149 |    1.483175 | 66.194000 | 87.315994 |
+---------+-----------------+--------------+-------------+-----------+-----------+
|     105 |        0.004393 |     2.436725 |    1.455198 | 66.346001 | 87.501999 |
+---------+-----------------+--------------+-------------+-----------+-----------+
|     106 |        0.004365 |     2.431981 |    1.465553 | 66.176003 | 87.625992 |
+---------+-----------------+--------------+-------------+-----------+-----------+
|     107 |        0.004337 |     2.432051 |    1.447744 | 66.290001 | 87.547989 |
+---------+-----------------+--------------+-------------+-----------+-----------+
|     108 |        0.004309 |     2.430064 |    1.457376 | 66.467995 | 87.601997 |
+---------+-----------------+--------------+-------------+-----------+-----------+
|     109 |        0.004280 |     2.425204 |    1.469267 | 66.271996 | 87.511993 |
+---------+-----------------+--------------+-------------+-----------+-----------+
|     110 |        0.004252 |     2.423151 |    1.462380 | 66.416000 | 87.550003 |
+---------+-----------------+--------------+-------------+-----------+-----------+
|     111 |        0.004223 |     2.421304 |    1.444229 | 66.477997 | 87.852005 |
+---------+-----------------+--------------+-------------+-----------+-----------+
|     112 |        0.004194 |     2.419935 |    1.446636 | 66.895996 | 87.804001 |
+---------+-----------------+--------------+-------------+-----------+-----------+
|     113 |        0.004166 |     2.414828 |    1.459932 | 66.552002 | 87.514000 |
+---------+-----------------+--------------+-------------+-----------+-----------+
|     114 |        0.004137 |     2.415219 |    1.434705 | 66.629990 | 87.729996 |
+---------+-----------------+--------------+-------------+-----------+-----------+
|     115 |        0.004108 |     2.412961 |    1.445266 | 66.709999 | 87.788002 |
+---------+-----------------+--------------+-------------+-----------+-----------+
|     116 |        0.004078 |     2.408131 |    1.481426 | 65.968002 | 87.201996 |
+---------+-----------------+--------------+-------------+-----------+-----------+
|     117 |        0.004049 |     2.405803 |    1.421126 | 67.085999 | 88.068001 |
+---------+-----------------+--------------+-------------+-----------+-----------+
|     118 |        0.004020 |     2.405467 |    1.474176 | 65.989998 | 87.321991 |
+---------+-----------------+--------------+-------------+-----------+-----------+
|     119 |        0.003990 |     2.402424 |    1.472429 | 65.765999 | 87.319992 |
+---------+-----------------+--------------+-------------+-----------+-----------+
|     120 |        0.003960 |     2.401647 |    1.422230 | 67.360001 | 88.015999 |
+---------+-----------------+--------------+-------------+-----------+-----------+
|     121 |        0.003931 |     2.396967 |    1.407962 | 67.664001 | 88.342003 |
+---------+-----------------+--------------+-------------+-----------+-----------+
|     122 |        0.003901 |     2.395586 |    1.433678 | 66.753998 | 88.008003 |
+---------+-----------------+--------------+-------------+-----------+-----------+
|     123 |        0.003871 |     2.392241 |    1.418344 | 67.492004 | 88.063995 |
+---------+-----------------+--------------+-------------+-----------+-----------+
|     124 |        0.003841 |     2.390471 |    1.411502 | 67.325996 | 88.063995 |
+---------+-----------------+--------------+-------------+-----------+-----------+
|     125 |        0.003810 |     2.387333 |    1.455981 | 66.650002 | 87.667999 |
+---------+-----------------+--------------+-------------+-----------+-----------+
|     126 |        0.003780 |     2.382951 |    1.415449 | 67.467995 | 88.138000 |
+---------+-----------------+--------------+-------------+-----------+-----------+
|     127 |        0.003750 |     2.384313 |    1.398450 | 67.720001 | 88.338005 |
+---------+-----------------+--------------+-------------+-----------+-----------+
|     128 |        0.003719 |     2.379076 |    1.413084 | 67.346001 | 88.211998 |
+---------+-----------------+--------------+-------------+-----------+-----------+
|     129 |        0.003689 |     2.378702 |    1.415408 | 67.522003 | 88.181999 |
+---------+-----------------+--------------+-------------+-----------+-----------+
|     130 |        0.003658 |     2.374936 |    1.373629 | 68.057999 | 88.608002 |
+---------+-----------------+--------------+-------------+-----------+-----------+
|     131 |        0.003628 |     2.372488 |    1.376801 | 68.220001 | 88.660004 |
+---------+-----------------+--------------+-------------+-----------+-----------+
|     132 |        0.003597 |     2.369235 |    1.377566 | 68.250000 | 88.746002 |
+---------+-----------------+--------------+-------------+-----------+-----------+
|     133 |        0.003566 |     2.366519 |    1.407481 | 67.627991 | 88.077995 |
+---------+-----------------+--------------+-------------+-----------+-----------+
|     134 |        0.003535 |     2.364988 |    1.433026 | 67.125999 | 87.895996 |
+---------+-----------------+--------------+-------------+-----------+-----------+
|     135 |        0.003504 |     2.363663 |    1.396101 | 68.024002 | 88.397995 |
+---------+-----------------+--------------+-------------+-----------+-----------+
|     136 |        0.003474 |     2.360920 |    1.422632 | 67.134003 | 87.947998 |
+---------+-----------------+--------------+-------------+-----------+-----------+
|     137 |        0.003443 |     2.356540 |    1.375378 | 68.087997 | 88.621994 |
+---------+-----------------+--------------+-------------+-----------+-----------+
|     138 |        0.003411 |     2.353124 |    1.389400 | 67.994003 | 88.604004 |
+---------+-----------------+--------------+-------------+-----------+-----------+
|     139 |        0.003380 |     2.352070 |    1.374687 | 68.401993 | 88.698006 |
+---------+-----------------+--------------+-------------+-----------+-----------+
|     140 |        0.003349 |     2.350363 |    1.392644 | 67.900002 | 88.579987 |
+---------+-----------------+--------------+-------------+-----------+-----------+
|     141 |        0.003318 |     2.346124 |    1.403242 | 67.702003 | 88.255997 |
+---------+-----------------+--------------+-------------+-----------+-----------+
|     142 |        0.003287 |     2.344736 |    1.384196 | 67.776001 | 88.510002 |
+---------+-----------------+--------------+-------------+-----------+-----------+
|     143 |        0.003256 |     2.341604 |    1.362542 | 68.728004 | 88.900009 |
+---------+-----------------+--------------+-------------+-----------+-----------+
|     144 |        0.003224 |     2.339516 |    1.376594 | 67.921997 | 88.507996 |
+---------+-----------------+--------------+-------------+-----------+-----------+
|     145 |        0.003193 |     2.336557 |    1.367064 | 68.218002 | 88.732002 |
+---------+-----------------+--------------+-------------+-----------+-----------+
|     146 |        0.003162 |     2.334426 |    1.365126 | 68.400002 | 88.601990 |
+---------+-----------------+--------------+-------------+-----------+-----------+
|     147 |        0.003130 |     2.330945 |    1.388484 | 67.665993 | 88.456001 |
+---------+-----------------+--------------+-------------+-----------+-----------+
|     148 |        0.003099 |     2.329572 |    1.365316 | 68.375999 | 88.830002 |
+---------+-----------------+--------------+-------------+-----------+-----------+
|     149 |        0.003068 |     2.327436 |    1.345767 | 68.921997 | 88.975998 |
+---------+-----------------+--------------+-------------+-----------+-----------+
|     150 |        0.003036 |     2.325358 |    1.359920 | 68.617996 | 88.813995 |
+---------+-----------------+--------------+-------------+-----------+-----------+
|     151 |        0.003005 |     2.321163 |    1.331798 | 69.024002 | 89.248001 |
+---------+-----------------+--------------+-------------+-----------+-----------+
|     152 |        0.002974 |     2.317811 |    1.340130 | 69.091995 | 89.127991 |
+---------+-----------------+--------------+-------------+-----------+-----------+
|     153 |        0.002942 |     2.314968 |    1.363273 | 68.598000 | 88.916000 |
+---------+-----------------+--------------+-------------+-----------+-----------+
|     154 |        0.002911 |     2.312042 |    1.355255 | 68.582001 | 88.861992 |
+---------+-----------------+--------------+-------------+-----------+-----------+
|     155 |        0.002880 |     2.311254 |    1.366263 | 68.563995 | 88.622002 |
+---------+-----------------+--------------+-------------+-----------+-----------+
|     156 |        0.002848 |     2.307350 |    1.331632 | 69.039993 | 89.234001 |
+---------+-----------------+--------------+-------------+-----------+-----------+
|     157 |        0.002817 |     2.303040 |    1.333584 | 69.213989 | 89.226006 |
+---------+-----------------+--------------+-------------+-----------+-----------+
|     158 |        0.002786 |     2.302377 |    1.339734 | 68.885994 | 89.205994 |
+---------+-----------------+--------------+-------------+-----------+-----------+
|     159 |        0.002754 |     2.299566 |    1.357687 | 68.579994 | 88.950005 |
+---------+-----------------+--------------+-------------+-----------+-----------+
|     160 |        0.002723 |     2.296758 |    1.347261 | 68.787994 | 88.979996 |
+---------+-----------------+--------------+-------------+-----------+-----------+
|     161 |        0.002692 |     2.293437 |    1.363143 | 68.723999 | 88.711998 |
+---------+-----------------+--------------+-------------+-----------+-----------+
|     162 |        0.002661 |     2.291157 |    1.320319 | 69.163994 | 89.316002 |
+---------+-----------------+--------------+-------------+-----------+-----------+
|     163 |        0.002630 |     2.288497 |    1.335549 | 69.006004 | 89.089996 |
+---------+-----------------+--------------+-------------+-----------+-----------+
|     164 |        0.002599 |     2.284323 |    1.336307 | 69.049995 | 89.157997 |
+---------+-----------------+--------------+-------------+-----------+-----------+
|     165 |        0.002567 |     2.282478 |    1.316176 | 69.683998 | 89.454002 |
+---------+-----------------+--------------+-------------+-----------+-----------+
|     166 |        0.002536 |     2.277998 |    1.307225 | 69.666000 | 89.453995 |
+---------+-----------------+--------------+-------------+-----------+-----------+
|     167 |        0.002506 |     2.277451 |    1.327256 | 69.337997 | 89.385986 |
+---------+-----------------+--------------+-------------+-----------+-----------+
|     168 |        0.002475 |     2.271883 |    1.330239 | 69.236000 | 89.240005 |
+---------+-----------------+--------------+-------------+-----------+-----------+
|     169 |        0.002444 |     2.270576 |    1.330906 | 69.235992 | 89.234001 |
+---------+-----------------+--------------+-------------+-----------+-----------+
|     170 |        0.002413 |     2.265887 |    1.307165 | 69.877998 | 89.612000 |
+---------+-----------------+--------------+-------------+-----------+-----------+
|     171 |        0.002382 |     2.264122 |    1.309185 | 69.736000 | 89.320007 |
+---------+-----------------+--------------+-------------+-----------+-----------+
|     172 |        0.002352 |     2.262915 |    1.282995 | 70.171997 | 89.809998 |
+---------+-----------------+--------------+-------------+-----------+-----------+
|     173 |        0.002321 |     2.258780 |    1.274485 | 70.225998 | 89.756004 |
+---------+-----------------+--------------+-------------+-----------+-----------+
|     174 |        0.002291 |     2.254719 |    1.305761 | 69.809998 | 89.638000 |
+---------+-----------------+--------------+-------------+-----------+-----------+
|     175 |        0.002260 |     2.253810 |    1.310061 | 69.496002 | 89.305992 |
+---------+-----------------+--------------+-------------+-----------+-----------+
|     176 |        0.002230 |     2.247555 |    1.284292 | 70.313995 | 89.905991 |
+---------+-----------------+--------------+-------------+-----------+-----------+
|     177 |        0.002200 |     2.246576 |    1.292423 | 70.047997 | 89.613998 |
+---------+-----------------+--------------+-------------+-----------+-----------+
|     178 |        0.002169 |     2.245095 |    1.276169 | 70.257996 | 89.757996 |
+---------+-----------------+--------------+-------------+-----------+-----------+
|     179 |        0.002139 |     2.238906 |    1.261867 | 70.089996 | 90.020004 |
+---------+-----------------+--------------+-------------+-----------+-----------+
|     180 |        0.002109 |     2.237506 |    1.278615 | 70.489998 | 89.818001 |
+---------+-----------------+--------------+-------------+-----------+-----------+
|     181 |        0.002079 |     2.233964 |    1.283146 | 70.297997 | 89.736000 |
+---------+-----------------+--------------+-------------+-----------+-----------+
|     182 |        0.002050 |     2.231380 |    1.284289 | 70.537994 | 89.851990 |
+---------+-----------------+--------------+-------------+-----------+-----------+
|     183 |        0.002020 |     2.227325 |    1.256137 | 70.798004 | 90.250000 |
+---------+-----------------+--------------+-------------+-----------+-----------+
|     184 |        0.001990 |     2.224165 |    1.279709 | 70.394005 | 90.009995 |
+---------+-----------------+--------------+-------------+-----------+-----------+
|     185 |        0.001961 |     2.219335 |    1.254160 | 71.000000 | 90.183990 |
+---------+-----------------+--------------+-------------+-----------+-----------+
|     186 |        0.001932 |     2.218521 |    1.252527 | 70.893997 | 90.084000 |
+---------+-----------------+--------------+-------------+-----------+-----------+
|     187 |        0.001902 |     2.217227 |    1.253624 | 70.605995 | 90.172005 |
+---------+-----------------+--------------+-------------+-----------+-----------+
|     188 |        0.001873 |     2.211471 |    1.252287 | 70.809998 | 90.097992 |
+---------+-----------------+--------------+-------------+-----------+-----------+
|     189 |        0.001844 |     2.207737 |    1.249294 | 70.804001 | 90.101990 |
+---------+-----------------+--------------+-------------+-----------+-----------+
|     190 |        0.001816 |     2.206622 |    1.251814 | 70.679993 | 90.047989 |
+---------+-----------------+--------------+-------------+-----------+-----------+
|     191 |        0.001787 |     2.201380 |    1.253688 | 71.034004 | 90.241989 |
+---------+-----------------+--------------+-------------+-----------+-----------+
|     192 |        0.001758 |     2.198581 |    1.250198 | 71.009995 | 90.192001 |
+---------+-----------------+--------------+-------------+-----------+-----------+
|     193 |        0.001730 |     2.197141 |    1.252998 | 71.088005 | 90.245995 |
+---------+-----------------+--------------+-------------+-----------+-----------+
|     194 |        0.001701 |     2.191416 |    1.246645 | 70.832001 | 90.173996 |
+---------+-----------------+--------------+-------------+-----------+-----------+
|     195 |        0.001673 |     2.189498 |    1.246855 | 70.830002 | 90.307999 |
+---------+-----------------+--------------+-------------+-----------+-----------+
|     196 |        0.001645 |     2.185592 |    1.236043 | 71.349998 | 90.432007 |
+---------+-----------------+--------------+-------------+-----------+-----------+
|     197 |        0.001617 |     2.183342 |    1.220797 | 71.641998 | 90.433998 |
+---------+-----------------+--------------+-------------+-----------+-----------+
|     198 |        0.001590 |     2.178284 |    1.231827 | 71.427994 | 90.332001 |
+---------+-----------------+--------------+-------------+-----------+-----------+
|     199 |        0.001562 |     2.175459 |    1.218423 | 71.659996 | 90.737999 |
+---------+-----------------+--------------+-------------+-----------+-----------+
|     200 |        0.001535 |     2.173474 |    1.224159 | 71.463997 | 90.535995 |
+---------+-----------------+--------------+-------------+-----------+-----------+
|     201 |        0.001507 |     2.168703 |    1.248498 | 71.125999 | 90.115997 |
+---------+-----------------+--------------+-------------+-----------+-----------+
|     202 |        0.001480 |     2.165478 |    1.234962 | 71.353996 | 90.479996 |
+---------+-----------------+--------------+-------------+-----------+-----------+
|     203 |        0.001454 |     2.162318 |    1.226703 | 71.451996 | 90.465996 |
+---------+-----------------+--------------+-------------+-----------+-----------+
|     204 |        0.001427 |     2.159968 |    1.207879 | 71.772003 | 90.737991 |
+---------+-----------------+--------------+-------------+-----------+-----------+
|     205 |        0.001400 |     2.159014 |    1.210984 | 71.873993 | 90.647995 |
+---------+-----------------+--------------+-------------+-----------+-----------+
|     206 |        0.001374 |     2.151722 |    1.217894 | 71.729996 | 90.475998 |
+---------+-----------------+--------------+-------------+-----------+-----------+
|     207 |        0.001348 |     2.148370 |    1.200527 | 72.051994 | 90.706001 |
+---------+-----------------+--------------+-------------+-----------+-----------+
|     208 |        0.001322 |     2.146904 |    1.198508 | 72.024002 | 90.881996 |
+---------+-----------------+--------------+-------------+-----------+-----------+
|     209 |        0.001296 |     2.142261 |    1.201880 | 72.160004 | 90.841995 |
+---------+-----------------+--------------+-------------+-----------+-----------+
|     210 |        0.001270 |     2.136894 |    1.193265 | 72.161995 | 90.862000 |
+---------+-----------------+--------------+-------------+-----------+-----------+
|     211 |        0.001245 |     2.134928 |    1.206117 | 71.916000 | 90.621994 |
+---------+-----------------+--------------+-------------+-----------+-----------+
|     212 |        0.001219 |     2.128517 |    1.208709 | 71.983994 | 90.589996 |
+---------+-----------------+--------------+-------------+-----------+-----------+
|     213 |        0.001194 |     2.129357 |    1.191218 | 72.134003 | 91.007996 |
+---------+-----------------+--------------+-------------+-----------+-----------+
|     214 |        0.001169 |     2.123165 |    1.188333 | 72.215996 | 90.936005 |
+---------+-----------------+--------------+-------------+-----------+-----------+
|     215 |        0.001145 |     2.123350 |    1.190486 | 72.286003 | 90.859993 |
+---------+-----------------+--------------+-------------+-----------+-----------+
|     216 |        0.001120 |     2.116395 |    1.186898 | 72.295998 | 90.979996 |
+---------+-----------------+--------------+-------------+-----------+-----------+
|     217 |        0.001096 |     2.114379 |    1.191598 | 72.052002 | 90.772003 |
+---------+-----------------+--------------+-------------+-----------+-----------+
|     218 |        0.001072 |     2.109838 |    1.174355 | 72.528000 | 91.022003 |
+---------+-----------------+--------------+-------------+-----------+-----------+
|     219 |        0.001048 |     2.106486 |    1.180464 | 72.517998 | 90.981995 |
+---------+-----------------+--------------+-------------+-----------+-----------+
|     220 |        0.001024 |     2.102296 |    1.182455 | 72.330002 | 90.959991 |
+---------+-----------------+--------------+-------------+-----------+-----------+
|     221 |        0.001001 |     2.099595 |    1.175621 | 72.631996 | 91.080002 |
+---------+-----------------+--------------+-------------+-----------+-----------+
|     222 |        0.000978 |     2.095775 |    1.173040 | 72.747993 | 91.054001 |
+---------+-----------------+--------------+-------------+-----------+-----------+
|     223 |        0.000955 |     2.091917 |    1.166077 | 72.821991 | 91.127998 |
+---------+-----------------+--------------+-------------+-----------+-----------+
|     224 |        0.000932 |     2.088313 |    1.156540 | 72.872002 | 91.287994 |
+---------+-----------------+--------------+-------------+-----------+-----------+
|     225 |        0.000910 |     2.084813 |    1.164161 | 72.965996 | 91.201996 |
+---------+-----------------+--------------+-------------+-----------+-----------+
|     226 |        0.000887 |     2.083672 |    1.142414 | 73.396004 | 91.461990 |
+---------+-----------------+--------------+-------------+-----------+-----------+
|     227 |        0.000865 |     2.076647 |    1.150773 | 72.981995 | 91.321999 |
+---------+-----------------+--------------+-------------+-----------+-----------+
|     228 |        0.000843 |     2.075690 |    1.155340 | 73.067993 | 91.255989 |
+---------+-----------------+--------------+-------------+-----------+-----------+
|     229 |        0.000822 |     2.071216 |    1.154596 | 73.071991 | 91.331993 |
+---------+-----------------+--------------+-------------+-----------+-----------+
|     230 |        0.000800 |     2.066597 |    1.155508 | 73.082001 | 91.372002 |
+---------+-----------------+--------------+-------------+-----------+-----------+
|     231 |        0.000779 |     2.064299 |    1.158960 | 73.132004 | 91.186005 |
+---------+-----------------+--------------+-------------+-----------+-----------+
|     232 |        0.000758 |     2.058934 |    1.139098 | 73.304001 | 91.433998 |
+---------+-----------------+--------------+-------------+-----------+-----------+
|     233 |        0.000738 |     2.057577 |    1.148377 | 73.309998 | 91.473999 |
+---------+-----------------+--------------+-------------+-----------+-----------+
|     234 |        0.000717 |     2.053191 |    1.128850 | 73.566010 | 91.566002 |
+---------+-----------------+--------------+-------------+-----------+-----------+
|     235 |        0.000697 |     2.049355 |    1.137372 | 73.445999 | 91.538002 |
+---------+-----------------+--------------+-------------+-----------+-----------+
|     236 |        0.000677 |     2.046308 |    1.138540 | 73.403999 | 91.641998 |
+---------+-----------------+--------------+-------------+-----------+-----------+
|     237 |        0.000658 |     2.043156 |    1.141699 | 73.541992 | 91.540001 |
+---------+-----------------+--------------+-------------+-----------+-----------+
|     238 |        0.000638 |     2.038147 |    1.127096 | 73.557991 | 91.695999 |
+---------+-----------------+--------------+-------------+-----------+-----------+
|     239 |        0.000619 |     2.036376 |    1.127713 | 73.517998 | 91.629997 |
+---------+-----------------+--------------+-------------+-----------+-----------+
|     240 |        0.000601 |     2.028851 |    1.128474 | 73.748001 | 91.627998 |
+---------+-----------------+--------------+-------------+-----------+-----------+
|     241 |        0.000582 |     2.027226 |    1.130984 | 73.673988 | 91.598000 |
+---------+-----------------+--------------+-------------+-----------+-----------+
|     242 |        0.000564 |     2.023356 |    1.137070 | 73.677994 | 91.608002 |
+---------+-----------------+--------------+-------------+-----------+-----------+
|     243 |        0.000546 |     2.019848 |    1.124823 | 73.578003 | 91.673996 |
+---------+-----------------+--------------+-------------+-----------+-----------+
|     244 |        0.000528 |     2.017169 |    1.123633 | 74.019997 | 91.613998 |
+---------+-----------------+--------------+-------------+-----------+-----------+
|     245 |        0.000510 |     2.013163 |    1.131905 | 73.848000 | 91.622009 |
+---------+-----------------+--------------+-------------+-----------+-----------+
|     246 |        0.000493 |     2.010206 |    1.111189 | 74.106003 | 91.765999 |
+---------+-----------------+--------------+-------------+-----------+-----------+
|     247 |        0.000476 |     2.006542 |    1.108081 | 74.193993 | 91.900002 |
+---------+-----------------+--------------+-------------+-----------+-----------+
|     248 |        0.000460 |     2.002480 |    1.116119 | 74.024002 | 91.666000 |
+---------+-----------------+--------------+-------------+-----------+-----------+
|     249 |        0.000443 |     1.998933 |    1.113739 | 74.031998 | 91.795998 |
+---------+-----------------+--------------+-------------+-----------+-----------+
|     250 |        0.000427 |     1.996470 |    1.116488 | 74.149994 | 91.757996 |
+---------+-----------------+--------------+-------------+-----------+-----------+
|     251 |        0.000411 |     1.991971 |    1.112688 | 74.348000 | 91.753998 |
+---------+-----------------+--------------+-------------+-----------+-----------+
|     252 |        0.000396 |     1.989620 |    1.109471 | 74.410004 | 91.873993 |
+---------+-----------------+--------------+-------------+-----------+-----------+
|     253 |        0.000380 |     1.986358 |    1.103101 | 74.514000 | 91.963997 |
+---------+-----------------+--------------+-------------+-----------+-----------+
|     254 |        0.000365 |     1.984899 |    1.097105 | 74.311989 | 91.951996 |
+---------+-----------------+--------------+-------------+-----------+-----------+
|     255 |        0.000351 |     1.979528 |    1.110370 | 74.369995 | 91.801994 |
+---------+-----------------+--------------+-------------+-----------+-----------+
|     256 |        0.000336 |     1.978147 |    1.102690 | 74.166000 | 91.961990 |
+---------+-----------------+--------------+-------------+-----------+-----------+
|     257 |        0.000322 |     1.973797 |    1.102098 | 74.381996 | 91.900002 |
+---------+-----------------+--------------+-------------+-----------+-----------+
|     258 |        0.000309 |     1.971169 |    1.096229 | 74.542000 | 92.035995 |
+---------+-----------------+--------------+-------------+-----------+-----------+
|     259 |        0.000295 |     1.966631 |    1.100645 | 74.402000 | 91.896004 |
+---------+-----------------+--------------+-------------+-----------+-----------+
|     260 |        0.000282 |     1.963794 |    1.091915 | 74.462006 | 92.068001 |
+---------+-----------------+--------------+-------------+-----------+-----------+
|     261 |        0.000269 |     1.961645 |    1.097838 | 74.489998 | 91.919998 |
+---------+-----------------+--------------+-------------+-----------+-----------+
|     262 |        0.000256 |     1.959630 |    1.084862 | 74.685997 | 92.014000 |
+---------+-----------------+--------------+-------------+-----------+-----------+
|     263 |        0.000244 |     1.955390 |    1.103472 | 74.570000 | 91.986000 |
+---------+-----------------+--------------+-------------+-----------+-----------+
|     264 |        0.000232 |     1.953633 |    1.086682 | 74.636002 | 92.062004 |
+---------+-----------------+--------------+-------------+-----------+-----------+
|     265 |        0.000220 |     1.950408 |    1.087698 | 74.748001 | 92.077995 |
+---------+-----------------+--------------+-------------+-----------+-----------+
|     266 |        0.000209 |     1.945696 |    1.084199 | 74.832001 | 92.084000 |
+---------+-----------------+--------------+-------------+-----------+-----------+
|     267 |        0.000198 |     1.944832 |    1.087214 | 74.883995 | 92.116005 |
+---------+-----------------+--------------+-------------+-----------+-----------+
|     268 |        0.000187 |     1.940560 |    1.087282 | 74.729996 | 92.087997 |
+---------+-----------------+--------------+-------------+-----------+-----------+
|     269 |        0.000177 |     1.939126 |    1.095869 | 74.769997 | 92.043999 |
+---------+-----------------+--------------+-------------+-----------+-----------+
|     270 |        0.000166 |     1.937026 |    1.082100 | 74.907997 | 92.126007 |
+---------+-----------------+--------------+-------------+-----------+-----------+
|     271 |        0.000157 |     1.935286 |    1.082512 | 75.012001 | 92.129997 |
+---------+-----------------+--------------+-------------+-----------+-----------+
|     272 |        0.000147 |     1.930031 |    1.086037 | 75.000000 | 92.189995 |
+---------+-----------------+--------------+-------------+-----------+-----------+
|     273 |        0.000138 |     1.931921 |    1.086821 | 74.821999 | 92.078003 |
+---------+-----------------+--------------+-------------+-----------+-----------+
|     274 |        0.000129 |     1.925441 |    1.083097 | 74.912003 | 92.124001 |
+---------+-----------------+--------------+-------------+-----------+-----------+
|     275 |        0.000120 |     1.925042 |    1.085733 | 75.017998 | 92.104004 |
+---------+-----------------+--------------+-------------+-----------+-----------+
|     276 |        0.000112 |     1.925466 |    1.085605 | 74.925995 | 92.127998 |
+---------+-----------------+--------------+-------------+-----------+-----------+
|     277 |        0.000104 |     1.921582 |    1.074592 | 75.043991 | 92.132004 |
+---------+-----------------+--------------+-------------+-----------+-----------+
|     278 |        0.000096 |     1.919945 |    1.077491 | 75.002007 | 92.223991 |
+---------+-----------------+--------------+-------------+-----------+-----------+
|     279 |        0.000089 |     1.917654 |    1.086606 | 75.063995 | 92.112000 |
+---------+-----------------+--------------+-------------+-----------+-----------+
|     280 |        0.000082 |     1.916745 |    1.079001 | 75.007996 | 92.141998 |
+---------+-----------------+--------------+-------------+-----------+-----------+
|     281 |        0.000075 |     1.917009 |    1.077924 | 75.153999 | 92.139992 |
+---------+-----------------+--------------+-------------+-----------+-----------+
|     282 |        0.000069 |     1.912353 |    1.080171 | 75.096001 | 92.230003 |
+---------+-----------------+--------------+-------------+-----------+-----------+
|     283 |        0.000063 |     1.910496 |    1.075248 | 75.209999 | 92.210007 |
+---------+-----------------+--------------+-------------+-----------+-----------+
|     284 |        0.000057 |     1.909485 |    1.081686 | 75.134003 | 92.183990 |
+---------+-----------------+--------------+-------------+-----------+-----------+
|     285 |        0.000052 |     1.907954 |    1.075047 | 75.241997 | 92.153992 |
+---------+-----------------+--------------+-------------+-----------+-----------+
|     286 |        0.000047 |     1.907819 |    1.082881 | 75.123993 | 92.201996 |
+---------+-----------------+--------------+-------------+-----------+-----------+
|     287 |        0.000042 |     1.906765 |    1.074599 | 75.209999 | 92.237999 |
+---------+-----------------+--------------+-------------+-----------+-----------+
|     288 |        0.000038 |     1.903522 |    1.071124 | 75.248001 | 92.309998 |
+---------+-----------------+--------------+-------------+-----------+-----------+
|     289 |        0.000034 |     1.905504 |    1.072094 | 75.206001 | 92.267998 |
+---------+-----------------+--------------+-------------+-----------+-----------+
|     290 |        0.000030 |     1.904132 |    1.067895 | 75.283997 | 92.242004 |
+---------+-----------------+--------------+-------------+-----------+-----------+
|     291 |        0.000026 |     1.903609 |    1.072191 | 75.251999 | 92.276001 |
+---------+-----------------+--------------+-------------+-----------+-----------+
|     292 |        0.000023 |     1.902798 |    1.075038 | 75.185997 | 92.278000 |
+---------+-----------------+--------------+-------------+-----------+-----------+
|     293 |        0.000021 |     1.902764 |    1.073999 | 75.209999 | 92.301994 |
+---------+-----------------+--------------+-------------+-----------+-----------+
|     294 |        0.000018 |     1.900011 |    1.073739 | 75.188004 | 92.236000 |
+---------+-----------------+--------------+-------------+-----------+-----------+
|     295 |        0.000016 |     1.901025 |    1.073400 | 75.175995 | 92.302002 |
+---------+-----------------+--------------+-------------+-----------+-----------+
|     296 |        0.000014 |     1.898676 |    1.072709 | 75.150002 | 92.337997 |
+---------+-----------------+--------------+-------------+-----------+-----------+
|     297 |        0.000013 |     1.899423 |    1.063857 | 75.257996 | 92.316002 |
+---------+-----------------+--------------+-------------+-----------+-----------+
|     298 |        0.000011 |     1.898637 |    1.078379 | 75.201996 | 92.243996 |
+---------+-----------------+--------------+-------------+-----------+-----------+
|     299 |        0.000011 |     1.898629 |    1.072236 | 75.195999 | 92.313995 |
+---------+-----------------+--------------+-------------+-----------+-----------+
best top1: 75.28%		best top5: 92.34%