[2026-04-20 22:25:16]: INFO train dataset 48000 images, val dataset 12000 images
[2026-04-20 22:25:16]: INFO model: tinynext_t
[2026-04-20 22:25:16]: INFO number of params: 855508
[2026-04-20 22:25:16]: INFO {
  "batch_size": 32,
  "epochs": 20,
  "model": "tinynext_t",
  "srcpy": "",
  "input_size": 224,
  "opt": "adamw",
  "opt_eps": 1e-08,
  "opt_betas": null,
  "clip_grad": 0.02,
  "clip_mode": "agc",
  "momentum": 0.9,
  "weight_decay": 0.025,
  "sched": "cosine",
  "lr": 0.006,
  "lr_noise": null,
  "lr_noise_pct": 0.67,
  "lr_noise_std": 1.0,
  "warmup_lr": 1e-06,
  "min_lr": 1e-05,
  "decay_epochs": 30,
  "warmup_epochs": 5,
  "cooldown_epochs": 10,
  "patience_epochs": 10,
  "decay_rate": 0.1,
  "ThreeAugment": false,
  "color_jitter": 0.4,
  "aa": "rand-m9-mstd0.5-inc1",
  "smoothing": 0.1,
  "train_interpolation": "bicubic",
  "repeated_aug": false,
  "reprob": 0.0,
  "remode": "pixel",
  "recount": 1,
  "resplit": false,
  "mixup": 0.0,
  "cutmix": 0.0,
  "cutmix_minmax": null,
  "mixup_prob": 1.0,
  "mixup_switch_prob": 0.5,
  "mixup_mode": "batch",
  "teacher_model": "regnety_160",
  "teacher_path": "https://dl.fbaipublicfiles.com/deit/regnety_160-a5fe301d.pth",
  "distillation_type": "none",
  "distillation_alpha": 0.5,
  "distillation_tau": 1.0,
  "data_path": "f:\\CS_547_TinyNeXt_WESTAC\\Data\\mini_imagenet_100_folder",
  "data_set": "FOLDER",
  "train_split": "train",
  "val_split": "val",
  "num_classes": 100,
  "custom_mean": null,
  "custom_std": null,
  "inat_category": "name",
  "output_dir": "logs_exp2_mini_imagenet_cpu_retry/full/baseline/tinynext_t/2026_04_20_22H",
  "device": "cpu",
  "seed": 0,
  "resume": "",
  "start_epoch": 0,
  "eval": false,
  "dist_eval": true,
  "num_workers": 0,
  "pin_mem": true,
  "world_size": 1,
  "dist_url": "env://",
  "distributed": false
}
[2026-04-20 22:25:16]: INFO [Epoch 0]
[2026-04-20 22:25:20]: INFO >    1/1500  loss: 4.6095  time: 3.72s/it  eta: 1:32:53
[2026-04-20 22:28:44]: INFO >  101/1500  loss: 4.6168  time: 2.09s/it  eta: 0:48:02
[2026-04-20 22:32:19]: INFO >  201/1500  loss: 4.6116  time: 2.35s/it  eta: 0:45:34
[2026-04-20 22:36:02]: INFO >  301/1500  loss: 4.6001  time: 2.14s/it  eta: 0:42:54
[2026-04-20 22:39:40]: INFO >  401/1500  loss: 4.6010  time: 2.14s/it  eta: 0:39:29
[2026-04-20 22:43:20]: INFO >  501/1500  loss: 4.5953  time: 2.07s/it  eta: 0:36:01
[2026-04-20 22:46:55]: INFO >  601/1500  loss: 4.6005  time: 2.21s/it  eta: 0:32:24
[2026-04-20 22:50:31]: INFO >  701/1500  loss: 4.6106  time: 2.18s/it  eta: 0:28:48
[2026-04-20 22:54:00]: INFO >  801/1500  loss: 4.6164  time: 2.00s/it  eta: 0:25:06
[2026-04-20 22:57:25]: INFO >  901/1500  loss: 4.6019  time: 2.10s/it  eta: 0:21:24
[2026-04-20 23:00:48]: INFO > 1001/1500  loss: 4.6066  time: 2.07s/it  eta: 0:17:44
[2026-04-20 23:04:09]: INFO > 1101/1500  loss: 4.5847  time: 2.02s/it  eta: 0:14:07
[2026-04-20 23:07:29]: INFO > 1201/1500  loss: 4.6233  time: 1.96s/it  eta: 0:10:32
[2026-04-20 23:10:50]: INFO > 1301/1500  loss: 4.6036  time: 2.02s/it  eta: 0:07:00
[2026-04-20 23:14:10]: INFO > 1401/1500  loss: 4.5879  time: 1.97s/it  eta: 0:03:29
[2026-04-20 23:17:28]: INFO * train lr: 0.000001	loss: 4.6032	cost: 0:52:11
[2026-04-20 23:20:56]: INFO * eval  loss: 4.5924	top1: 1.97	top5: 8.31
[2026-04-20 23:20:57]: INFO * best top1: 1.97%
[2026-04-20 23:20:57]: INFO [Epoch 1]
[2026-04-20 23:20:59]: INFO >    1/1500  loss: 4.6005  time: 1.87s/it  eta: 0:46:38
[2026-04-20 23:23:54]: INFO >  101/1500  loss: 4.5967  time: 1.80s/it  eta: 0:40:51
[2026-04-20 23:26:34]: INFO >  201/1500  loss: 4.5912  time: 1.20s/it  eta: 0:36:21
[2026-04-20 23:28:38]: INFO >  301/1500  loss: 4.5824  time: 1.24s/it  eta: 0:30:38
[2026-04-20 23:30:42]: INFO >  401/1500  loss: 4.5827  time: 1.29s/it  eta: 0:26:45
[2026-04-20 23:32:47]: INFO >  501/1500  loss: 4.5940  time: 1.24s/it  eta: 0:23:36
[2026-04-20 23:34:50]: INFO >  601/1500  loss: 4.6044  time: 1.24s/it  eta: 0:20:48
[2026-04-20 23:36:54]: INFO >  701/1500  loss: 4.5881  time: 1.24s/it  eta: 0:18:12
[2026-04-20 23:38:57]: INFO >  801/1500  loss: 4.5909  time: 1.20s/it  eta: 0:15:43
[2026-04-20 23:41:00]: INFO >  901/1500  loss: 4.6147  time: 1.24s/it  eta: 0:13:21
[2026-04-20 23:43:03]: INFO > 1001/1500  loss: 4.5980  time: 1.32s/it  eta: 0:11:02
[2026-04-20 23:45:06]: INFO > 1101/1500  loss: 4.6080  time: 1.22s/it  eta: 0:08:46
[2026-04-20 23:47:10]: INFO > 1201/1500  loss: 4.6003  time: 1.22s/it  eta: 0:06:32
[2026-04-20 23:49:13]: INFO > 1301/1500  loss: 4.5874  time: 1.20s/it  eta: 0:04:20
[2026-04-20 23:51:16]: INFO > 1401/1500  loss: 4.5934  time: 1.23s/it  eta: 0:02:09
[2026-04-20 23:53:18]: INFO * train lr: 0.000001	loss: 4.5949	cost: 0:32:20
[2026-04-20 23:55:41]: INFO * eval  loss: 4.5795	top1: 2.81	top5: 11.20
[2026-04-20 23:55:42]: INFO * best top1: 2.81%
[2026-04-20 23:55:42]: INFO [Epoch 2]
[2026-04-20 23:55:43]: INFO >    1/1500  loss: 4.5909  time: 1.23s/it  eta: 0:30:47
[2026-04-20 23:57:44]: INFO >  101/1500  loss: 4.6057  time: 1.22s/it  eta: 0:28:18
[2026-04-20 23:59:44]: INFO >  201/1500  loss: 4.5861  time: 1.22s/it  eta: 0:26:09
[2026-04-21 00:01:45]: INFO >  301/1500  loss: 4.5818  time: 1.18s/it  eta: 0:24:07
[2026-04-21 00:03:46]: INFO >  401/1500  loss: 4.5765  time: 1.27s/it  eta: 0:22:07
[2026-04-21 00:05:47]: INFO >  501/1500  loss: 4.5743  time: 1.17s/it  eta: 0:20:08
[2026-04-21 00:07:48]: INFO >  601/1500  loss: 4.5794  time: 1.21s/it  eta: 0:18:07
[2026-04-21 00:09:49]: INFO >  701/1500  loss: 4.4970  time: 1.21s/it  eta: 0:16:07
[2026-04-21 00:11:50]: INFO >  801/1500  loss: 4.5244  time: 1.19s/it  eta: 0:14:06
[2026-04-21 00:13:51]: INFO >  901/1500  loss: 4.5204  time: 1.22s/it  eta: 0:12:05
[2026-04-21 00:15:53]: INFO > 1001/1500  loss: 4.4950  time: 1.29s/it  eta: 0:10:05
[2026-04-21 00:17:55]: INFO > 1101/1500  loss: 4.5833  time: 1.21s/it  eta: 0:08:04
[2026-04-21 00:19:57]: INFO > 1201/1500  loss: 4.6034  time: 1.21s/it  eta: 0:06:03
[2026-04-21 00:21:59]: INFO > 1301/1500  loss: 4.5274  time: 1.19s/it  eta: 0:04:02
[2026-04-21 00:24:00]: INFO > 1401/1500  loss: 4.5145  time: 1.26s/it  eta: 0:02:01
[2026-04-21 00:26:01]: INFO * train lr: 0.001201	loss: 4.5647	cost: 0:30:18
[2026-04-21 00:28:25]: INFO * eval  loss: 4.4609	top1: 3.47	top5: 14.48
[2026-04-21 00:28:25]: INFO * best top1: 3.47%
[2026-04-21 00:28:25]: INFO [Epoch 3]
[2026-04-21 00:28:27]: INFO >    1/1500  loss: 4.4680  time: 1.21s/it  eta: 0:30:08
[2026-04-21 00:30:29]: INFO >  101/1500  loss: 4.5637  time: 1.20s/it  eta: 0:28:25
[2026-04-21 00:32:31]: INFO >  201/1500  loss: 4.5627  time: 1.20s/it  eta: 0:26:26
[2026-04-21 00:34:33]: INFO >  301/1500  loss: 4.5872  time: 1.22s/it  eta: 0:24:25
[2026-04-21 00:36:35]: INFO >  401/1500  loss: 4.4574  time: 1.29s/it  eta: 0:22:22
[2026-04-21 00:38:37]: INFO >  501/1500  loss: 4.5210  time: 1.19s/it  eta: 0:20:19
[2026-04-21 00:40:38]: INFO >  601/1500  loss: 4.5576  time: 1.21s/it  eta: 0:18:17
[2026-04-21 00:42:40]: INFO >  701/1500  loss: 4.5247  time: 1.19s/it  eta: 0:16:15
[2026-04-21 00:44:42]: INFO >  801/1500  loss: 4.5945  time: 1.22s/it  eta: 0:14:13
[2026-04-21 00:46:44]: INFO >  901/1500  loss: 4.5956  time: 1.22s/it  eta: 0:12:11
[2026-04-21 00:48:45]: INFO > 1001/1500  loss: 4.5701  time: 1.30s/it  eta: 0:10:09
[2026-04-21 00:50:47]: INFO > 1101/1500  loss: 4.5347  time: 1.20s/it  eta: 0:08:07
[2026-04-21 00:52:49]: INFO > 1201/1500  loss: 4.5804  time: 1.23s/it  eta: 0:06:05
[2026-04-21 00:54:51]: INFO > 1301/1500  loss: 4.5338  time: 1.19s/it  eta: 0:04:03
[2026-04-21 00:56:53]: INFO > 1401/1500  loss: 4.4760  time: 1.22s/it  eta: 0:02:01
[2026-04-21 00:58:54]: INFO * train lr: 0.002401	loss: 4.5510	cost: 0:30:28
[2026-04-21 01:01:19]: INFO * eval  loss: 4.4602	top1: 3.91	top5: 14.82
[2026-04-21 01:01:19]: INFO * best top1: 3.91%
[2026-04-21 01:01:19]: INFO [Epoch 4]
[2026-04-21 01:01:21]: INFO >    1/1500  loss: 4.4876  time: 1.24s/it  eta: 0:30:54
[2026-04-21 01:03:23]: INFO >  101/1500  loss: 4.5420  time: 1.22s/it  eta: 0:28:28
[2026-04-21 01:05:25]: INFO >  201/1500  loss: 4.5545  time: 1.21s/it  eta: 0:26:29
[2026-04-21 01:07:28]: INFO >  301/1500  loss: 4.4577  time: 1.29s/it  eta: 0:24:27
[2026-04-21 01:09:30]: INFO >  401/1500  loss: 4.4338  time: 1.26s/it  eta: 0:22:26
[2026-04-21 01:11:33]: INFO >  501/1500  loss: 4.3807  time: 1.18s/it  eta: 0:20:24
[2026-04-21 01:13:35]: INFO >  601/1500  loss: 4.5626  time: 1.29s/it  eta: 0:18:21
[2026-04-21 01:15:38]: INFO >  701/1500  loss: 4.4126  time: 1.21s/it  eta: 0:16:19
[2026-04-21 01:17:40]: INFO >  801/1500  loss: 4.5481  time: 1.19s/it  eta: 0:14:17
[2026-04-21 01:19:43]: INFO >  901/1500  loss: 4.6567  time: 1.26s/it  eta: 0:12:14
[2026-04-21 01:21:46]: INFO > 1001/1500  loss: 4.4419  time: 1.29s/it  eta: 0:10:12
[2026-04-21 01:23:49]: INFO > 1101/1500  loss: 4.4533  time: 1.23s/it  eta: 0:08:10
[2026-04-21 01:25:51]: INFO > 1201/1500  loss: 4.4462  time: 1.21s/it  eta: 0:06:07
[2026-04-21 01:27:54]: INFO > 1301/1500  loss: 4.4120  time: 1.21s/it  eta: 0:04:05
[2026-04-21 01:30:02]: INFO > 1401/1500  loss: 4.4154  time: 1.41s/it  eta: 0:02:02
[2026-04-21 01:32:20]: INFO * train lr: 0.003600	loss: 4.5076	cost: 0:31:00
[2026-04-21 01:35:46]: INFO * eval  loss: 4.3696	top1: 5.47	top5: 18.43
[2026-04-21 01:35:46]: INFO * best top1: 5.47%
[2026-04-21 01:35:46]: INFO [Epoch 5]
[2026-04-21 01:35:47]: INFO >    1/1500  loss: 4.5190  time: 1.38s/it  eta: 0:34:27
[2026-04-21 01:38:06]: INFO >  101/1500  loss: 4.5284  time: 1.42s/it  eta: 0:32:22
[2026-04-21 01:40:25]: INFO >  201/1500  loss: 4.4971  time: 1.36s/it  eta: 0:30:01
[2026-04-21 01:42:44]: INFO >  301/1500  loss: 4.4876  time: 1.40s/it  eta: 0:27:45
[2026-04-21 01:45:03]: INFO >  401/1500  loss: 4.4203  time: 1.43s/it  eta: 0:25:27
[2026-04-21 01:47:23]: INFO >  501/1500  loss: 4.4423  time: 1.35s/it  eta: 0:23:10
[2026-04-21 01:49:43]: INFO >  601/1500  loss: 4.4504  time: 1.39s/it  eta: 0:20:52
[2026-04-21 01:52:03]: INFO >  701/1500  loss: 4.2774  time: 1.41s/it  eta: 0:18:34
[2026-04-21 01:54:22]: INFO >  801/1500  loss: 4.4761  time: 1.37s/it  eta: 0:16:15
[2026-04-21 01:56:42]: INFO >  901/1500  loss: 4.4988  time: 1.41s/it  eta: 0:13:56
[2026-04-21 01:59:02]: INFO > 1001/1500  loss: 4.4809  time: 1.53s/it  eta: 0:11:37
[2026-04-21 02:01:21]: INFO > 1101/1500  loss: 4.2928  time: 1.38s/it  eta: 0:09:17
[2026-04-21 02:03:41]: INFO > 1201/1500  loss: 4.4242  time: 1.40s/it  eta: 0:06:58
[2026-04-21 02:06:02]: INFO > 1301/1500  loss: 4.4683  time: 1.41s/it  eta: 0:04:39
[2026-04-21 02:08:18]: INFO > 1401/1500  loss: 4.4760  time: 1.24s/it  eta: 0:02:19
[2026-04-21 02:10:22]: INFO * train lr: 0.004800	loss: 4.4762	cost: 0:34:36
[2026-04-21 02:12:55]: INFO * eval  loss: 4.3585	top1: 5.56	top5: 18.88
[2026-04-21 02:12:56]: INFO * best top1: 5.56%
[2026-04-21 02:12:56]: INFO [Epoch 6]
[2026-04-21 02:12:57]: INFO >    1/1500  loss: 4.3562  time: 1.25s/it  eta: 0:31:15
[2026-04-21 02:15:02]: INFO >  101/1500  loss: 4.2472  time: 1.26s/it  eta: 0:29:13
[2026-04-21 02:17:08]: INFO >  201/1500  loss: 4.3234  time: 1.23s/it  eta: 0:27:08
[2026-04-21 02:19:13]: INFO >  301/1500  loss: 4.4562  time: 1.25s/it  eta: 0:25:01
[2026-04-21 02:21:18]: INFO >  401/1500  loss: 4.5008  time: 1.29s/it  eta: 0:22:57
[2026-04-21 02:23:24]: INFO >  501/1500  loss: 4.4221  time: 1.22s/it  eta: 0:20:53
[2026-04-21 02:25:29]: INFO >  601/1500  loss: 4.3324  time: 1.30s/it  eta: 0:18:47
[2026-04-21 02:27:34]: INFO >  701/1500  loss: 4.3189  time: 1.24s/it  eta: 0:16:42
[2026-04-21 02:29:40]: INFO >  801/1500  loss: 4.3066  time: 1.24s/it  eta: 0:14:37
[2026-04-21 02:31:46]: INFO >  901/1500  loss: 4.6531  time: 1.27s/it  eta: 0:12:32
[2026-04-21 02:33:52]: INFO > 1001/1500  loss: 4.4100  time: 1.33s/it  eta: 0:10:27
[2026-04-21 02:35:58]: INFO > 1101/1500  loss: 4.3742  time: 1.23s/it  eta: 0:08:22
[2026-04-21 02:38:04]: INFO > 1201/1500  loss: 4.4196  time: 1.27s/it  eta: 0:06:16
[2026-04-21 02:40:11]: INFO > 1301/1500  loss: 4.3110  time: 1.24s/it  eta: 0:04:11
[2026-04-21 02:42:17]: INFO > 1401/1500  loss: 4.1904  time: 1.28s/it  eta: 0:02:05
[2026-04-21 02:44:22]: INFO * train lr: 0.005123	loss: 4.3896	cost: 0:31:25
[2026-04-21 02:46:58]: INFO * eval  loss: 4.0898	top1: 8.88	top5: 26.24
[2026-04-21 02:46:59]: INFO * best top1: 8.88%
[2026-04-21 02:46:59]: INFO [Epoch 7]
[2026-04-21 02:47:00]: INFO >    1/1500  loss: 4.2993  time: 1.25s/it  eta: 0:31:13
[2026-04-21 02:49:07]: INFO >  101/1500  loss: 4.1888  time: 1.29s/it  eta: 0:29:31
[2026-04-21 02:51:13]: INFO >  201/1500  loss: 4.3075  time: 1.23s/it  eta: 0:27:23
[2026-04-21 02:53:19]: INFO >  301/1500  loss: 4.4649  time: 1.26s/it  eta: 0:25:16
[2026-04-21 02:55:26]: INFO >  401/1500  loss: 4.3660  time: 1.32s/it  eta: 0:23:11
[2026-04-21 02:57:33]: INFO >  501/1500  loss: 4.2216  time: 1.25s/it  eta: 0:21:06
[2026-04-21 02:59:40]: INFO >  601/1500  loss: 4.1631  time: 1.26s/it  eta: 0:19:00
[2026-04-21 03:01:47]: INFO >  701/1500  loss: 4.0939  time: 1.23s/it  eta: 0:16:54
[2026-04-21 03:03:54]: INFO >  801/1500  loss: 4.4359  time: 1.24s/it  eta: 0:14:46
[2026-04-21 03:06:01]: INFO >  901/1500  loss: 4.2905  time: 1.27s/it  eta: 0:12:40
[2026-04-21 03:08:08]: INFO > 1001/1500  loss: 4.2320  time: 1.31s/it  eta: 0:10:33
[2026-04-21 03:10:14]: INFO > 1101/1500  loss: 4.0583  time: 1.25s/it  eta: 0:08:27
[2026-04-21 03:12:21]: INFO > 1201/1500  loss: 4.3022  time: 1.27s/it  eta: 0:06:20
[2026-04-21 03:14:28]: INFO > 1301/1500  loss: 4.0901  time: 1.24s/it  eta: 0:04:13
[2026-04-21 03:16:36]: INFO > 1401/1500  loss: 4.1844  time: 1.28s/it  eta: 0:02:06
[2026-04-21 03:18:42]: INFO * train lr: 0.004765	loss: 4.3050	cost: 0:31:43
[2026-04-21 03:21:19]: INFO * eval  loss: 3.9979	top1: 9.84	top5: 30.45
[2026-04-21 03:21:20]: INFO * best top1: 9.84%
[2026-04-21 03:21:20]: INFO [Epoch 8]
[2026-04-21 03:21:21]: INFO >    1/1500  loss: 4.1705  time: 1.29s/it  eta: 0:32:20
[2026-04-21 03:23:29]: INFO >  101/1500  loss: 4.2809  time: 1.36s/it  eta: 0:29:47
[2026-04-21 03:25:37]: INFO >  201/1500  loss: 4.3678  time: 1.25s/it  eta: 0:27:42
[2026-04-21 03:27:45]: INFO >  301/1500  loss: 4.2666  time: 1.28s/it  eta: 0:25:34
[2026-04-21 03:29:53]: INFO >  401/1500  loss: 4.3171  time: 1.33s/it  eta: 0:23:26
[2026-04-21 03:32:01]: INFO >  501/1500  loss: 4.2627  time: 1.29s/it  eta: 0:21:20
[2026-04-21 03:34:20]: INFO >  601/1500  loss: 4.2753  time: 1.87s/it  eta: 0:19:28
[2026-04-21 03:37:24]: INFO >  701/1500  loss: 4.0627  time: 1.96s/it  eta: 0:18:19
[2026-04-21 03:40:25]: INFO >  801/1500  loss: 4.3348  time: 1.84s/it  eta: 0:16:40
[2026-04-21 03:42:50]: INFO >  901/1500  loss: 4.3695  time: 1.28s/it  eta: 0:14:18
[2026-04-21 03:44:57]: INFO > 1001/1500  loss: 4.2521  time: 1.37s/it  eta: 0:11:48
[2026-04-21 03:47:05]: INFO > 1101/1500  loss: 4.0576  time: 1.27s/it  eta: 0:09:21
[2026-04-21 03:49:13]: INFO > 1201/1500  loss: 4.1835  time: 1.27s/it  eta: 0:06:57
[2026-04-21 03:51:21]: INFO > 1301/1500  loss: 4.1204  time: 1.25s/it  eta: 0:04:36
[2026-04-21 03:53:28]: INFO > 1401/1500  loss: 4.0741  time: 1.27s/it  eta: 0:02:17
[2026-04-21 03:55:35]: INFO * train lr: 0.004365	loss: 4.2711	cost: 0:34:15
[2026-04-21 03:58:16]: INFO * eval  loss: 3.9884	top1: 12.43	top5: 31.91
[2026-04-21 03:58:17]: INFO * best top1: 12.43%
[2026-04-21 03:58:17]: INFO [Epoch 9]
[2026-04-21 03:58:18]: INFO >    1/1500  loss: 4.0805  time: 1.26s/it  eta: 0:31:30
[2026-04-21 04:00:26]: INFO >  101/1500  loss: 4.3122  time: 1.26s/it  eta: 0:29:46
[2026-04-21 04:02:34]: INFO >  201/1500  loss: 4.2181  time: 1.24s/it  eta: 0:27:41
[2026-04-21 04:04:41]: INFO >  301/1500  loss: 4.0917  time: 1.27s/it  eta: 0:25:32
[2026-04-21 04:06:49]: INFO >  401/1500  loss: 4.2079  time: 1.30s/it  eta: 0:23:24
[2026-04-21 04:08:57]: INFO >  501/1500  loss: 4.2020  time: 1.27s/it  eta: 0:21:18
[2026-04-21 04:11:05]: INFO >  601/1500  loss: 4.1826  time: 1.27s/it  eta: 0:19:10
[2026-04-21 04:13:13]: INFO >  701/1500  loss: 4.2877  time: 1.26s/it  eta: 0:17:02
[2026-04-21 04:15:20]: INFO >  801/1500  loss: 4.3420  time: 1.26s/it  eta: 0:14:53
[2026-04-21 04:17:27]: INFO >  901/1500  loss: 4.2223  time: 1.28s/it  eta: 0:12:46
[2026-04-21 04:19:35]: INFO > 1001/1500  loss: 4.1039  time: 1.33s/it  eta: 0:10:38
[2026-04-21 04:21:43]: INFO > 1101/1500  loss: 4.0639  time: 1.26s/it  eta: 0:08:30
[2026-04-21 04:23:51]: INFO > 1201/1500  loss: 4.2430  time: 1.25s/it  eta: 0:06:23
[2026-04-21 04:25:58]: INFO > 1301/1500  loss: 4.0983  time: 1.26s/it  eta: 0:04:15
[2026-04-21 04:28:06]: INFO > 1401/1500  loss: 4.0730  time: 1.28s/it  eta: 0:02:07
[2026-04-21 04:30:12]: INFO * train lr: 0.003931	loss: 4.2307	cost: 0:31:55
[2026-04-21 04:32:51]: INFO * eval  loss: 3.9488	top1: 12.86	top5: 33.33
[2026-04-21 04:32:52]: INFO * best top1: 12.86%
[2026-04-21 04:32:52]: INFO [Epoch 10]
[2026-04-21 04:32:53]: INFO >    1/1500  loss: 4.2124  time: 1.29s/it  eta: 0:32:19
[2026-04-21 04:35:01]: INFO >  101/1500  loss: 4.3537  time: 1.38s/it  eta: 0:29:54
[2026-04-21 04:37:11]: INFO >  201/1500  loss: 4.1910  time: 1.27s/it  eta: 0:27:56
[2026-04-21 04:39:21]: INFO >  301/1500  loss: 4.0451  time: 1.30s/it  eta: 0:25:52
[2026-04-21 04:41:37]: INFO >  401/1500  loss: 4.2928  time: 1.36s/it  eta: 0:24:01
[2026-04-21 04:43:45]: INFO >  501/1500  loss: 4.3025  time: 1.27s/it  eta: 0:21:44
[2026-04-21 04:45:53]: INFO >  601/1500  loss: 4.1555  time: 1.28s/it  eta: 0:19:30
[2026-04-21 04:48:01]: INFO >  701/1500  loss: 4.1209  time: 1.27s/it  eta: 0:17:17
[2026-04-21 04:50:08]: INFO >  801/1500  loss: 4.3828  time: 1.26s/it  eta: 0:15:05
[2026-04-21 04:52:16]: INFO >  901/1500  loss: 4.2101  time: 1.26s/it  eta: 0:12:55
[2026-04-21 04:54:24]: INFO > 1001/1500  loss: 4.1865  time: 1.35s/it  eta: 0:10:45
[2026-04-21 04:56:31]: INFO > 1101/1500  loss: 4.1367  time: 1.36s/it  eta: 0:08:35
[2026-04-21 04:58:39]: INFO > 1201/1500  loss: 4.2411  time: 1.27s/it  eta: 0:06:26
[2026-04-21 05:00:47]: INFO > 1301/1500  loss: 4.3721  time: 1.25s/it  eta: 0:04:17
[2026-04-21 05:02:54]: INFO > 1401/1500  loss: 3.9125  time: 1.26s/it  eta: 0:02:08
[2026-04-21 05:05:01]: INFO * train lr: 0.003474	loss: 4.2112	cost: 0:32:09
[2026-04-21 05:07:41]: INFO * eval  loss: 3.8437	top1: 15.70	top5: 37.00
[2026-04-21 05:07:41]: INFO * best top1: 15.70%
[2026-04-21 05:07:41]: INFO [Epoch 11]
[2026-04-21 05:07:42]: INFO >    1/1500  loss: 3.9213  time: 1.27s/it  eta: 0:31:41
[2026-04-21 05:09:49]: INFO >  101/1500  loss: 4.3919  time: 1.30s/it  eta: 0:29:41
[2026-04-21 05:11:56]: INFO >  201/1500  loss: 4.2228  time: 1.26s/it  eta: 0:27:32
[2026-04-21 05:14:04]: INFO >  301/1500  loss: 4.3312  time: 1.25s/it  eta: 0:25:26
[2026-04-21 05:16:11]: INFO >  401/1500  loss: 4.1986  time: 1.32s/it  eta: 0:23:19
[2026-04-21 05:18:19]: INFO >  501/1500  loss: 4.1364  time: 1.25s/it  eta: 0:21:13
[2026-04-21 05:20:26]: INFO >  601/1500  loss: 4.1170  time: 1.28s/it  eta: 0:19:06
[2026-04-21 05:22:35]: INFO >  701/1500  loss: 4.1719  time: 1.27s/it  eta: 0:17:00
[2026-04-21 05:24:42]: INFO >  801/1500  loss: 4.3290  time: 1.24s/it  eta: 0:14:52
[2026-04-21 05:26:49]: INFO >  901/1500  loss: 4.2320  time: 1.27s/it  eta: 0:12:44
[2026-04-21 05:28:56]: INFO > 1001/1500  loss: 4.2244  time: 1.38s/it  eta: 0:10:37
[2026-04-21 05:31:04]: INFO > 1101/1500  loss: 4.2579  time: 1.28s/it  eta: 0:08:29
[2026-04-21 05:33:11]: INFO > 1201/1500  loss: 4.0068  time: 1.29s/it  eta: 0:06:22
[2026-04-21 05:35:19]: INFO > 1301/1500  loss: 4.0291  time: 1.24s/it  eta: 0:04:14
[2026-04-21 05:37:26]: INFO > 1401/1500  loss: 3.9084  time: 1.27s/it  eta: 0:02:07
[2026-04-21 05:39:32]: INFO * train lr: 0.003005	loss: 4.1914	cost: 0:31:51
[2026-04-21 05:42:09]: INFO * eval  loss: 3.8682	top1: 15.92	top5: 37.56
[2026-04-21 05:42:10]: INFO * best top1: 15.92%
[2026-04-21 05:42:10]: INFO [Epoch 12]
[2026-04-21 05:42:11]: INFO >    1/1500  loss: 3.9534  time: 1.29s/it  eta: 0:32:12
[2026-04-21 05:44:18]: INFO >  101/1500  loss: 4.4504  time: 1.29s/it  eta: 0:29:40
[2026-04-21 05:46:25]: INFO >  201/1500  loss: 4.1910  time: 1.24s/it  eta: 0:27:32
[2026-04-21 05:48:32]: INFO >  301/1500  loss: 4.3044  time: 1.35s/it  eta: 0:25:24
[2026-04-21 05:50:40]: INFO >  401/1500  loss: 4.1434  time: 1.33s/it  eta: 0:23:18
[2026-04-21 05:52:47]: INFO >  501/1500  loss: 4.0876  time: 1.25s/it  eta: 0:21:12
[2026-04-21 05:54:54]: INFO >  601/1500  loss: 4.0276  time: 1.27s/it  eta: 0:19:05
[2026-04-21 05:57:02]: INFO >  701/1500  loss: 4.0476  time: 1.28s/it  eta: 0:16:58
[2026-04-21 05:59:09]: INFO >  801/1500  loss: 4.3986  time: 1.26s/it  eta: 0:14:50
[2026-04-21 06:01:17]: INFO >  901/1500  loss: 4.1823  time: 1.27s/it  eta: 0:12:43
[2026-04-21 06:03:24]: INFO > 1001/1500  loss: 4.1696  time: 1.38s/it  eta: 0:10:36
[2026-04-21 06:05:32]: INFO > 1101/1500  loss: 3.9037  time: 1.34s/it  eta: 0:08:29
[2026-04-21 06:07:40]: INFO > 1201/1500  loss: 4.1318  time: 1.28s/it  eta: 0:06:22
[2026-04-21 06:09:48]: INFO > 1301/1500  loss: 4.1213  time: 1.25s/it  eta: 0:04:14
[2026-04-21 06:11:55]: INFO > 1401/1500  loss: 4.0116  time: 1.36s/it  eta: 0:02:07
[2026-04-21 06:14:02]: INFO * train lr: 0.002536	loss: 4.1607	cost: 0:31:52
[2026-04-21 06:16:40]: INFO * eval  loss: 3.8254	top1: 16.89	top5: 38.90
[2026-04-21 06:16:41]: INFO * best top1: 16.89%
[2026-04-21 06:16:41]: INFO [Epoch 13]
[2026-04-21 06:16:42]: INFO >    1/1500  loss: 3.8129  time: 1.30s/it  eta: 0:32:34
[2026-04-21 06:18:49]: INFO >  101/1500  loss: 4.0957  time: 1.28s/it  eta: 0:29:44
[2026-04-21 06:20:56]: INFO >  201/1500  loss: 3.9811  time: 1.25s/it  eta: 0:27:33
[2026-04-21 06:23:03]: INFO >  301/1500  loss: 4.0676  time: 1.25s/it  eta: 0:25:24
[2026-04-21 06:25:10]: INFO >  401/1500  loss: 4.2001  time: 1.33s/it  eta: 0:23:17
[2026-04-21 06:27:18]: INFO >  501/1500  loss: 4.0481  time: 1.26s/it  eta: 0:21:11
[2026-04-21 06:29:25]: INFO >  601/1500  loss: 4.1029  time: 1.25s/it  eta: 0:19:04
[2026-04-21 06:31:32]: INFO >  701/1500  loss: 4.2408  time: 1.36s/it  eta: 0:16:57
[2026-04-21 06:33:39]: INFO >  801/1500  loss: 4.4303  time: 1.25s/it  eta: 0:14:49
[2026-04-21 06:35:46]: INFO >  901/1500  loss: 4.1766  time: 1.27s/it  eta: 0:12:42
[2026-04-21 06:37:53]: INFO > 1001/1500  loss: 4.1854  time: 1.34s/it  eta: 0:10:35
[2026-04-21 06:40:00]: INFO > 1101/1500  loss: 4.1678  time: 1.27s/it  eta: 0:08:28
[2026-04-21 06:42:07]: INFO > 1201/1500  loss: 4.0912  time: 1.25s/it  eta: 0:06:21
[2026-04-21 06:44:14]: INFO > 1301/1500  loss: 3.8595  time: 1.25s/it  eta: 0:04:14
[2026-04-21 06:46:21]: INFO > 1401/1500  loss: 4.0309  time: 1.28s/it  eta: 0:02:07
[2026-04-21 06:48:26]: INFO * train lr: 0.002079	loss: 4.1271	cost: 0:31:45
[2026-04-21 06:51:03]: INFO * eval  loss: 3.7014	top1: 20.75	top5: 44.28
[2026-04-21 06:51:04]: INFO * best top1: 20.75%
[2026-04-21 06:51:04]: INFO [Epoch 14]
[2026-04-21 06:51:05]: INFO >    1/1500  loss: 3.9014  time: 1.28s/it  eta: 0:31:56
[2026-04-21 06:53:13]: INFO >  101/1500  loss: 4.1870  time: 1.28s/it  eta: 0:29:42
[2026-04-21 06:55:20]: INFO >  201/1500  loss: 4.0522  time: 1.25s/it  eta: 0:27:33
[2026-04-21 06:57:26]: INFO >  301/1500  loss: 4.1622  time: 1.25s/it  eta: 0:25:23
[2026-04-21 06:59:33]: INFO >  401/1500  loss: 3.8649  time: 1.39s/it  eta: 0:23:16
[2026-04-21 07:01:40]: INFO >  501/1500  loss: 3.9377  time: 1.25s/it  eta: 0:21:10
[2026-04-21 07:03:48]: INFO >  601/1500  loss: 4.1363  time: 1.30s/it  eta: 0:19:03
[2026-04-21 07:05:55]: INFO >  701/1500  loss: 4.0738  time: 1.25s/it  eta: 0:16:56
[2026-04-21 07:08:01]: INFO >  801/1500  loss: 4.2772  time: 1.27s/it  eta: 0:14:48
[2026-04-21 07:10:08]: INFO >  901/1500  loss: 4.1527  time: 1.26s/it  eta: 0:12:41
[2026-04-21 07:12:15]: INFO > 1001/1500  loss: 4.0844  time: 1.40s/it  eta: 0:10:34
[2026-04-21 07:14:22]: INFO > 1101/1500  loss: 3.9400  time: 1.26s/it  eta: 0:08:27
[2026-04-21 07:16:29]: INFO > 1201/1500  loss: 3.9898  time: 1.26s/it  eta: 0:06:20
[2026-04-21 07:18:37]: INFO > 1301/1500  loss: 3.9297  time: 1.25s/it  eta: 0:04:14
[2026-04-21 07:20:43]: INFO > 1401/1500  loss: 3.9390  time: 1.25s/it  eta: 0:02:06
[2026-04-21 07:22:49]: INFO * train lr: 0.001645	loss: 4.0976	cost: 0:31:44
[2026-04-21 07:25:25]: INFO * eval  loss: 3.7003	top1: 21.58	top5: 44.68
[2026-04-21 07:25:25]: INFO * best top1: 21.58%
[2026-04-21 07:25:25]: INFO [Epoch 15]
[2026-04-21 07:25:26]: INFO >    1/1500  loss: 4.0053  time: 1.27s/it  eta: 0:31:41
[2026-04-21 07:27:33]: INFO >  101/1500  loss: 4.0543  time: 1.38s/it  eta: 0:29:35
[2026-04-21 07:29:40]: INFO >  201/1500  loss: 4.1433  time: 1.23s/it  eta: 0:27:25
[2026-04-21 07:31:46]: INFO >  301/1500  loss: 4.0500  time: 1.26s/it  eta: 0:25:17
[2026-04-21 07:33:53]: INFO >  401/1500  loss: 3.9082  time: 1.33s/it  eta: 0:23:12
[2026-04-21 07:35:59]: INFO >  501/1500  loss: 3.8829  time: 1.23s/it  eta: 0:21:06
[2026-04-21 07:38:06]: INFO >  601/1500  loss: 3.9265  time: 1.27s/it  eta: 0:18:59
[2026-04-21 07:40:37]: INFO >  701/1500  loss: 3.8967  time: 1.26s/it  eta: 0:17:20
[2026-04-21 07:43:17]: INFO >  801/1500  loss: 4.2355  time: 1.76s/it  eta: 0:15:37
[2026-04-21 07:46:14]: INFO >  901/1500  loss: 4.1114  time: 1.83s/it  eta: 0:13:51
[2026-04-21 07:49:18]: INFO > 1001/1500  loss: 4.0697  time: 1.35s/it  eta: 0:11:55
[2026-04-21 07:51:25]: INFO > 1101/1500  loss: 3.7890  time: 1.39s/it  eta: 0:09:26
[2026-04-21 07:53:32]: INFO > 1201/1500  loss: 3.9819  time: 1.26s/it  eta: 0:07:01
[2026-04-21 07:55:38]: INFO > 1301/1500  loss: 4.1486  time: 1.25s/it  eta: 0:04:38
[2026-04-21 07:57:44]: INFO > 1401/1500  loss: 4.0200  time: 1.28s/it  eta: 0:02:18
[2026-04-21 07:59:49]: INFO * train lr: 0.001245	loss: 4.0534	cost: 0:34:24
[2026-04-21 08:02:23]: INFO * eval  loss: 3.6106	top1: 24.99	top5: 50.40
[2026-04-21 08:02:24]: INFO * best top1: 24.99%
[2026-04-21 08:02:24]: INFO [Epoch 16]
[2026-04-21 08:02:25]: INFO >    1/1500  loss: 3.6308  time: 1.27s/it  eta: 0:31:44
[2026-04-21 08:04:31]: INFO >  101/1500  loss: 4.1579  time: 1.27s/it  eta: 0:29:29
[2026-04-21 08:06:38]: INFO >  201/1500  loss: 4.0934  time: 1.25s/it  eta: 0:27:21
[2026-04-21 08:08:44]: INFO >  301/1500  loss: 3.8319  time: 1.28s/it  eta: 0:25:14
[2026-04-21 08:10:50]: INFO >  401/1500  loss: 3.9818  time: 1.29s/it  eta: 0:23:09
[2026-04-21 08:12:57]: INFO >  501/1500  loss: 3.9776  time: 1.24s/it  eta: 0:21:03
[2026-04-21 08:15:04]: INFO >  601/1500  loss: 4.2199  time: 1.25s/it  eta: 0:18:57
[2026-04-21 08:17:10]: INFO >  701/1500  loss: 3.9482  time: 1.30s/it  eta: 0:16:51
[2026-04-21 08:19:16]: INFO >  801/1500  loss: 4.1291  time: 1.23s/it  eta: 0:14:44
[2026-04-21 08:21:21]: INFO >  901/1500  loss: 4.2509  time: 1.25s/it  eta: 0:12:37
[2026-04-21 08:23:27]: INFO > 1001/1500  loss: 4.0652  time: 1.33s/it  eta: 0:10:31
[2026-04-21 08:25:34]: INFO > 1101/1500  loss: 3.9655  time: 1.31s/it  eta: 0:08:24
[2026-04-21 08:27:40]: INFO > 1201/1500  loss: 3.9087  time: 1.23s/it  eta: 0:06:18
[2026-04-21 08:29:46]: INFO > 1301/1500  loss: 3.8277  time: 1.24s/it  eta: 0:04:12
[2026-04-21 08:31:52]: INFO > 1401/1500  loss: 3.8183  time: 1.26s/it  eta: 0:02:06
[2026-04-21 08:33:58]: INFO * train lr: 0.000887	loss: 4.0156	cost: 0:31:33
[2026-04-21 08:36:55]: INFO * eval  loss: 3.4774	top1: 29.21	top5: 56.05
[2026-04-21 08:36:55]: INFO * best top1: 29.21%
[2026-04-21 08:36:55]: INFO [Epoch 17]
[2026-04-21 08:36:57]: INFO >    1/1500  loss: 3.8223  time: 2.07s/it  eta: 0:51:50
[2026-04-21 08:39:59]: INFO >  101/1500  loss: 4.1347  time: 1.83s/it  eta: 0:42:30
[2026-04-21 08:43:05]: INFO >  201/1500  loss: 3.9990  time: 1.87s/it  eta: 0:39:51
[2026-04-21 08:46:12]: INFO >  301/1500  loss: 3.9439  time: 1.91s/it  eta: 0:36:58
[2026-04-21 08:49:19]: INFO >  401/1500  loss: 4.0525  time: 2.09s/it  eta: 0:34:00
[2026-04-21 08:52:26]: INFO >  501/1500  loss: 3.8353  time: 2.36s/it  eta: 0:30:57
[2026-04-21 08:56:21]: INFO >  601/1500  loss: 3.8608  time: 2.16s/it  eta: 0:29:05
[2026-04-21 09:00:03]: INFO >  701/1500  loss: 3.9937  time: 2.09s/it  eta: 0:26:23
[2026-04-21 09:03:35]: INFO >  801/1500  loss: 4.0515  time: 2.23s/it  eta: 0:23:18
[2026-04-21 09:07:10]: INFO >  901/1500  loss: 4.2846  time: 2.16s/it  eta: 0:20:08
[2026-04-21 09:10:44]: INFO > 1001/1500  loss: 4.0259  time: 2.25s/it  eta: 0:16:53
[2026-04-21 09:14:16]: INFO > 1101/1500  loss: 3.8048  time: 2.17s/it  eta: 0:13:33
[2026-04-21 09:17:54]: INFO > 1201/1500  loss: 3.6878  time: 2.24s/it  eta: 0:10:14
[2026-04-21 09:21:34]: INFO > 1301/1500  loss: 3.7936  time: 2.27s/it  eta: 0:06:51
[2026-04-21 09:25:13]: INFO > 1401/1500  loss: 3.8112  time: 2.10s/it  eta: 0:03:26
[2026-04-21 09:28:43]: INFO * train lr: 0.000582	loss: 3.9735	cost: 0:51:47
[2026-04-21 09:32:25]: INFO * eval  loss: 3.4465	top1: 31.16	top5: 59.02
[2026-04-21 09:32:26]: INFO * best top1: 31.16%
[2026-04-21 09:32:26]: INFO [Epoch 18]
[2026-04-21 09:32:27]: INFO >    1/1500  loss: 3.8884  time: 1.39s/it  eta: 0:34:47
[2026-04-21 09:34:45]: INFO >  101/1500  loss: 3.9970  time: 1.36s/it  eta: 0:32:07
[2026-04-21 09:37:01]: INFO >  201/1500  loss: 3.9507  time: 1.35s/it  eta: 0:29:41
[2026-04-21 09:39:19]: INFO >  301/1500  loss: 3.8219  time: 1.35s/it  eta: 0:27:26
[2026-04-21 09:42:09]: INFO >  401/1500  loss: 3.9155  time: 2.05s/it  eta: 0:26:41
[2026-04-21 09:45:22]: INFO >  501/1500  loss: 3.7400  time: 1.88s/it  eta: 0:25:48
[2026-04-21 09:48:46]: INFO >  601/1500  loss: 3.6248  time: 1.93s/it  eta: 0:24:27
[2026-04-21 09:52:02]: INFO >  701/1500  loss: 3.7761  time: 1.95s/it  eta: 0:22:22
[2026-04-21 09:55:19]: INFO >  801/1500  loss: 3.9197  time: 1.78s/it  eta: 0:19:59
[2026-04-21 09:58:35]: INFO >  901/1500  loss: 4.0392  time: 2.15s/it  eta: 0:17:25
[2026-04-21 10:01:53]: INFO > 1001/1500  loss: 3.9650  time: 2.16s/it  eta: 0:14:42
[2026-04-21 10:05:13]: INFO > 1101/1500  loss: 3.8961  time: 1.98s/it  eta: 0:11:54
[2026-04-21 10:08:36]: INFO > 1201/1500  loss: 3.7259  time: 2.00s/it  eta: 0:09:02
[2026-04-21 10:11:44]: INFO > 1301/1500  loss: 3.7018  time: 1.41s/it  eta: 0:06:02
[2026-04-21 10:14:06]: INFO > 1401/1500  loss: 4.0404  time: 1.40s/it  eta: 0:02:58
[2026-04-21 10:16:27]: INFO * train lr: 0.000336	loss: 3.9319	cost: 0:44:01
[2026-04-21 10:19:28]: INFO * eval  loss: 3.3536	top1: 34.18	top5: 63.30
[2026-04-21 10:19:29]: INFO * best top1: 34.18%
[2026-04-21 10:19:29]: INFO [Epoch 19]
[2026-04-21 10:19:30]: INFO >    1/1500  loss: 3.6179  time: 1.38s/it  eta: 0:34:31
[2026-04-21 10:21:53]: INFO >  101/1500  loss: 3.9693  time: 1.40s/it  eta: 0:33:16
[2026-04-21 10:24:13]: INFO >  201/1500  loss: 4.0994  time: 1.40s/it  eta: 0:30:38
[2026-04-21 10:26:33]: INFO >  301/1500  loss: 3.9551  time: 1.44s/it  eta: 0:28:13
[2026-04-21 10:28:54]: INFO >  401/1500  loss: 3.7977  time: 1.51s/it  eta: 0:25:51
[2026-04-21 10:31:16]: INFO >  501/1500  loss: 3.7683  time: 1.39s/it  eta: 0:23:31
[2026-04-21 10:33:39]: INFO >  601/1500  loss: 3.8771  time: 1.36s/it  eta: 0:21:14
[2026-04-21 10:36:01]: INFO >  701/1500  loss: 3.8591  time: 1.43s/it  eta: 0:18:52
[2026-04-21 10:38:20]: INFO >  801/1500  loss: 3.8817  time: 1.34s/it  eta: 0:16:28
[2026-04-21 10:40:40]: INFO >  901/1500  loss: 3.8797  time: 1.37s/it  eta: 0:14:06
[2026-04-21 10:43:00]: INFO > 1001/1500  loss: 4.0201  time: 1.44s/it  eta: 0:11:45
[2026-04-21 10:45:20]: INFO > 1101/1500  loss: 3.9055  time: 1.37s/it  eta: 0:09:23
[2026-04-21 10:47:43]: INFO > 1201/1500  loss: 3.7900  time: 1.36s/it  eta: 0:07:03
[2026-04-21 10:50:03]: INFO > 1301/1500  loss: 3.5864  time: 1.39s/it  eta: 0:04:41
[2026-04-21 10:52:23]: INFO > 1401/1500  loss: 3.6649  time: 1.50s/it  eta: 0:02:20
[2026-04-21 10:54:45]: INFO * train lr: 0.000157	loss: 3.8987	cost: 0:35:16
[2026-04-21 10:57:41]: INFO * eval  loss: 3.2723	top1: 35.35	top5: 66.22
[2026-04-21 10:57:41]: INFO * best top1: 35.35%
