+---------+-----------------+--------------+-------------+-----------+-----------+
|   epoch |   learning_rate |   train_loss |   test_loss |      top1 |      top5 |
+=========+=================+==============+=============+===========+===========+
|       0 |        0.000001 |     4.603184 |    4.592398 |  1.966667 |  8.308333 |
+---------+-----------------+--------------+-------------+-----------+-----------+
|       1 |        0.000001 |     4.594883 |    4.579480 |  2.808333 | 11.200000 |
+---------+-----------------+--------------+-------------+-----------+-----------+
|       2 |        0.001201 |     4.564694 |    4.460896 |  3.475000 | 14.483334 |
+---------+-----------------+--------------+-------------+-----------+-----------+
|       3 |        0.002401 |     4.551004 |    4.460167 |  3.908333 | 14.825000 |
+---------+-----------------+--------------+-------------+-----------+-----------+
|       4 |        0.003600 |     4.507559 |    4.369580 |  5.466667 | 18.433332 |
+---------+-----------------+--------------+-------------+-----------+-----------+
|       5 |        0.004800 |     4.476212 |    4.358487 |  5.558333 | 18.883333 |
+---------+-----------------+--------------+-------------+-----------+-----------+
|       6 |        0.005123 |     4.389586 |    4.089767 |  8.875000 | 26.241667 |
+---------+-----------------+--------------+-------------+-----------+-----------+
|       7 |        0.004765 |     4.305010 |    3.997877 |  9.841666 | 30.450001 |
+---------+-----------------+--------------+-------------+-----------+-----------+
|       8 |        0.004365 |     4.271096 |    3.988393 | 12.433333 | 31.908333 |
+---------+-----------------+--------------+-------------+-----------+-----------+
|       9 |        0.003931 |     4.230712 |    3.948798 | 12.858334 | 33.325001 |
+---------+-----------------+--------------+-------------+-----------+-----------+
|      10 |        0.003474 |     4.211224 |    3.843718 | 15.700000 | 37.000000 |
+---------+-----------------+--------------+-------------+-----------+-----------+
|      11 |        0.003005 |     4.191449 |    3.868184 | 15.916667 | 37.558334 |
+---------+-----------------+--------------+-------------+-----------+-----------+
|      12 |        0.002536 |     4.160697 |    3.825419 | 16.891666 | 38.900002 |
+---------+-----------------+--------------+-------------+-----------+-----------+
|      13 |        0.002079 |     4.127057 |    3.701388 | 20.750000 | 44.283333 |
+---------+-----------------+--------------+-------------+-----------+-----------+
|      14 |        0.001645 |     4.097649 |    3.700330 | 21.575001 | 44.683334 |
+---------+-----------------+--------------+-------------+-----------+-----------+
|      15 |        0.001245 |     4.053391 |    3.610576 | 24.991667 | 50.400002 |
+---------+-----------------+--------------+-------------+-----------+-----------+
|      16 |        0.000887 |     4.015641 |    3.477381 | 29.208334 | 56.049999 |
+---------+-----------------+--------------+-------------+-----------+-----------+
|      17 |        0.000582 |     3.973474 |    3.446481 | 31.158333 | 59.016666 |
+---------+-----------------+--------------+-------------+-----------+-----------+
|      18 |        0.000336 |     3.931892 |    3.353607 | 34.183334 | 63.299999 |
+---------+-----------------+--------------+-------------+-----------+-----------+
|      19 |        0.000157 |     3.898690 |    3.272321 | 35.349998 | 66.216667 |
+---------+-----------------+--------------+-------------+-----------+-----------+
best top1: 35.35%		best top5: 66.22%