+---------+-----------------+--------------+-------------+-----------+-----------+
|   epoch |   learning_rate |   train_loss |   test_loss |      top1 |      top5 |
+=========+=================+==============+=============+===========+===========+
|       0 |        0.000001 |     6.907671 |    6.902848 |  0.132000 |  0.666000 |
+---------+-----------------+--------------+-------------+-----------+-----------+
|       1 |        0.000001 |     6.902401 |    6.896204 |  0.184000 |  0.812000 |
+---------+-----------------+--------------+-------------+-----------+-----------+
|       2 |        0.001201 |     5.571296 |    4.458318 | 14.362000 | 34.067997 |
+---------+-----------------+--------------+-------------+-----------+-----------+
|       3 |        0.002401 |     4.583357 |    3.328927 | 30.028000 | 55.928001 |
+---------+-----------------+--------------+-------------+-----------+-----------+
|       4 |        0.003600 |     3.973671 |    2.918485 | 37.352001 | 63.753998 |
+---------+-----------------+--------------+-------------+-----------+-----------+
|       5 |        0.004800 |     3.676747 |    2.593295 | 43.227997 | 69.484001 |
+---------+-----------------+--------------+-------------+-----------+-----------+
|       6 |        0.005996 |     3.518235 |    2.480405 | 45.145996 | 71.701996 |
+---------+-----------------+--------------+-------------+-----------+-----------+
|       7 |        0.005994 |     3.367357 |    2.267199 | 49.666000 | 75.250008 |
+---------+-----------------+--------------+-------------+-----------+-----------+
|       8 |        0.005992 |     3.270574 |    2.273883 | 49.408001 | 75.223999 |
+---------+-----------------+--------------+-------------+-----------+-----------+
|       9 |        0.005989 |     3.202565 |    2.155786 | 51.954002 | 77.070000 |
+---------+-----------------+--------------+-------------+-----------+-----------+
|      10 |        0.005987 |     3.150891 |    2.199912 | 51.476002 | 76.601990 |
+---------+-----------------+--------------+-------------+-----------+-----------+
|      11 |        0.005984 |     3.111320 |    2.145431 | 52.253998 | 77.154007 |
+---------+-----------------+--------------+-------------+-----------+-----------+
|      12 |        0.005980 |     3.074364 |    2.046510 | 53.973999 | 78.767998 |
+---------+-----------------+--------------+-------------+-----------+-----------+
|      13 |        0.005976 |     3.045400 |    2.041136 | 54.311996 | 79.223999 |
+---------+-----------------+--------------+-------------+-----------+-----------+
|      14 |        0.005972 |     3.018317 |    2.002319 | 55.415997 | 79.722000 |
+---------+-----------------+--------------+-------------+-----------+-----------+
|      15 |        0.005968 |     2.998624 |    2.041834 | 54.073994 | 78.981995 |
+---------+-----------------+--------------+-------------+-----------+-----------+
|      16 |        0.005963 |     2.978519 |    2.020416 | 54.824001 | 79.511993 |
+---------+-----------------+--------------+-------------+-----------+-----------+
|      17 |        0.005958 |     2.959737 |    1.950834 | 56.471996 | 80.540001 |
+---------+-----------------+--------------+-------------+-----------+-----------+
|      18 |        0.005953 |     2.945481 |    1.931120 | 56.430000 | 80.772003 |
+---------+-----------------+--------------+-------------+-----------+-----------+
|      19 |        0.005947 |     2.932065 |    1.936570 | 57.107998 | 80.886002 |
+---------+-----------------+--------------+-------------+-----------+-----------+
|      20 |        0.005941 |     2.918579 |    1.945357 | 56.410000 | 80.587997 |
+---------+-----------------+--------------+-------------+-----------+-----------+
|      21 |        0.005935 |     2.906729 |    1.891075 | 57.229996 | 81.563995 |
+---------+-----------------+--------------+-------------+-----------+-----------+
|      22 |        0.005928 |     2.895539 |    1.858926 | 57.848000 | 81.519997 |
+---------+-----------------+--------------+-------------+-----------+-----------+
|      23 |        0.005921 |     2.885811 |    1.899491 | 57.461994 | 81.281998 |
+---------+-----------------+--------------+-------------+-----------+-----------+
|      24 |        0.005914 |     2.876863 |    1.874016 | 57.679996 | 81.587997 |
+---------+-----------------+--------------+-------------+-----------+-----------+
|      25 |        0.005906 |     2.868917 |    1.865400 | 58.129997 | 81.695999 |
+---------+-----------------+--------------+-------------+-----------+-----------+
|      26 |        0.005898 |     2.860710 |    1.860325 | 58.197998 | 81.832001 |
+---------+-----------------+--------------+-------------+-----------+-----------+
|      27 |        0.005890 |     2.855468 |    1.855775 | 57.993999 | 81.802002 |
+---------+-----------------+--------------+-------------+-----------+-----------+
|      28 |        0.005881 |     2.848035 |    1.835178 | 58.206001 | 82.001991 |
+---------+-----------------+--------------+-------------+-----------+-----------+
|      29 |        0.005872 |     2.841434 |    1.906286 | 57.538002 | 81.321999 |
+---------+-----------------+--------------+-------------+-----------+-----------+
|      30 |        0.005863 |     2.834655 |    1.917078 | 57.167999 | 80.948006 |
+---------+-----------------+--------------+-------------+-----------+-----------+
|      31 |        0.005853 |     2.826613 |    1.883199 | 57.638000 | 81.645996 |
+---------+-----------------+--------------+-------------+-----------+-----------+
|      32 |        0.005844 |     2.824735 |    1.863554 | 58.063999 | 81.833992 |
+---------+-----------------+--------------+-------------+-----------+-----------+
|      33 |        0.005833 |     2.819420 |    1.887962 | 57.605995 | 81.501999 |
+---------+-----------------+--------------+-------------+-----------+-----------+
|      34 |        0.005823 |     2.812047 |    1.895689 | 57.216000 | 81.285995 |
+---------+-----------------+--------------+-------------+-----------+-----------+
|      35 |        0.005812 |     2.809189 |    1.826779 | 59.107998 | 82.596001 |
+---------+-----------------+--------------+-------------+-----------+-----------+
|      36 |        0.005801 |     2.803301 |    1.774936 | 59.430000 | 82.957993 |
+---------+-----------------+--------------+-------------+-----------+-----------+
|      37 |        0.005790 |     2.799756 |    1.852212 | 58.465996 | 81.931992 |
+---------+-----------------+--------------+-------------+-----------+-----------+
|      38 |        0.005778 |     2.794974 |    1.781412 | 59.466003 | 82.783997 |
+---------+-----------------+--------------+-------------+-----------+-----------+
|      39 |        0.005766 |     2.789685 |    1.823062 | 59.146000 | 82.697998 |
+---------+-----------------+--------------+-------------+-----------+-----------+
|      40 |        0.005754 |     2.788899 |    1.757428 | 60.172001 | 83.499992 |
+---------+-----------------+--------------+-------------+-----------+-----------+
|      41 |        0.005741 |     2.782716 |    1.813755 | 59.351997 | 83.001999 |
+---------+-----------------+--------------+-------------+-----------+-----------+
|      42 |        0.005728 |     2.781626 |    1.770640 | 59.929996 | 83.248001 |
+---------+-----------------+--------------+-------------+-----------+-----------+
|      43 |        0.005715 |     2.776916 |    1.728419 | 60.329998 | 83.647995 |
+---------+-----------------+--------------+-------------+-----------+-----------+
|      44 |        0.005701 |     2.774109 |    1.778083 | 59.929996 | 83.047997 |
+---------+-----------------+--------------+-------------+-----------+-----------+
|      45 |        0.005688 |     2.769258 |    1.752638 | 60.375999 | 83.669991 |
+---------+-----------------+--------------+-------------+-----------+-----------+
|      46 |        0.005674 |     2.763547 |    1.757318 | 60.007999 | 83.441994 |
+---------+-----------------+--------------+-------------+-----------+-----------+
|      47 |        0.005659 |     2.760549 |    1.873014 | 58.011993 | 81.739998 |
+---------+-----------------+--------------+-------------+-----------+-----------+
|      48 |        0.005645 |     2.761068 |    1.826416 | 58.585999 | 82.395996 |
+---------+-----------------+--------------+-------------+-----------+-----------+
|      49 |        0.005630 |     2.756940 |    1.753414 | 60.119999 | 83.125999 |
+---------+-----------------+--------------+-------------+-----------+-----------+
|      50 |        0.005614 |     2.751765 |    1.785314 | 60.114002 | 83.372002 |
+---------+-----------------+--------------+-------------+-----------+-----------+
|      51 |        0.005599 |     2.751509 |    1.767184 | 60.257999 | 83.330002 |
+---------+-----------------+--------------+-------------+-----------+-----------+
|      52 |        0.005583 |     2.749093 |    1.803281 | 59.531998 | 82.849998 |
+---------+-----------------+--------------+-------------+-----------+-----------+
|      53 |        0.005567 |     2.744908 |    1.724402 | 60.754002 | 83.827995 |
+---------+-----------------+--------------+-------------+-----------+-----------+
|      54 |        0.005550 |     2.738610 |    1.712301 | 60.708000 | 83.955994 |
+---------+-----------------+--------------+-------------+-----------+-----------+
|      55 |        0.005534 |     2.740188 |    1.798591 | 59.764000 | 83.136002 |
+---------+-----------------+--------------+-------------+-----------+-----------+
|      56 |        0.005517 |     2.734645 |    1.726547 | 60.751999 | 83.813995 |
+---------+-----------------+--------------+-------------+-----------+-----------+
|      57 |        0.005500 |     2.734512 |    1.706755 | 61.134003 | 83.771996 |
+---------+-----------------+--------------+-------------+-----------+-----------+
|      58 |        0.005482 |     2.732631 |    1.757589 | 60.137993 | 83.411995 |
+---------+-----------------+--------------+-------------+-----------+-----------+
|      59 |        0.005464 |     2.728037 |    1.758380 | 60.768002 | 83.585999 |
+---------+-----------------+--------------+-------------+-----------+-----------+
|      60 |        0.005446 |     2.727118 |    1.703451 | 61.199993 | 84.333992 |
+---------+-----------------+--------------+-------------+-----------+-----------+
|      61 |        0.005428 |     2.721611 |    1.708939 | 61.136002 | 84.190002 |
+---------+-----------------+--------------+-------------+-----------+-----------+
|      62 |        0.005409 |     2.721889 |    1.724380 | 61.297997 | 83.849998 |
+---------+-----------------+--------------+-------------+-----------+-----------+
|      63 |        0.005391 |     2.719182 |    1.767622 | 60.161995 | 83.626007 |
+---------+-----------------+--------------+-------------+-----------+-----------+
|      64 |        0.005372 |     2.717133 |    1.711829 | 61.135994 | 84.017990 |
+---------+-----------------+--------------+-------------+-----------+-----------+
|      65 |        0.005352 |     2.715672 |    1.736705 | 61.015999 | 83.966003 |
+---------+-----------------+--------------+-------------+-----------+-----------+
|      66 |        0.005333 |     2.712716 |    1.689501 | 60.863998 | 84.219994 |
+---------+-----------------+--------------+-------------+-----------+-----------+
|      67 |        0.005313 |     2.709239 |    1.687027 | 61.561996 | 84.171997 |
+---------+-----------------+--------------+-------------+-----------+-----------+
|      68 |        0.005293 |     2.708961 |    1.713886 | 61.067997 | 83.667999 |
+---------+-----------------+--------------+-------------+-----------+-----------+
|      69 |        0.005272 |     2.703477 |    1.671865 | 61.613998 | 84.257996 |
+---------+-----------------+--------------+-------------+-----------+-----------+
|      70 |        0.005252 |     2.700219 |    1.718937 | 60.862000 | 84.040001 |
+---------+-----------------+--------------+-------------+-----------+-----------+
|      71 |        0.005231 |     2.699743 |    1.721014 | 60.732002 | 83.822006 |
+---------+-----------------+--------------+-------------+-----------+-----------+
|      72 |        0.005210 |     2.697772 |    1.741240 | 60.945995 | 83.823997 |
+---------+-----------------+--------------+-------------+-----------+-----------+
|      73 |        0.005188 |     2.694202 |    1.713159 | 61.363998 | 84.138000 |
+---------+-----------------+--------------+-------------+-----------+-----------+
|      74 |        0.005167 |     2.693315 |    1.706194 | 61.185993 | 84.057999 |
+---------+-----------------+--------------+-------------+-----------+-----------+
|      75 |        0.005145 |     2.692249 |    1.710491 | 61.387997 | 84.458000 |
+---------+-----------------+--------------+-------------+-----------+-----------+
|      76 |        0.005123 |     2.691402 |    1.689473 | 61.349998 | 84.125999 |
+---------+-----------------+--------------+-------------+-----------+-----------+
|      77 |        0.005100 |     2.687767 |    1.771180 | 60.217999 | 83.285995 |
+---------+-----------------+--------------+-------------+-----------+-----------+
|      78 |        0.005078 |     2.684126 |    1.719283 | 61.385998 | 84.171997 |
+---------+-----------------+--------------+-------------+-----------+-----------+
|      79 |        0.005055 |     2.683591 |    1.698942 | 61.575996 | 84.320000 |
+---------+-----------------+--------------+-------------+-----------+-----------+
|      80 |        0.005032 |     2.680950 |    1.661291 | 62.267998 | 84.923996 |
+---------+-----------------+--------------+-------------+-----------+-----------+
|      81 |        0.005009 |     2.678727 |    1.679578 | 61.389999 | 84.218002 |
+---------+-----------------+--------------+-------------+-----------+-----------+
|      82 |        0.004986 |     2.674830 |    1.657866 | 62.215996 | 84.834000 |
+---------+-----------------+--------------+-------------+-----------+-----------+
|      83 |        0.004962 |     2.674192 |    1.712340 | 61.457996 | 84.223991 |
+---------+-----------------+--------------+-------------+-----------+-----------+
|      84 |        0.004938 |     2.673249 |    1.732104 | 60.823997 | 83.757996 |
+---------+-----------------+--------------+-------------+-----------+-----------+
|      85 |        0.004914 |     2.670335 |    1.661067 | 61.978001 | 84.507996 |
+---------+-----------------+--------------+-------------+-----------+-----------+
|      86 |        0.004890 |     2.669452 |    1.658814 | 62.486000 | 84.900002 |
+---------+-----------------+--------------+-------------+-----------+-----------+
|      87 |        0.004865 |     2.665926 |    1.680884 | 61.981998 | 84.437996 |
+---------+-----------------+--------------+-------------+-----------+-----------+
|      88 |        0.004841 |     2.663411 |    1.689162 | 61.755997 | 84.265991 |
+---------+-----------------+--------------+-------------+-----------+-----------+
|      89 |        0.004816 |     2.661450 |    1.679430 | 62.101997 | 84.660004 |
+---------+-----------------+--------------+-------------+-----------+-----------+
|      90 |        0.004791 |     2.660978 |    1.649791 | 62.375999 | 84.730003 |
+---------+-----------------+--------------+-------------+-----------+-----------+
|      91 |        0.004765 |     2.656863 |    1.712751 | 60.869995 | 83.858002 |
+---------+-----------------+--------------+-------------+-----------+-----------+
|      92 |        0.004740 |     2.653784 |    1.668568 | 61.779999 | 84.461998 |
+---------+-----------------+--------------+-------------+-----------+-----------+
|      93 |        0.004714 |     2.655244 |    1.657256 | 62.486000 | 84.989998 |
+---------+-----------------+--------------+-------------+-----------+-----------+
|      94 |        0.004688 |     2.652174 |    1.684792 | 61.864002 | 84.667999 |
+---------+-----------------+--------------+-------------+-----------+-----------+
|      95 |        0.004662 |     2.648792 |    1.604519 | 63.289997 | 85.458000 |
+---------+-----------------+--------------+-------------+-----------+-----------+
|      96 |        0.004636 |     2.647023 |    1.629862 | 62.999996 | 85.341995 |
+---------+-----------------+--------------+-------------+-----------+-----------+
|      97 |        0.004610 |     2.644301 |    1.622551 | 62.742001 | 85.150002 |
+---------+-----------------+--------------+-------------+-----------+-----------+
|      98 |        0.004583 |     2.642103 |    1.642656 | 62.667995 | 85.082001 |
+---------+-----------------+--------------+-------------+-----------+-----------+
|      99 |        0.004556 |     2.640514 |    1.619572 | 62.661995 | 85.192001 |
+---------+-----------------+--------------+-------------+-----------+-----------+
|     100 |        0.004530 |     2.637320 |    1.647980 | 62.785999 | 85.037994 |
+---------+-----------------+--------------+-------------+-----------+-----------+
|     101 |        0.004502 |     2.636734 |    1.596323 | 63.189999 | 85.225998 |
+---------+-----------------+--------------+-------------+-----------+-----------+
|     102 |        0.004475 |     2.632702 |    1.591760 | 63.369999 | 85.707993 |
+---------+-----------------+--------------+-------------+-----------+-----------+
|     103 |        0.004448 |     2.631498 |    1.668473 | 61.924000 | 84.594002 |
+---------+-----------------+--------------+-------------+-----------+-----------+
|     104 |        0.004420 |     2.627533 |    1.625765 | 62.845997 | 85.436005 |
+---------+-----------------+--------------+-------------+-----------+-----------+
|     105 |        0.004393 |     2.626469 |    1.632539 | 62.897995 | 85.180000 |
+---------+-----------------+--------------+-------------+-----------+-----------+
|     106 |        0.004365 |     2.624879 |    1.611709 | 63.355999 | 85.354004 |
+---------+-----------------+--------------+-------------+-----------+-----------+
|     107 |        0.004337 |     2.623357 |    1.646648 | 62.771999 | 85.094002 |
+---------+-----------------+--------------+-------------+-----------+-----------+
|     108 |        0.004309 |     2.620181 |    1.635443 | 62.783997 | 85.185997 |
+---------+-----------------+--------------+-------------+-----------+-----------+
|     109 |        0.004280 |     2.618308 |    1.611159 | 63.214001 | 85.491997 |
+---------+-----------------+--------------+-------------+-----------+-----------+
|     110 |        0.004252 |     2.616814 |    1.596870 | 63.307999 | 85.375992 |
+---------+-----------------+--------------+-------------+-----------+-----------+
|     111 |        0.004223 |     2.614623 |    1.601662 | 63.455997 | 85.683990 |
+---------+-----------------+--------------+-------------+-----------+-----------+
|     112 |        0.004194 |     2.611995 |    1.625754 | 63.005997 | 85.315994 |
+---------+-----------------+--------------+-------------+-----------+-----------+
|     113 |        0.004166 |     2.610109 |    1.624368 | 62.951996 | 85.222000 |
+---------+-----------------+--------------+-------------+-----------+-----------+
|     114 |        0.004137 |     2.607819 |    1.600182 | 63.633995 | 85.653992 |
+---------+-----------------+--------------+-------------+-----------+-----------+
|     115 |        0.004108 |     2.605714 |    1.610350 | 63.262001 | 85.577995 |
+---------+-----------------+--------------+-------------+-----------+-----------+
|     116 |        0.004078 |     2.603627 |    1.598323 | 63.571999 | 85.543999 |
+---------+-----------------+--------------+-------------+-----------+-----------+
|     117 |        0.004049 |     2.600794 |    1.619433 | 62.854000 | 85.317993 |
+---------+-----------------+--------------+-------------+-----------+-----------+
|     118 |        0.004020 |     2.600404 |    1.577988 | 63.882000 | 85.722000 |
+---------+-----------------+--------------+-------------+-----------+-----------+
|     119 |        0.003990 |     2.596940 |    1.595097 | 63.565994 | 85.722000 |
+---------+-----------------+--------------+-------------+-----------+-----------+
|     120 |        0.003960 |     2.595353 |    1.593988 | 63.857998 | 85.619995 |
+---------+-----------------+--------------+-------------+-----------+-----------+
|     121 |        0.003931 |     2.592226 |    1.607012 | 63.505997 | 85.695999 |
+---------+-----------------+--------------+-------------+-----------+-----------+
|     122 |        0.003901 |     2.591674 |    1.583151 | 63.961998 | 85.842003 |
+---------+-----------------+--------------+-------------+-----------+-----------+
|     123 |        0.003871 |     2.588732 |    1.572556 | 64.259995 | 86.072006 |
+---------+-----------------+--------------+-------------+-----------+-----------+
|     124 |        0.003841 |     2.585488 |    1.554545 | 64.064003 | 86.213997 |
+---------+-----------------+--------------+-------------+-----------+-----------+
|     125 |        0.003810 |     2.584154 |    1.541265 | 64.760002 | 86.371994 |
+---------+-----------------+--------------+-------------+-----------+-----------+
|     126 |        0.003780 |     2.581789 |    1.589734 | 63.693996 | 85.538002 |
+---------+-----------------+--------------+-------------+-----------+-----------+
|     127 |        0.003750 |     2.577767 |    1.587875 | 64.026001 | 85.945999 |
+---------+-----------------+--------------+-------------+-----------+-----------+
|     128 |        0.003719 |     2.578194 |    1.571372 | 64.113998 | 86.119995 |
+---------+-----------------+--------------+-------------+-----------+-----------+
|     129 |        0.003689 |     2.575460 |    1.628322 | 63.461998 | 85.587997 |
+---------+-----------------+--------------+-------------+-----------+-----------+
|     130 |        0.003658 |     2.572901 |    1.630394 | 62.961998 | 85.162003 |
+---------+-----------------+--------------+-------------+-----------+-----------+
|     131 |        0.003628 |     2.567948 |    1.561153 | 64.481995 | 86.318001 |
+---------+-----------------+--------------+-------------+-----------+-----------+
|     132 |        0.003597 |     2.567055 |    1.589327 | 64.203995 | 85.899994 |
+---------+-----------------+--------------+-------------+-----------+-----------+
|     133 |        0.003566 |     2.567306 |    1.572989 | 64.383995 | 86.178001 |
+---------+-----------------+--------------+-------------+-----------+-----------+
|     134 |        0.003535 |     2.562997 |    1.572963 | 64.556000 | 86.129997 |
+---------+-----------------+--------------+-------------+-----------+-----------+
|     135 |        0.003504 |     2.559858 |    1.559597 | 64.459999 | 86.313995 |
+---------+-----------------+--------------+-------------+-----------+-----------+
|     136 |        0.003474 |     2.558372 |    1.543613 | 65.121994 | 86.403999 |
+---------+-----------------+--------------+-------------+-----------+-----------+
|     137 |        0.003443 |     2.558331 |    1.535024 | 64.776001 | 86.456001 |
+---------+-----------------+--------------+-------------+-----------+-----------+
|     138 |        0.003411 |     2.554142 |    1.559829 | 64.637993 | 86.257996 |
+---------+-----------------+--------------+-------------+-----------+-----------+
|     139 |        0.003380 |     2.551008 |    1.520892 | 65.084000 | 86.563995 |
+---------+-----------------+--------------+-------------+-----------+-----------+
|     140 |        0.003349 |     2.549159 |    1.521925 | 64.914001 | 86.699997 |
+---------+-----------------+--------------+-------------+-----------+-----------+
|     141 |        0.003318 |     2.548667 |    1.576352 | 64.203995 | 86.127998 |
+---------+-----------------+--------------+-------------+-----------+-----------+
|     142 |        0.003287 |     2.545829 |    1.543297 | 64.759995 | 86.459999 |
+---------+-----------------+--------------+-------------+-----------+-----------+
|     143 |        0.003256 |     2.540790 |    1.520251 | 65.031998 | 86.671997 |
+---------+-----------------+--------------+-------------+-----------+-----------+
|     144 |        0.003224 |     2.541862 |    1.540471 | 64.768005 | 86.617996 |
+---------+-----------------+--------------+-------------+-----------+-----------+
|     145 |        0.003193 |     2.536534 |    1.519165 | 65.164001 | 86.615997 |
+---------+-----------------+--------------+-------------+-----------+-----------+
|     146 |        0.003162 |     2.537415 |    1.549039 | 64.923996 | 86.453995 |
+---------+-----------------+--------------+-------------+-----------+-----------+
|     147 |        0.003130 |     2.532456 |    1.597628 | 64.059998 | 85.882004 |
+---------+-----------------+--------------+-------------+-----------+-----------+
|     148 |        0.003099 |     2.528896 |    1.509873 | 65.177994 | 86.757988 |
+---------+-----------------+--------------+-------------+-----------+-----------+
|     149 |        0.003068 |     2.529566 |    1.516078 | 65.261993 | 86.823997 |
+---------+-----------------+--------------+-------------+-----------+-----------+
|     150 |        0.003036 |     2.525702 |    1.523966 | 65.014000 | 86.689995 |
+---------+-----------------+--------------+-------------+-----------+-----------+
|     151 |        0.003005 |     2.520280 |    1.513381 | 65.406006 | 86.856003 |
+---------+-----------------+--------------+-------------+-----------+-----------+
|     152 |        0.002974 |     2.521510 |    1.511229 | 65.393997 | 86.947998 |
+---------+-----------------+--------------+-------------+-----------+-----------+
|     153 |        0.002942 |     2.520112 |    1.524020 | 65.358002 | 86.761993 |
+---------+-----------------+--------------+-------------+-----------+-----------+
|     154 |        0.002911 |     2.517475 |    1.521972 | 65.313995 | 86.936005 |
+---------+-----------------+--------------+-------------+-----------+-----------+
|     155 |        0.002880 |     2.512236 |    1.483500 | 65.797997 | 87.028000 |
+---------+-----------------+--------------+-------------+-----------+-----------+
|     156 |        0.002848 |     2.511332 |    1.523825 | 65.098000 | 86.507996 |
+---------+-----------------+--------------+-------------+-----------+-----------+
|     157 |        0.002817 |     2.509173 |    1.508233 | 65.737999 | 86.859993 |
+---------+-----------------+--------------+-------------+-----------+-----------+
|     158 |        0.002786 |     2.506832 |    1.473588 | 66.180000 | 87.395996 |
+---------+-----------------+--------------+-------------+-----------+-----------+
|     159 |        0.002754 |     2.503364 |    1.488958 | 66.108002 | 87.169998 |
+---------+-----------------+--------------+-------------+-----------+-----------+
|     160 |        0.002723 |     2.501180 |    1.505542 | 65.767998 | 87.028000 |
+---------+-----------------+--------------+-------------+-----------+-----------+
|     161 |        0.002692 |     2.498601 |    1.506884 | 65.334000 | 86.895996 |
+---------+-----------------+--------------+-------------+-----------+-----------+
|     162 |        0.002661 |     2.496821 |    1.473670 | 66.103996 | 87.375992 |
+---------+-----------------+--------------+-------------+-----------+-----------+
|     163 |        0.002630 |     2.493812 |    1.473950 | 65.793999 | 87.234001 |
+---------+-----------------+--------------+-------------+-----------+-----------+
|     164 |        0.002599 |     2.490347 |    1.500523 | 65.723999 | 87.099991 |
+---------+-----------------+--------------+-------------+-----------+-----------+
|     165 |        0.002567 |     2.487997 |    1.484756 | 65.712006 | 87.278000 |
+---------+-----------------+--------------+-------------+-----------+-----------+
|     166 |        0.002536 |     2.483744 |    1.459476 | 66.379997 | 87.513992 |
+---------+-----------------+--------------+-------------+-----------+-----------+
|     167 |        0.002506 |     2.482997 |    1.476497 | 66.267998 | 87.335999 |
+---------+-----------------+--------------+-------------+-----------+-----------+
|     168 |        0.002475 |     2.480288 |    1.537556 | 65.070000 | 86.599998 |
+---------+-----------------+--------------+-------------+-----------+-----------+
|     169 |        0.002444 |     2.476901 |    1.460252 | 66.503998 | 87.729996 |
+---------+-----------------+--------------+-------------+-----------+-----------+
|     170 |        0.002413 |     2.475374 |    1.466201 | 66.440002 | 87.442001 |
+---------+-----------------+--------------+-------------+-----------+-----------+
|     171 |        0.002382 |     2.472209 |    1.445667 | 66.185997 | 87.599991 |
+---------+-----------------+--------------+-------------+-----------+-----------+
|     172 |        0.002352 |     2.469319 |    1.459106 | 66.477997 | 87.667999 |
+---------+-----------------+--------------+-------------+-----------+-----------+
|     173 |        0.002321 |     2.466579 |    1.454496 | 66.860001 | 87.671997 |
+---------+-----------------+--------------+-------------+-----------+-----------+
|     174 |        0.002291 |     2.462751 |    1.466520 | 66.720001 | 87.514008 |
+---------+-----------------+--------------+-------------+-----------+-----------+
|     175 |        0.002260 |     2.463586 |    1.436721 | 66.757996 | 87.791992 |
+---------+-----------------+--------------+-------------+-----------+-----------+
|     176 |        0.002230 |     2.458245 |    1.480757 | 65.832001 | 87.279999 |
+---------+-----------------+--------------+-------------+-----------+-----------+
|     177 |        0.002200 |     2.455550 |    1.450764 | 66.950005 | 87.806000 |
+---------+-----------------+--------------+-------------+-----------+-----------+
|     178 |        0.002169 |     2.453173 |    1.463338 | 66.276001 | 87.505989 |
+---------+-----------------+--------------+-------------+-----------+-----------+
|     179 |        0.002139 |     2.452457 |    1.435370 | 67.054001 | 87.945999 |
+---------+-----------------+--------------+-------------+-----------+-----------+
|     180 |        0.002109 |     2.447036 |    1.447101 | 67.085991 | 87.856003 |
+---------+-----------------+--------------+-------------+-----------+-----------+
|     181 |        0.002079 |     2.445418 |    1.450983 | 66.823997 | 87.595993 |
+---------+-----------------+--------------+-------------+-----------+-----------+
|     182 |        0.002050 |     2.443228 |    1.426705 | 67.403999 | 88.105995 |
+---------+-----------------+--------------+-------------+-----------+-----------+
|     183 |        0.002020 |     2.439368 |    1.410901 | 67.461998 | 88.194000 |
+---------+-----------------+--------------+-------------+-----------+-----------+
|     184 |        0.001990 |     2.438029 |    1.424289 | 67.739998 | 88.185997 |
+---------+-----------------+--------------+-------------+-----------+-----------+
|     185 |        0.001961 |     2.434013 |    1.433587 | 67.239990 | 87.865997 |
+---------+-----------------+--------------+-------------+-----------+-----------+
|     186 |        0.001932 |     2.429831 |    1.441761 | 67.087997 | 87.793991 |
+---------+-----------------+--------------+-------------+-----------+-----------+
|     187 |        0.001902 |     2.429707 |    1.414326 | 67.587997 | 88.185989 |
+---------+-----------------+--------------+-------------+-----------+-----------+
|     188 |        0.001873 |     2.427404 |    1.439779 | 67.214005 | 87.863998 |
+---------+-----------------+--------------+-------------+-----------+-----------+
|     189 |        0.001844 |     2.423876 |    1.389798 | 68.076004 | 88.470001 |
+---------+-----------------+--------------+-------------+-----------+-----------+
|     190 |        0.001816 |     2.421006 |    1.425405 | 67.267998 | 88.132004 |
+---------+-----------------+--------------+-------------+-----------+-----------+
|     191 |        0.001787 |     2.417815 |    1.405071 | 67.787994 | 88.279999 |
+---------+-----------------+--------------+-------------+-----------+-----------+
|     192 |        0.001758 |     2.413975 |    1.404736 | 67.826004 | 88.364006 |
+---------+-----------------+--------------+-------------+-----------+-----------+
|     193 |        0.001730 |     2.411833 |    1.404217 | 67.854004 | 88.299995 |
+---------+-----------------+--------------+-------------+-----------+-----------+
|     194 |        0.001701 |     2.407465 |    1.378428 | 68.375999 | 88.733994 |
+---------+-----------------+--------------+-------------+-----------+-----------+
|     195 |        0.001673 |     2.405415 |    1.400768 | 67.865997 | 88.229996 |
+---------+-----------------+--------------+-------------+-----------+-----------+
|     196 |        0.001645 |     2.403569 |    1.369280 | 68.351990 | 88.743996 |
+---------+-----------------+--------------+-------------+-----------+-----------+
|     197 |        0.001617 |     2.400004 |    1.382567 | 68.509995 | 88.735992 |
+---------+-----------------+--------------+-------------+-----------+-----------+
|     198 |        0.001590 |     2.397158 |    1.376853 | 68.445999 | 88.394005 |
+---------+-----------------+--------------+-------------+-----------+-----------+
|     199 |        0.001562 |     2.394265 |    1.402097 | 68.148003 | 88.523994 |
+---------+-----------------+--------------+-------------+-----------+-----------+
|     200 |        0.001535 |     2.391228 |    1.381391 | 68.177994 | 88.531998 |
+---------+-----------------+--------------+-------------+-----------+-----------+
|     201 |        0.001507 |     2.390480 |    1.371873 | 68.087997 | 88.731995 |
+---------+-----------------+--------------+-------------+-----------+-----------+
|     202 |        0.001480 |     2.385358 |    1.361266 | 68.393997 | 88.741997 |
+---------+-----------------+--------------+-------------+-----------+-----------+
|     203 |        0.001454 |     2.384279 |    1.372483 | 68.449997 | 88.690002 |
+---------+-----------------+--------------+-------------+-----------+-----------+
|     204 |        0.001427 |     2.379967 |    1.380686 | 68.236000 | 88.685997 |
+---------+-----------------+--------------+-------------+-----------+-----------+
|     205 |        0.001400 |     2.376907 |    1.384123 | 68.091995 | 88.715996 |
+---------+-----------------+--------------+-------------+-----------+-----------+
|     206 |        0.001374 |     2.375204 |    1.355679 | 68.594002 | 88.888000 |
+---------+-----------------+--------------+-------------+-----------+-----------+
|     207 |        0.001348 |     2.371477 |    1.375103 | 68.625999 | 88.866005 |
+---------+-----------------+--------------+-------------+-----------+-----------+
|     208 |        0.001322 |     2.368606 |    1.366428 | 68.461998 | 88.727997 |
+---------+-----------------+--------------+-------------+-----------+-----------+
|     209 |        0.001296 |     2.364957 |    1.355696 | 69.065994 | 88.866005 |
+---------+-----------------+--------------+-------------+-----------+-----------+
|     210 |        0.001270 |     2.362902 |    1.354827 | 68.538002 | 88.823990 |
+---------+-----------------+--------------+-------------+-----------+-----------+
|     211 |        0.001245 |     2.358305 |    1.371615 | 68.986000 | 88.846001 |
+---------+-----------------+--------------+-------------+-----------+-----------+
|     212 |        0.001219 |     2.355999 |    1.335122 | 68.803993 | 88.986000 |
+---------+-----------------+--------------+-------------+-----------+-----------+
|     213 |        0.001194 |     2.353817 |    1.336688 | 69.335999 | 89.136002 |
+---------+-----------------+--------------+-------------+-----------+-----------+
|     214 |        0.001169 |     2.350265 |    1.329690 | 69.351997 | 89.194000 |
+---------+-----------------+--------------+-------------+-----------+-----------+
|     215 |        0.001145 |     2.347897 |    1.344007 | 68.992004 | 88.873993 |
+---------+-----------------+--------------+-------------+-----------+-----------+
|     216 |        0.001120 |     2.343204 |    1.333913 | 69.195999 | 89.035995 |
+---------+-----------------+--------------+-------------+-----------+-----------+
|     217 |        0.001096 |     2.340987 |    1.319540 | 69.403999 | 89.295998 |
+---------+-----------------+--------------+-------------+-----------+-----------+
|     218 |        0.001072 |     2.338072 |    1.328483 | 69.501999 | 89.185997 |
+---------+-----------------+--------------+-------------+-----------+-----------+
|     219 |        0.001048 |     2.334000 |    1.326625 | 69.355995 | 89.267998 |
+---------+-----------------+--------------+-------------+-----------+-----------+
|     220 |        0.001024 |     2.332098 |    1.308292 | 69.718002 | 89.237999 |
+---------+-----------------+--------------+-------------+-----------+-----------+
|     221 |        0.001001 |     2.328840 |    1.315920 | 69.397995 | 89.335999 |
+---------+-----------------+--------------+-------------+-----------+-----------+
|     222 |        0.000978 |     2.326339 |    1.317925 | 69.489998 | 89.295990 |
+---------+-----------------+--------------+-------------+-----------+-----------+
|     223 |        0.000955 |     2.321781 |    1.321340 | 69.695999 | 89.172005 |
+---------+-----------------+--------------+-------------+-----------+-----------+
|     224 |        0.000932 |     2.319300 |    1.308702 | 69.683998 | 89.526001 |
+---------+-----------------+--------------+-------------+-----------+-----------+
|     225 |        0.000910 |     2.314336 |    1.297087 | 70.178001 | 89.421997 |
+---------+-----------------+--------------+-------------+-----------+-----------+
|     226 |        0.000887 |     2.311883 |    1.304467 | 69.729996 | 89.426003 |
+---------+-----------------+--------------+-------------+-----------+-----------+
|     227 |        0.000865 |     2.308683 |    1.297219 | 69.972000 | 89.599998 |
+---------+-----------------+--------------+-------------+-----------+-----------+
|     228 |        0.000843 |     2.306723 |    1.305074 | 70.015999 | 89.666000 |
+---------+-----------------+--------------+-------------+-----------+-----------+
|     229 |        0.000822 |     2.302040 |    1.285350 | 70.498001 | 89.689987 |
+---------+-----------------+--------------+-------------+-----------+-----------+
|     230 |        0.000800 |     2.299193 |    1.295878 | 70.189995 | 89.687996 |
+---------+-----------------+--------------+-------------+-----------+-----------+
|     231 |        0.000779 |     2.296991 |    1.280429 | 70.344002 | 89.806000 |
+---------+-----------------+--------------+-------------+-----------+-----------+
|     232 |        0.000758 |     2.293755 |    1.274934 | 70.352005 | 89.834000 |
+---------+-----------------+--------------+-------------+-----------+-----------+
|     233 |        0.000738 |     2.291032 |    1.281936 | 70.341995 | 89.835999 |
+---------+-----------------+--------------+-------------+-----------+-----------+
|     234 |        0.000717 |     2.287281 |    1.290504 | 70.437996 | 89.785995 |
+---------+-----------------+--------------+-------------+-----------+-----------+
|     235 |        0.000697 |     2.283976 |    1.272091 | 70.627998 | 89.917999 |
+---------+-----------------+--------------+-------------+-----------+-----------+
|     236 |        0.000677 |     2.281378 |    1.272469 | 70.549995 | 89.933998 |
+---------+-----------------+--------------+-------------+-----------+-----------+
|     237 |        0.000658 |     2.278922 |    1.263687 | 70.769997 | 89.927994 |
+---------+-----------------+--------------+-------------+-----------+-----------+
|     238 |        0.000638 |     2.275897 |    1.271321 | 70.491997 | 89.877998 |
+---------+-----------------+--------------+-------------+-----------+-----------+
|     239 |        0.000619 |     2.271726 |    1.275292 | 70.650002 | 89.857994 |
+---------+-----------------+--------------+-------------+-----------+-----------+
|     240 |        0.000601 |     2.268517 |    1.258607 | 70.880005 | 90.046005 |
+---------+-----------------+--------------+-------------+-----------+-----------+
|     241 |        0.000582 |     2.264408 |    1.265321 | 70.834000 | 89.929993 |
+---------+-----------------+--------------+-------------+-----------+-----------+
|     242 |        0.000564 |     2.262686 |    1.247530 | 71.119995 | 90.096001 |
+---------+-----------------+--------------+-------------+-----------+-----------+
|     243 |        0.000546 |     2.259523 |    1.264559 | 70.953995 | 90.065994 |
+---------+-----------------+--------------+-------------+-----------+-----------+
|     244 |        0.000528 |     2.257982 |    1.246529 | 71.003998 | 90.205994 |
+---------+-----------------+--------------+-------------+-----------+-----------+
|     245 |        0.000510 |     2.253220 |    1.248947 | 70.995995 | 90.175995 |
+---------+-----------------+--------------+-------------+-----------+-----------+
|     246 |        0.000493 |     2.250208 |    1.233201 | 71.220001 | 90.258003 |
+---------+-----------------+--------------+-------------+-----------+-----------+
|     247 |        0.000476 |     2.247374 |    1.241019 | 71.167999 | 90.332001 |
+---------+-----------------+--------------+-------------+-----------+-----------+
|     248 |        0.000460 |     2.244298 |    1.235874 | 71.419998 | 90.405998 |
+---------+-----------------+--------------+-------------+-----------+-----------+
|     249 |        0.000443 |     2.243152 |    1.245027 | 71.369995 | 90.305992 |
+---------+-----------------+--------------+-------------+-----------+-----------+
|     250 |        0.000427 |     2.239044 |    1.236152 | 71.295998 | 90.327995 |
+---------+-----------------+--------------+-------------+-----------+-----------+
|     251 |        0.000411 |     2.236727 |    1.234779 | 71.427994 | 90.297997 |
+---------+-----------------+--------------+-------------+-----------+-----------+
|     252 |        0.000396 |     2.232307 |    1.239069 | 71.455994 | 90.379997 |
+---------+-----------------+--------------+-------------+-----------+-----------+
|     253 |        0.000380 |     2.230517 |    1.238917 | 71.371994 | 90.348000 |
+---------+-----------------+--------------+-------------+-----------+-----------+
|     254 |        0.000365 |     2.226948 |    1.223224 | 71.731995 | 90.498001 |
+---------+-----------------+--------------+-------------+-----------+-----------+
|     255 |        0.000351 |     2.223835 |    1.231019 | 71.773994 | 90.452003 |
+---------+-----------------+--------------+-------------+-----------+-----------+
|     256 |        0.000336 |     2.221868 |    1.221273 | 71.677994 | 90.535995 |
+---------+-----------------+--------------+-------------+-----------+-----------+
|     257 |        0.000322 |     2.217735 |    1.214794 | 71.582001 | 90.431992 |
+---------+-----------------+--------------+-------------+-----------+-----------+
|     258 |        0.000309 |     2.216361 |    1.219908 | 71.617996 | 90.501999 |
+---------+-----------------+--------------+-------------+-----------+-----------+
|     259 |        0.000295 |     2.213753 |    1.214302 | 71.785995 | 90.522003 |
+---------+-----------------+--------------+-------------+-----------+-----------+
|     260 |        0.000282 |     2.211087 |    1.209780 | 71.866005 | 90.572006 |
+---------+-----------------+--------------+-------------+-----------+-----------+
|     261 |        0.000269 |     2.206841 |    1.221056 | 71.758003 | 90.570000 |
+---------+-----------------+--------------+-------------+-----------+-----------+
|     262 |        0.000256 |     2.205026 |    1.209696 | 71.969994 | 90.617996 |
+---------+-----------------+--------------+-------------+-----------+-----------+
|     263 |        0.000244 |     2.204706 |    1.210055 | 72.027992 | 90.614006 |
+---------+-----------------+--------------+-------------+-----------+-----------+
|     264 |        0.000232 |     2.200977 |    1.203910 | 72.073997 | 90.611992 |
+---------+-----------------+--------------+-------------+-----------+-----------+
|     265 |        0.000220 |     2.198976 |    1.207988 | 72.084000 | 90.699997 |
+---------+-----------------+--------------+-------------+-----------+-----------+
|     266 |        0.000209 |     2.195249 |    1.201124 | 71.975998 | 90.679993 |
+---------+-----------------+--------------+-------------+-----------+-----------+
|     267 |        0.000198 |     2.194750 |    1.203858 | 72.043991 | 90.703995 |
+---------+-----------------+--------------+-------------+-----------+-----------+
|     268 |        0.000187 |     2.191261 |    1.196750 | 72.199997 | 90.743996 |
+---------+-----------------+--------------+-------------+-----------+-----------+
|     269 |        0.000177 |     2.189251 |    1.203973 | 72.245995 | 90.726006 |
+---------+-----------------+--------------+-------------+-----------+-----------+
|     270 |        0.000166 |     2.186742 |    1.194101 | 72.292000 | 90.745995 |
+---------+-----------------+--------------+-------------+-----------+-----------+
|     271 |        0.000157 |     2.183939 |    1.193542 | 72.101997 | 90.814003 |
+---------+-----------------+--------------+-------------+-----------+-----------+
|     272 |        0.000147 |     2.182653 |    1.194318 | 72.174004 | 90.835999 |
+---------+-----------------+--------------+-------------+-----------+-----------+
|     273 |        0.000138 |     2.181757 |    1.193186 | 72.369995 | 90.860001 |
+---------+-----------------+--------------+-------------+-----------+-----------+
|     274 |        0.000129 |     2.177939 |    1.197641 | 72.386002 | 90.886002 |
+---------+-----------------+--------------+-------------+-----------+-----------+
|     275 |        0.000120 |     2.178073 |    1.192014 | 72.407997 | 90.783997 |
+---------+-----------------+--------------+-------------+-----------+-----------+
|     276 |        0.000112 |     2.174865 |    1.195563 | 72.479996 | 90.893997 |
+---------+-----------------+--------------+-------------+-----------+-----------+
|     277 |        0.000104 |     2.173457 |    1.195665 | 72.353996 | 90.875999 |
+---------+-----------------+--------------+-------------+-----------+-----------+
|     278 |        0.000096 |     2.170842 |    1.191361 | 72.435997 | 90.910004 |
+---------+-----------------+--------------+-------------+-----------+-----------+
|     279 |        0.000089 |     2.172428 |    1.191942 | 72.449997 | 90.882004 |
+---------+-----------------+--------------+-------------+-----------+-----------+
|     280 |        0.000082 |     2.169048 |    1.185944 | 72.399994 | 90.902000 |
+---------+-----------------+--------------+-------------+-----------+-----------+
|     281 |        0.000075 |     2.167928 |    1.189758 | 72.421989 | 90.905998 |
+---------+-----------------+--------------+-------------+-----------+-----------+
|     282 |        0.000069 |     2.166679 |    1.185865 | 72.453995 | 90.939995 |
+---------+-----------------+--------------+-------------+-----------+-----------+
|     283 |        0.000063 |     2.165808 |    1.190317 | 72.477997 | 90.941994 |
+---------+-----------------+--------------+-------------+-----------+-----------+
|     284 |        0.000057 |     2.162987 |    1.186613 | 72.489998 | 90.879997 |
+---------+-----------------+--------------+-------------+-----------+-----------+
|     285 |        0.000052 |     2.163059 |    1.179338 | 72.534004 | 90.951988 |
+---------+-----------------+--------------+-------------+-----------+-----------+
|     286 |        0.000047 |     2.160345 |    1.188890 | 72.595993 | 90.995995 |
+---------+-----------------+--------------+-------------+-----------+-----------+
|     287 |        0.000042 |     2.160542 |    1.186530 | 72.629997 | 90.957993 |
+---------+-----------------+--------------+-------------+-----------+-----------+
|     288 |        0.000038 |     2.159498 |    1.178997 | 72.580002 | 90.967995 |
+---------+-----------------+--------------+-------------+-----------+-----------+
|     289 |        0.000034 |     2.158154 |    1.181583 | 72.643997 | 90.955994 |
+---------+-----------------+--------------+-------------+-----------+-----------+
|     290 |        0.000030 |     2.156221 |    1.175993 | 72.628006 | 90.964005 |
+---------+-----------------+--------------+-------------+-----------+-----------+
|     291 |        0.000026 |     2.156349 |    1.179912 | 72.646004 | 90.939995 |
+---------+-----------------+--------------+-------------+-----------+-----------+
|     292 |        0.000023 |     2.157428 |    1.179380 | 72.686005 | 90.942001 |
+---------+-----------------+--------------+-------------+-----------+-----------+
|     293 |        0.000021 |     2.156199 |    1.181721 | 72.691994 | 90.933998 |
+---------+-----------------+--------------+-------------+-----------+-----------+
|     294 |        0.000018 |     2.154293 |    1.183019 | 72.649994 | 90.999992 |
+---------+-----------------+--------------+-------------+-----------+-----------+
|     295 |        0.000016 |     2.154284 |    1.181942 | 72.671997 | 90.973991 |
+---------+-----------------+--------------+-------------+-----------+-----------+
|     296 |        0.000014 |     2.154475 |    1.180933 | 72.674004 | 90.987991 |
+---------+-----------------+--------------+-------------+-----------+-----------+
|     297 |        0.000013 |     2.154237 |    1.176196 | 72.671997 | 90.955994 |
+---------+-----------------+--------------+-------------+-----------+-----------+
|     298 |        0.000011 |     2.154055 |    1.180298 | 72.666000 | 90.956001 |
+---------+-----------------+--------------+-------------+-----------+-----------+
|     299 |        0.000011 |     2.154176 |    1.177595 | 72.684006 | 90.998001 |
+---------+-----------------+--------------+-------------+-----------+-----------+
best top1: 72.69%		best top5: 91.00%