+---------+-----------------+--------------+-------------+-----------+-----------+
|   epoch |   learning_rate |   train_loss |   test_loss |      top1 |      top5 |
+=========+=================+==============+=============+===========+===========+
|       0 |        0.000001 |     6.908673 |    6.904751 |  0.116000 |  0.656000 |
+---------+-----------------+--------------+-------------+-----------+-----------+
|       1 |        0.000001 |     6.902901 |    6.897461 |  0.190000 |  0.908000 |
+---------+-----------------+--------------+-------------+-----------+-----------+
|       2 |        0.001201 |     5.493076 |    4.245491 | 16.529999 | 38.329998 |
+---------+-----------------+--------------+-------------+-----------+-----------+
|       3 |        0.002401 |     4.450625 |    3.380187 | 29.392000 | 55.234001 |
+---------+-----------------+--------------+-------------+-----------+-----------+
|       4 |        0.003600 |     3.852271 |    2.940991 | 36.961998 | 63.317997 |
+---------+-----------------+--------------+-------------+-----------+-----------+
|       5 |        0.004800 |     3.559147 |    2.625120 | 42.995998 | 68.742004 |
+---------+-----------------+--------------+-------------+-----------+-----------+
|       6 |        0.005996 |     3.400710 |    2.534219 | 44.737999 | 70.835999 |
+---------+-----------------+--------------+-------------+-----------+-----------+
|       7 |        0.005994 |     3.252498 |    2.381270 | 47.857998 | 73.625992 |
+---------+-----------------+--------------+-------------+-----------+-----------+
|       8 |        0.005992 |     3.160437 |    2.309746 | 49.241993 | 74.561996 |
+---------+-----------------+--------------+-------------+-----------+-----------+
|       9 |        0.005989 |     3.094331 |    2.295885 | 49.632000 | 75.372002 |
+---------+-----------------+--------------+-------------+-----------+-----------+
|      10 |        0.005987 |     3.041783 |    2.187276 | 50.966000 | 76.357986 |
+---------+-----------------+--------------+-------------+-----------+-----------+
|      11 |        0.005984 |     3.004520 |    2.116536 | 53.118000 | 77.878006 |
+---------+-----------------+--------------+-------------+-----------+-----------+
|      12 |        0.005980 |     2.970837 |    2.111939 | 52.783997 | 77.919998 |
+---------+-----------------+--------------+-------------+-----------+-----------+
|      13 |        0.005976 |     2.942691 |    2.078787 | 54.035995 | 78.817993 |
+---------+-----------------+--------------+-------------+-----------+-----------+
|      14 |        0.005972 |     2.916942 |    2.023245 | 55.098000 | 79.536003 |
+---------+-----------------+--------------+-------------+-----------+-----------+
|      15 |        0.005968 |     2.895251 |    2.023148 | 54.430000 | 79.343994 |
+---------+-----------------+--------------+-------------+-----------+-----------+
|      16 |        0.005963 |     2.876637 |    2.026921 | 54.680004 | 79.389999 |
+---------+-----------------+--------------+-------------+-----------+-----------+
|      17 |        0.005958 |     2.862020 |    2.008911 | 55.112000 | 79.419998 |
+---------+-----------------+--------------+-------------+-----------+-----------+
|      18 |        0.005953 |     2.845083 |    2.037733 | 54.271996 | 78.979996 |
+---------+-----------------+--------------+-------------+-----------+-----------+
|      19 |        0.005947 |     2.832742 |    2.006892 | 55.706001 | 79.637993 |
+---------+-----------------+--------------+-------------+-----------+-----------+
|      20 |        0.005941 |     2.820538 |    1.945264 | 56.166000 | 80.427994 |
+---------+-----------------+--------------+-------------+-----------+-----------+
|      21 |        0.005935 |     2.809670 |    1.946169 | 56.211998 | 80.398003 |
+---------+-----------------+--------------+-------------+-----------+-----------+
|      22 |        0.005928 |     2.798155 |    1.924150 | 57.152000 | 80.944000 |
+---------+-----------------+--------------+-------------+-----------+-----------+
|      23 |        0.005921 |     2.788691 |    1.892977 | 57.729996 | 81.348000 |
+---------+-----------------+--------------+-------------+-----------+-----------+
|      24 |        0.005914 |     2.780468 |    1.891144 | 57.661995 | 81.873993 |
+---------+-----------------+--------------+-------------+-----------+-----------+
|      25 |        0.005906 |     2.773931 |    1.907772 | 57.247997 | 81.108002 |
+---------+-----------------+--------------+-------------+-----------+-----------+
|      26 |        0.005898 |     2.765399 |    1.938396 | 56.697998 | 80.823997 |
+---------+-----------------+--------------+-------------+-----------+-----------+
|      27 |        0.005890 |     2.759272 |    1.879536 | 58.220001 | 81.818001 |
+---------+-----------------+--------------+-------------+-----------+-----------+
|      28 |        0.005881 |     2.752064 |    1.904175 | 57.681999 | 81.244003 |
+---------+-----------------+--------------+-------------+-----------+-----------+
|      29 |        0.005872 |     2.745355 |    1.909616 | 57.089996 | 81.309998 |
+---------+-----------------+--------------+-------------+-----------+-----------+
|      30 |        0.005863 |     2.738367 |    1.910929 | 57.094002 | 81.479996 |
+---------+-----------------+--------------+-------------+-----------+-----------+
|      31 |        0.005853 |     2.734922 |    1.953204 | 56.531994 | 80.606003 |
+---------+-----------------+--------------+-------------+-----------+-----------+
|      32 |        0.005844 |     2.729123 |    1.864009 | 57.617996 | 81.977997 |
+---------+-----------------+--------------+-------------+-----------+-----------+
|      33 |        0.005833 |     2.725163 |    1.836703 | 58.437996 | 82.359993 |
+---------+-----------------+--------------+-------------+-----------+-----------+
|      34 |        0.005823 |     2.719558 |    1.870813 | 58.269997 | 81.937996 |
+---------+-----------------+--------------+-------------+-----------+-----------+
|      35 |        0.005812 |     2.714656 |    1.911541 | 57.661995 | 81.568001 |
+---------+-----------------+--------------+-------------+-----------+-----------+
|      36 |        0.005801 |     2.711182 |    1.880967 | 57.834000 | 81.714005 |
+---------+-----------------+--------------+-------------+-----------+-----------+
|      37 |        0.005790 |     2.708332 |    1.956426 | 56.654003 | 80.572006 |
+---------+-----------------+--------------+-------------+-----------+-----------+
|      38 |        0.005778 |     2.702785 |    1.841303 | 58.939995 | 82.299995 |
+---------+-----------------+--------------+-------------+-----------+-----------+
|      39 |        0.005766 |     2.699962 |    1.876943 | 57.821995 | 81.641998 |
+---------+-----------------+--------------+-------------+-----------+-----------+
|      40 |        0.005754 |     2.694974 |    1.887406 | 58.065998 | 81.767998 |
+---------+-----------------+--------------+-------------+-----------+-----------+
|      41 |        0.005741 |     2.692800 |    1.850398 | 58.535999 | 82.087997 |
+---------+-----------------+--------------+-------------+-----------+-----------+
|      42 |        0.005728 |     2.690416 |    1.789008 | 59.442001 | 82.723999 |
+---------+-----------------+--------------+-------------+-----------+-----------+
|      43 |        0.005715 |     2.687012 |    1.868526 | 58.039993 | 81.845993 |
+---------+-----------------+--------------+-------------+-----------+-----------+
|      44 |        0.005701 |     2.682844 |    1.826234 | 59.309998 | 82.367996 |
+---------+-----------------+--------------+-------------+-----------+-----------+
|      45 |        0.005688 |     2.678762 |    1.824194 | 58.897999 | 82.602005 |
+---------+-----------------+--------------+-------------+-----------+-----------+
|      46 |        0.005674 |     2.676323 |    1.868838 | 57.723999 | 81.911995 |
+---------+-----------------+--------------+-------------+-----------+-----------+
|      47 |        0.005659 |     2.673239 |    1.817090 | 59.318001 | 82.618004 |
+---------+-----------------+--------------+-------------+-----------+-----------+
|      48 |        0.005645 |     2.672060 |    1.822578 | 59.012001 | 82.562004 |
+---------+-----------------+--------------+-------------+-----------+-----------+
|      49 |        0.005630 |     2.669883 |    1.825392 | 58.922005 | 82.375992 |
+---------+-----------------+--------------+-------------+-----------+-----------+
|      50 |        0.005614 |     2.665475 |    1.852986 | 58.370003 | 82.339989 |
+---------+-----------------+--------------+-------------+-----------+-----------+
|      51 |        0.005599 |     2.664173 |    1.819202 | 59.229996 | 82.771996 |
+---------+-----------------+--------------+-------------+-----------+-----------+
|      52 |        0.005583 |     2.658757 |    1.913270 | 57.748005 | 81.061989 |
+---------+-----------------+--------------+-------------+-----------+-----------+
|      53 |        0.005567 |     2.657432 |    1.877279 | 58.165993 | 81.953995 |
+---------+-----------------+--------------+-------------+-----------+-----------+
|      54 |        0.005550 |     2.655451 |    1.885534 | 58.609993 | 82.159996 |
+---------+-----------------+--------------+-------------+-----------+-----------+
|      55 |        0.005534 |     2.652541 |    1.815125 | 59.439999 | 82.742004 |
+---------+-----------------+--------------+-------------+-----------+-----------+
|      56 |        0.005517 |     2.651528 |    1.871552 | 58.372002 | 82.095993 |
+---------+-----------------+--------------+-------------+-----------+-----------+
|      57 |        0.005500 |     2.649748 |    1.918756 | 57.417995 | 81.328003 |
+---------+-----------------+--------------+-------------+-----------+-----------+
|      58 |        0.005482 |     2.647168 |    1.795257 | 59.609997 | 82.815994 |
+---------+-----------------+--------------+-------------+-----------+-----------+
|      59 |        0.005464 |     2.643405 |    1.834198 | 59.191998 | 82.377998 |
+---------+-----------------+--------------+-------------+-----------+-----------+
|      60 |        0.005446 |     2.642014 |    1.821054 | 59.433998 | 82.699997 |
+---------+-----------------+--------------+-------------+-----------+-----------+
|      61 |        0.005428 |     2.639504 |    1.791367 | 60.241997 | 83.163994 |
+---------+-----------------+--------------+-------------+-----------+-----------+
|      62 |        0.005409 |     2.636147 |    1.812913 | 59.683998 | 83.031998 |
+---------+-----------------+--------------+-------------+-----------+-----------+
|      63 |        0.005391 |     2.635024 |    1.774777 | 59.902000 | 83.121994 |
+---------+-----------------+--------------+-------------+-----------+-----------+
|      64 |        0.005372 |     2.630721 |    1.855736 | 58.756001 | 81.947998 |
+---------+-----------------+--------------+-------------+-----------+-----------+
|      65 |        0.005352 |     2.630662 |    1.873593 | 58.966000 | 82.269997 |
+---------+-----------------+--------------+-------------+-----------+-----------+
|      66 |        0.005333 |     2.627870 |    1.781985 | 59.885998 | 83.203995 |
+---------+-----------------+--------------+-------------+-----------+-----------+
|      67 |        0.005313 |     2.625835 |    1.846157 | 59.068001 | 82.388000 |
+---------+-----------------+--------------+-------------+-----------+-----------+
|      68 |        0.005293 |     2.624625 |    1.758170 | 60.518002 | 83.417999 |
+---------+-----------------+--------------+-------------+-----------+-----------+
|      69 |        0.005272 |     2.622067 |    1.781826 | 60.151997 | 83.213997 |
+---------+-----------------+--------------+-------------+-----------+-----------+
|      70 |        0.005252 |     2.619920 |    1.793764 | 59.391998 | 82.910004 |
+---------+-----------------+--------------+-------------+-----------+-----------+
|      71 |        0.005231 |     2.616570 |    1.827274 | 59.062000 | 82.735992 |
+---------+-----------------+--------------+-------------+-----------+-----------+
|      72 |        0.005210 |     2.616898 |    1.857202 | 59.029999 | 82.033997 |
+---------+-----------------+--------------+-------------+-----------+-----------+
|      73 |        0.005188 |     2.612897 |    1.773323 | 60.295998 | 83.571991 |
+---------+-----------------+--------------+-------------+-----------+-----------+
|      74 |        0.005167 |     2.612574 |    1.814328 | 59.939995 | 83.092003 |
+---------+-----------------+--------------+-------------+-----------+-----------+
|      75 |        0.005145 |     2.607884 |    1.812013 | 59.741997 | 83.045998 |
+---------+-----------------+--------------+-------------+-----------+-----------+
|      76 |        0.005123 |     2.606137 |    1.804945 | 59.729996 | 82.829994 |
+---------+-----------------+--------------+-------------+-----------+-----------+
|      77 |        0.005100 |     2.606747 |    1.777152 | 60.175999 | 83.278000 |
+---------+-----------------+--------------+-------------+-----------+-----------+
|      78 |        0.005078 |     2.603691 |    1.760507 | 60.445999 | 83.464005 |
+---------+-----------------+--------------+-------------+-----------+-----------+
|      79 |        0.005055 |     2.601878 |    1.728512 | 60.779999 | 83.769997 |
+---------+-----------------+--------------+-------------+-----------+-----------+
|      80 |        0.005032 |     2.600277 |    1.754176 | 60.264004 | 83.579994 |
+---------+-----------------+--------------+-------------+-----------+-----------+
|      81 |        0.005009 |     2.596953 |    1.741152 | 61.242001 | 83.783997 |
+---------+-----------------+--------------+-------------+-----------+-----------+
|      82 |        0.004986 |     2.594243 |    1.746976 | 60.619999 | 83.403999 |
+---------+-----------------+--------------+-------------+-----------+-----------+
|      83 |        0.004962 |     2.592595 |    1.807370 | 59.152000 | 82.643997 |
+---------+-----------------+--------------+-------------+-----------+-----------+
|      84 |        0.004938 |     2.592910 |    1.764701 | 60.243999 | 83.264000 |
+---------+-----------------+--------------+-------------+-----------+-----------+
|      85 |        0.004914 |     2.589451 |    1.737635 | 60.371998 | 83.428001 |
+---------+-----------------+--------------+-------------+-----------+-----------+
|      86 |        0.004890 |     2.587461 |    1.756133 | 60.465996 | 83.594002 |
+---------+-----------------+--------------+-------------+-----------+-----------+
|      87 |        0.004865 |     2.584262 |    1.771598 | 60.373997 | 83.542000 |
+---------+-----------------+--------------+-------------+-----------+-----------+
|      88 |        0.004841 |     2.582712 |    1.773876 | 60.241997 | 83.433998 |
+---------+-----------------+--------------+-------------+-----------+-----------+
|      89 |        0.004816 |     2.580772 |    1.777028 | 60.145996 | 83.416000 |
+---------+-----------------+--------------+-------------+-----------+-----------+
|      90 |        0.004791 |     2.578369 |    1.780027 | 60.313995 | 83.327995 |
+---------+-----------------+--------------+-------------+-----------+-----------+
|      91 |        0.004765 |     2.578486 |    1.759678 | 60.605999 | 83.989998 |
+---------+-----------------+--------------+-------------+-----------+-----------+
|      92 |        0.004740 |     2.574486 |    1.754939 | 60.476002 | 83.617996 |
+---------+-----------------+--------------+-------------+-----------+-----------+
|      93 |        0.004714 |     2.574200 |    1.748299 | 60.790001 | 83.689995 |
+---------+-----------------+--------------+-------------+-----------+-----------+
|      94 |        0.004688 |     2.573016 |    1.697419 | 61.632000 | 84.275993 |
+---------+-----------------+--------------+-------------+-----------+-----------+
|      95 |        0.004662 |     2.568565 |    1.824792 | 59.778000 | 82.875992 |
+---------+-----------------+--------------+-------------+-----------+-----------+
|      96 |        0.004636 |     2.567092 |    1.722365 | 61.329998 | 83.921997 |
+---------+-----------------+--------------+-------------+-----------+-----------+
|      97 |        0.004610 |     2.564295 |    1.732001 | 60.846001 | 83.795990 |
+---------+-----------------+--------------+-------------+-----------+-----------+
|      98 |        0.004583 |     2.564249 |    1.705627 | 61.153996 | 84.145996 |
+---------+-----------------+--------------+-------------+-----------+-----------+
|      99 |        0.004556 |     2.559456 |    1.715091 | 61.633999 | 84.163994 |
+---------+-----------------+--------------+-------------+-----------+-----------+
|     100 |        0.004530 |     2.560120 |    1.755740 | 60.557999 | 83.539993 |
+---------+-----------------+--------------+-------------+-----------+-----------+
|     101 |        0.004502 |     2.556211 |    1.737074 | 60.939999 | 83.725998 |
+---------+-----------------+--------------+-------------+-----------+-----------+
|     102 |        0.004475 |     2.555253 |    1.744270 | 61.014000 | 83.741997 |
+---------+-----------------+--------------+-------------+-----------+-----------+
|     103 |        0.004448 |     2.553286 |    1.729504 | 61.295998 | 83.895996 |
+---------+-----------------+--------------+-------------+-----------+-----------+
|     104 |        0.004420 |     2.550685 |    1.745721 | 61.023998 | 83.821999 |
+---------+-----------------+--------------+-------------+-----------+-----------+
|     105 |        0.004393 |     2.548273 |    1.731346 | 61.411995 | 84.089996 |
+---------+-----------------+--------------+-------------+-----------+-----------+
|     106 |        0.004365 |     2.547281 |    1.713569 | 61.085995 | 83.903999 |
+---------+-----------------+--------------+-------------+-----------+-----------+
|     107 |        0.004337 |     2.545460 |    1.696926 | 61.439995 | 84.356003 |
+---------+-----------------+--------------+-------------+-----------+-----------+
|     108 |        0.004309 |     2.542548 |    1.745747 | 61.841999 | 84.365990 |
+---------+-----------------+--------------+-------------+-----------+-----------+
|     109 |        0.004280 |     2.541364 |    1.777707 | 60.807999 | 83.774002 |
+---------+-----------------+--------------+-------------+-----------+-----------+
|     110 |        0.004252 |     2.540133 |    1.692199 | 61.959999 | 84.345993 |
+---------+-----------------+--------------+-------------+-----------+-----------+
|     111 |        0.004223 |     2.536296 |    1.706597 | 61.677998 | 84.212006 |
+---------+-----------------+--------------+-------------+-----------+-----------+
|     112 |        0.004194 |     2.533136 |    1.693524 | 61.949997 | 84.411995 |
+---------+-----------------+--------------+-------------+-----------+-----------+
|     113 |        0.004166 |     2.532675 |    1.658729 | 62.617996 | 85.013992 |
+---------+-----------------+--------------+-------------+-----------+-----------+
|     114 |        0.004137 |     2.530127 |    1.754408 | 61.148003 | 83.893997 |
+---------+-----------------+--------------+-------------+-----------+-----------+
|     115 |        0.004108 |     2.527568 |    1.707306 | 61.679996 | 84.207993 |
+---------+-----------------+--------------+-------------+-----------+-----------+
|     116 |        0.004078 |     2.528110 |    1.721074 | 61.261997 | 84.306000 |
+---------+-----------------+--------------+-------------+-----------+-----------+
|     117 |        0.004049 |     2.524310 |    1.707462 | 61.610001 | 84.203995 |
+---------+-----------------+--------------+-------------+-----------+-----------+
|     118 |        0.004020 |     2.521726 |    1.664093 | 63.000000 | 85.257996 |
+---------+-----------------+--------------+-------------+-----------+-----------+
|     119 |        0.003990 |     2.519502 |    1.780637 | 60.367996 | 83.351997 |
+---------+-----------------+--------------+-------------+-----------+-----------+
|     120 |        0.003960 |     2.516367 |    1.645881 | 62.233997 | 84.723999 |
+---------+-----------------+--------------+-------------+-----------+-----------+
|     121 |        0.003931 |     2.515579 |    1.691478 | 61.977997 | 84.641991 |
+---------+-----------------+--------------+-------------+-----------+-----------+
|     122 |        0.003901 |     2.515246 |    1.647682 | 62.616001 | 84.928001 |
+---------+-----------------+--------------+-------------+-----------+-----------+
|     123 |        0.003871 |     2.512717 |    1.685576 | 62.312000 | 84.748001 |
+---------+-----------------+--------------+-------------+-----------+-----------+
|     124 |        0.003841 |     2.509218 |    1.697872 | 61.849998 | 84.582001 |
+---------+-----------------+--------------+-------------+-----------+-----------+
|     125 |        0.003810 |     2.507869 |    1.661879 | 62.826000 | 84.955994 |
+---------+-----------------+--------------+-------------+-----------+-----------+
|     126 |        0.003780 |     2.505904 |    1.699042 | 62.230000 | 84.388000 |
+---------+-----------------+--------------+-------------+-----------+-----------+
|     127 |        0.003750 |     2.504304 |    1.653210 | 62.680000 | 85.077995 |
+---------+-----------------+--------------+-------------+-----------+-----------+
|     128 |        0.003719 |     2.501200 |    1.698058 | 62.359997 | 84.681992 |
+---------+-----------------+--------------+-------------+-----------+-----------+
|     129 |        0.003689 |     2.499776 |    1.730366 | 61.395996 | 84.174004 |
+---------+-----------------+--------------+-------------+-----------+-----------+
|     130 |        0.003658 |     2.496253 |    1.639130 | 63.159996 | 85.192001 |
+---------+-----------------+--------------+-------------+-----------+-----------+
|     131 |        0.003628 |     2.495270 |    1.647988 | 63.073997 | 85.362000 |
+---------+-----------------+--------------+-------------+-----------+-----------+
|     132 |        0.003597 |     2.494463 |    1.648766 | 63.342003 | 85.549995 |
+---------+-----------------+--------------+-------------+-----------+-----------+
|     133 |        0.003566 |     2.490463 |    1.666128 | 62.839996 | 84.891998 |
+---------+-----------------+--------------+-------------+-----------+-----------+
|     134 |        0.003535 |     2.491246 |    1.610200 | 63.249996 | 85.525986 |
+---------+-----------------+--------------+-------------+-----------+-----------+
|     135 |        0.003504 |     2.486912 |    1.690371 | 62.339996 | 84.753998 |
+---------+-----------------+--------------+-------------+-----------+-----------+
|     136 |        0.003474 |     2.485613 |    1.684573 | 61.985996 | 84.436005 |
+---------+-----------------+--------------+-------------+-----------+-----------+
|     137 |        0.003443 |     2.481991 |    1.641125 | 62.922001 | 85.175995 |
+---------+-----------------+--------------+-------------+-----------+-----------+
|     138 |        0.003411 |     2.478701 |    1.593068 | 63.989998 | 85.912003 |
+---------+-----------------+--------------+-------------+-----------+-----------+
|     139 |        0.003380 |     2.478161 |    1.630864 | 63.553997 | 85.371994 |
+---------+-----------------+--------------+-------------+-----------+-----------+
|     140 |        0.003349 |     2.474599 |    1.648582 | 62.738003 | 85.110001 |
+---------+-----------------+--------------+-------------+-----------+-----------+
|     141 |        0.003318 |     2.474867 |    1.642589 | 63.403999 | 85.337997 |
+---------+-----------------+--------------+-------------+-----------+-----------+
|     142 |        0.003287 |     2.470235 |    1.695762 | 61.765999 | 84.321999 |
+---------+-----------------+--------------+-------------+-----------+-----------+
|     143 |        0.003256 |     2.469383 |    1.648289 | 63.003998 | 85.405991 |
+---------+-----------------+--------------+-------------+-----------+-----------+
|     144 |        0.003224 |     2.468731 |    1.625713 | 63.065994 | 85.267998 |
+---------+-----------------+--------------+-------------+-----------+-----------+
|     145 |        0.003193 |     2.463550 |    1.657282 | 62.916000 | 85.084000 |
+---------+-----------------+--------------+-------------+-----------+-----------+
|     146 |        0.003162 |     2.463069 |    1.620398 | 63.249992 | 85.470001 |
+---------+-----------------+--------------+-------------+-----------+-----------+
|     147 |        0.003130 |     2.460969 |    1.605836 | 63.448002 | 85.666000 |
+---------+-----------------+--------------+-------------+-----------+-----------+
|     148 |        0.003099 |     2.457481 |    1.650837 | 63.385998 | 85.491997 |
+---------+-----------------+--------------+-------------+-----------+-----------+
|     149 |        0.003068 |     2.457511 |    1.590090 | 64.040001 | 86.123993 |
+---------+-----------------+--------------+-------------+-----------+-----------+
|     150 |        0.003036 |     2.454685 |    1.613748 | 63.447998 | 85.589996 |
+---------+-----------------+--------------+-------------+-----------+-----------+
|     151 |        0.003005 |     2.452335 |    1.584966 | 64.085999 | 85.938004 |
+---------+-----------------+--------------+-------------+-----------+-----------+
|     152 |        0.002974 |     2.449343 |    1.611898 | 63.529999 | 85.634003 |
+---------+-----------------+--------------+-------------+-----------+-----------+
|     153 |        0.002942 |     2.447674 |    1.576927 | 64.759995 | 86.435997 |
+---------+-----------------+--------------+-------------+-----------+-----------+
|     154 |        0.002911 |     2.445821 |    1.579994 | 64.306000 | 86.116005 |
+---------+-----------------+--------------+-------------+-----------+-----------+
|     155 |        0.002880 |     2.442987 |    1.639185 | 63.005997 | 85.221992 |
+---------+-----------------+--------------+-------------+-----------+-----------+
|     156 |        0.002848 |     2.439257 |    1.618395 | 63.455997 | 85.573997 |
+---------+-----------------+--------------+-------------+-----------+-----------+
|     157 |        0.002817 |     2.438149 |    1.598523 | 64.300003 | 86.169998 |
+---------+-----------------+--------------+-------------+-----------+-----------+
|     158 |        0.002786 |     2.435636 |    1.607023 | 63.815998 | 85.779999 |
+---------+-----------------+--------------+-------------+-----------+-----------+
|     159 |        0.002754 |     2.433797 |    1.638125 | 63.362000 | 85.457993 |
+---------+-----------------+--------------+-------------+-----------+-----------+
|     160 |        0.002723 |     2.432191 |    1.569590 | 64.426003 | 86.051994 |
+---------+-----------------+--------------+-------------+-----------+-----------+
|     161 |        0.002692 |     2.428401 |    1.539412 | 65.098000 | 86.627998 |
+---------+-----------------+--------------+-------------+-----------+-----------+
|     162 |        0.002661 |     2.425806 |    1.577199 | 64.473991 | 86.309998 |
+---------+-----------------+--------------+-------------+-----------+-----------+
|     163 |        0.002630 |     2.425672 |    1.564817 | 64.589996 | 86.315994 |
+---------+-----------------+--------------+-------------+-----------+-----------+
|     164 |        0.002599 |     2.422233 |    1.585738 | 64.201996 | 86.035995 |
+---------+-----------------+--------------+-------------+-----------+-----------+
|     165 |        0.002567 |     2.421000 |    1.551951 | 65.180000 | 86.524002 |
+---------+-----------------+--------------+-------------+-----------+-----------+
|     166 |        0.002536 |     2.417723 |    1.611099 | 63.695995 | 85.837997 |
+---------+-----------------+--------------+-------------+-----------+-----------+
|     167 |        0.002506 |     2.415445 |    1.573409 | 64.940002 | 86.319992 |
+---------+-----------------+--------------+-------------+-----------+-----------+
|     168 |        0.002475 |     2.412975 |    1.592782 | 64.061996 | 85.919998 |
+---------+-----------------+--------------+-------------+-----------+-----------+
|     169 |        0.002444 |     2.410334 |    1.561807 | 64.785995 | 86.319992 |
+---------+-----------------+--------------+-------------+-----------+-----------+
|     170 |        0.002413 |     2.408064 |    1.524429 | 65.019997 | 86.637993 |
+---------+-----------------+--------------+-------------+-----------+-----------+
|     171 |        0.002382 |     2.406874 |    1.555683 | 64.750000 | 86.371994 |
+---------+-----------------+--------------+-------------+-----------+-----------+
|     172 |        0.002352 |     2.404858 |    1.548094 | 65.559998 | 86.691994 |
+---------+-----------------+--------------+-------------+-----------+-----------+
|     173 |        0.002321 |     2.401583 |    1.551181 | 64.733994 | 86.449997 |
+---------+-----------------+--------------+-------------+-----------+-----------+
|     174 |        0.002291 |     2.398560 |    1.561016 | 64.953995 | 86.368004 |
+---------+-----------------+--------------+-------------+-----------+-----------+
|     175 |        0.002260 |     2.393838 |    1.546978 | 65.183998 | 86.711998 |
+---------+-----------------+--------------+-------------+-----------+-----------+
|     176 |        0.002230 |     2.391429 |    1.549782 | 65.067993 | 86.429993 |
+---------+-----------------+--------------+-------------+-----------+-----------+
|     177 |        0.002200 |     2.391534 |    1.554093 | 64.931992 | 86.519997 |
+---------+-----------------+--------------+-------------+-----------+-----------+
|     178 |        0.002169 |     2.389501 |    1.554538 | 64.737999 | 86.398003 |
+---------+-----------------+--------------+-------------+-----------+-----------+
|     179 |        0.002139 |     2.385507 |    1.508003 | 65.633995 | 87.059998 |
+---------+-----------------+--------------+-------------+-----------+-----------+
|     180 |        0.002109 |     2.382977 |    1.527181 | 65.723999 | 86.796005 |
+---------+-----------------+--------------+-------------+-----------+-----------+
|     181 |        0.002079 |     2.382836 |    1.487979 | 66.010002 | 87.113998 |
+---------+-----------------+--------------+-------------+-----------+-----------+
|     182 |        0.002050 |     2.380131 |    1.518640 | 65.765999 | 87.056000 |
+---------+-----------------+--------------+-------------+-----------+-----------+
|     183 |        0.002020 |     2.377689 |    1.527286 | 65.599998 | 86.793999 |
+---------+-----------------+--------------+-------------+-----------+-----------+
|     184 |        0.001990 |     2.374334 |    1.509699 | 65.647995 | 87.053993 |
+---------+-----------------+--------------+-------------+-----------+-----------+
|     185 |        0.001961 |     2.371634 |    1.472072 | 66.602005 | 87.283997 |
+---------+-----------------+--------------+-------------+-----------+-----------+
|     186 |        0.001932 |     2.369079 |    1.486669 | 66.428001 | 87.281998 |
+---------+-----------------+--------------+-------------+-----------+-----------+
|     187 |        0.001902 |     2.366439 |    1.519948 | 65.501999 | 86.931999 |
+---------+-----------------+--------------+-------------+-----------+-----------+
|     188 |        0.001873 |     2.363308 |    1.522713 | 65.594002 | 86.716003 |
+---------+-----------------+--------------+-------------+-----------+-----------+
|     189 |        0.001844 |     2.361182 |    1.488246 | 66.045998 | 87.330002 |
+---------+-----------------+--------------+-------------+-----------+-----------+
|     190 |        0.001816 |     2.360000 |    1.497208 | 65.798004 | 87.211990 |
+---------+-----------------+--------------+-------------+-----------+-----------+
|     191 |        0.001787 |     2.355440 |    1.512281 | 65.882004 | 87.035995 |
+---------+-----------------+--------------+-------------+-----------+-----------+
|     192 |        0.001758 |     2.352447 |    1.484306 | 66.601997 | 87.458000 |
+---------+-----------------+--------------+-------------+-----------+-----------+
|     193 |        0.001730 |     2.350588 |    1.519106 | 66.080002 | 87.026001 |
+---------+-----------------+--------------+-------------+-----------+-----------+
|     194 |        0.001701 |     2.348631 |    1.470719 | 66.697998 | 87.578003 |
+---------+-----------------+--------------+-------------+-----------+-----------+
|     195 |        0.001673 |     2.347426 |    1.468173 | 66.276001 | 87.496002 |
+---------+-----------------+--------------+-------------+-----------+-----------+
|     196 |        0.001645 |     2.344656 |    1.462350 | 66.669998 | 87.543999 |
+---------+-----------------+--------------+-------------+-----------+-----------+
|     197 |        0.001617 |     2.343225 |    1.472039 | 66.637993 | 87.516006 |
+---------+-----------------+--------------+-------------+-----------+-----------+
|     198 |        0.001590 |     2.339123 |    1.496028 | 65.841995 | 87.245995 |
+---------+-----------------+--------------+-------------+-----------+-----------+
|     199 |        0.001562 |     2.336107 |    1.455080 | 66.958000 | 87.883987 |
+---------+-----------------+--------------+-------------+-----------+-----------+
|     200 |        0.001535 |     2.333238 |    1.497915 | 66.159996 | 87.222008 |
+---------+-----------------+--------------+-------------+-----------+-----------+
|     201 |        0.001507 |     2.329798 |    1.472089 | 66.471992 | 87.383987 |
+---------+-----------------+--------------+-------------+-----------+-----------+
|     202 |        0.001480 |     2.325861 |    1.447157 | 67.139999 | 87.849991 |
+---------+-----------------+--------------+-------------+-----------+-----------+
|     203 |        0.001454 |     2.327692 |    1.428985 | 67.705994 | 87.975998 |
+---------+-----------------+--------------+-------------+-----------+-----------+
|     204 |        0.001427 |     2.322194 |    1.451910 | 67.115997 | 87.609993 |
+---------+-----------------+--------------+-------------+-----------+-----------+
|     205 |        0.001400 |     2.319035 |    1.468533 | 67.015999 | 87.659988 |
+---------+-----------------+--------------+-------------+-----------+-----------+
|     206 |        0.001374 |     2.316422 |    1.425491 | 67.273994 | 87.774002 |
+---------+-----------------+--------------+-------------+-----------+-----------+
|     207 |        0.001348 |     2.314633 |    1.441704 | 67.639999 | 87.935989 |
+---------+-----------------+--------------+-------------+-----------+-----------+
|     208 |        0.001322 |     2.310559 |    1.416630 | 67.528000 | 87.816002 |
+---------+-----------------+--------------+-------------+-----------+-----------+
|     209 |        0.001296 |     2.309034 |    1.433849 | 67.761993 | 88.057999 |
+---------+-----------------+--------------+-------------+-----------+-----------+
|     210 |        0.001270 |     2.306890 |    1.415804 | 67.484001 | 87.899994 |
+---------+-----------------+--------------+-------------+-----------+-----------+
|     211 |        0.001245 |     2.304139 |    1.466876 | 67.348000 | 87.748001 |
+---------+-----------------+--------------+-------------+-----------+-----------+
|     212 |        0.001219 |     2.300402 |    1.429871 | 67.457993 | 88.098000 |
+---------+-----------------+--------------+-------------+-----------+-----------+
|     213 |        0.001194 |     2.300086 |    1.418563 | 67.950005 | 88.324005 |
+---------+-----------------+--------------+-------------+-----------+-----------+
|     214 |        0.001169 |     2.295027 |    1.410192 | 67.806000 | 88.269989 |
+---------+-----------------+--------------+-------------+-----------+-----------+
|     215 |        0.001145 |     2.294002 |    1.405556 | 67.839996 | 88.217995 |
+---------+-----------------+--------------+-------------+-----------+-----------+
|     216 |        0.001120 |     2.289471 |    1.404168 | 68.157997 | 88.113991 |
+---------+-----------------+--------------+-------------+-----------+-----------+
|     217 |        0.001096 |     2.288405 |    1.402235 | 68.090004 | 88.283997 |
+---------+-----------------+--------------+-------------+-----------+-----------+
|     218 |        0.001072 |     2.284313 |    1.384401 | 68.229996 | 88.463997 |
+---------+-----------------+--------------+-------------+-----------+-----------+
|     219 |        0.001048 |     2.281034 |    1.400581 | 67.999992 | 88.351997 |
+---------+-----------------+--------------+-------------+-----------+-----------+
|     220 |        0.001024 |     2.279433 |    1.378893 | 68.440002 | 88.345993 |
+---------+-----------------+--------------+-------------+-----------+-----------+
|     221 |        0.001001 |     2.276425 |    1.381368 | 68.212006 | 88.449997 |
+---------+-----------------+--------------+-------------+-----------+-----------+
|     222 |        0.000978 |     2.273835 |    1.383988 | 68.338005 | 88.600006 |
+---------+-----------------+--------------+-------------+-----------+-----------+
|     223 |        0.000955 |     2.269849 |    1.378947 | 68.433998 | 88.533989 |
+---------+-----------------+--------------+-------------+-----------+-----------+
|     224 |        0.000932 |     2.266981 |    1.385915 | 68.673996 | 88.645996 |
+---------+-----------------+--------------+-------------+-----------+-----------+
|     225 |        0.000910 |     2.264983 |    1.361460 | 68.837997 | 88.770004 |
+---------+-----------------+--------------+-------------+-----------+-----------+
|     226 |        0.000887 |     2.260819 |    1.362514 | 69.079994 | 88.797989 |
+---------+-----------------+--------------+-------------+-----------+-----------+
|     227 |        0.000865 |     2.258313 |    1.360530 | 69.059998 | 88.837997 |
+---------+-----------------+--------------+-------------+-----------+-----------+
|     228 |        0.000843 |     2.258074 |    1.390309 | 68.425995 | 88.557999 |
+---------+-----------------+--------------+-------------+-----------+-----------+
|     229 |        0.000822 |     2.252784 |    1.373772 | 68.648003 | 88.515999 |
+---------+-----------------+--------------+-------------+-----------+-----------+
|     230 |        0.000800 |     2.251252 |    1.353262 | 69.031998 | 88.991997 |
+---------+-----------------+--------------+-------------+-----------+-----------+
|     231 |        0.000779 |     2.247471 |    1.350817 | 69.096001 | 88.955994 |
+---------+-----------------+--------------+-------------+-----------+-----------+
|     232 |        0.000758 |     2.245945 |    1.337847 | 69.138000 | 88.975998 |
+---------+-----------------+--------------+-------------+-----------+-----------+
|     233 |        0.000738 |     2.241338 |    1.335710 | 69.353996 | 89.038002 |
+---------+-----------------+--------------+-------------+-----------+-----------+
|     234 |        0.000717 |     2.238417 |    1.341660 | 69.107994 | 89.005997 |
+---------+-----------------+--------------+-------------+-----------+-----------+
|     235 |        0.000697 |     2.236788 |    1.357424 | 69.014000 | 88.877998 |
+---------+-----------------+--------------+-------------+-----------+-----------+
|     236 |        0.000677 |     2.235272 |    1.334884 | 69.578003 | 89.167992 |
+---------+-----------------+--------------+-------------+-----------+-----------+
|     237 |        0.000658 |     2.230629 |    1.341351 | 69.329994 | 89.108002 |
+---------+-----------------+--------------+-------------+-----------+-----------+
|     238 |        0.000638 |     2.227707 |    1.335252 | 69.270004 | 89.177994 |
+---------+-----------------+--------------+-------------+-----------+-----------+
|     239 |        0.000619 |     2.226576 |    1.335054 | 69.388000 | 89.191994 |
+---------+-----------------+--------------+-------------+-----------+-----------+
|     240 |        0.000601 |     2.222417 |    1.328278 | 69.433998 | 89.206009 |
+---------+-----------------+--------------+-------------+-----------+-----------+
|     241 |        0.000582 |     2.221270 |    1.340528 | 69.484001 | 89.242004 |
+---------+-----------------+--------------+-------------+-----------+-----------+
|     242 |        0.000564 |     2.216167 |    1.330624 | 69.369995 | 89.255997 |
+---------+-----------------+--------------+-------------+-----------+-----------+
|     243 |        0.000546 |     2.214751 |    1.317456 | 69.664001 | 89.241997 |
+---------+-----------------+--------------+-------------+-----------+-----------+
|     244 |        0.000528 |     2.213233 |    1.309987 | 69.759995 | 89.323997 |
+---------+-----------------+--------------+-------------+-----------+-----------+
|     245 |        0.000510 |     2.209209 |    1.309551 | 69.879997 | 89.389999 |
+---------+-----------------+--------------+-------------+-----------+-----------+
|     246 |        0.000493 |     2.206641 |    1.306583 | 70.213997 | 89.318008 |
+---------+-----------------+--------------+-------------+-----------+-----------+
|     247 |        0.000476 |     2.203892 |    1.306087 | 70.220001 | 89.457993 |
+---------+-----------------+--------------+-------------+-----------+-----------+
|     248 |        0.000460 |     2.201462 |    1.295060 | 70.117996 | 89.573990 |
+---------+-----------------+--------------+-------------+-----------+-----------+
|     249 |        0.000443 |     2.198682 |    1.304244 | 70.220001 | 89.683990 |
+---------+-----------------+--------------+-------------+-----------+-----------+
|     250 |        0.000427 |     2.196515 |    1.307521 | 70.063995 | 89.507996 |
+---------+-----------------+--------------+-------------+-----------+-----------+
|     251 |        0.000411 |     2.191981 |    1.303457 | 70.289993 | 89.599991 |
+---------+-----------------+--------------+-------------+-----------+-----------+
|     252 |        0.000396 |     2.189712 |    1.298221 | 70.220001 | 89.636002 |
+---------+-----------------+--------------+-------------+-----------+-----------+
|     253 |        0.000380 |     2.188735 |    1.290409 | 70.391998 | 89.801994 |
+---------+-----------------+--------------+-------------+-----------+-----------+
|     254 |        0.000365 |     2.185505 |    1.288724 | 70.340004 | 89.673996 |
+---------+-----------------+--------------+-------------+-----------+-----------+
|     255 |        0.000351 |     2.183682 |    1.301572 | 70.379997 | 89.645996 |
+---------+-----------------+--------------+-------------+-----------+-----------+
|     256 |        0.000336 |     2.180722 |    1.281202 | 70.554001 | 89.691994 |
+---------+-----------------+--------------+-------------+-----------+-----------+
|     257 |        0.000322 |     2.177453 |    1.276531 | 70.554001 | 89.686005 |
+---------+-----------------+--------------+-------------+-----------+-----------+
|     258 |        0.000309 |     2.176797 |    1.271505 | 70.671997 | 89.854004 |
+---------+-----------------+--------------+-------------+-----------+-----------+
|     259 |        0.000295 |     2.172599 |    1.280221 | 70.693993 | 89.710007 |
+---------+-----------------+--------------+-------------+-----------+-----------+
|     260 |        0.000282 |     2.171840 |    1.273595 | 70.804001 | 89.801994 |
+---------+-----------------+--------------+-------------+-----------+-----------+
|     261 |        0.000269 |     2.168733 |    1.281192 | 70.719994 | 89.883995 |
+---------+-----------------+--------------+-------------+-----------+-----------+
|     262 |        0.000256 |     2.166819 |    1.266967 | 70.854004 | 89.911995 |
+---------+-----------------+--------------+-------------+-----------+-----------+
|     263 |        0.000244 |     2.163545 |    1.269951 | 70.828003 | 89.945999 |
+---------+-----------------+--------------+-------------+-----------+-----------+
|     264 |        0.000232 |     2.160234 |    1.256980 | 70.956001 | 89.857994 |
+---------+-----------------+--------------+-------------+-----------+-----------+
|     265 |        0.000220 |     2.158875 |    1.271315 | 70.955994 | 89.928009 |
+---------+-----------------+--------------+-------------+-----------+-----------+
|     266 |        0.000209 |     2.158007 |    1.269466 | 70.902000 | 89.906006 |
+---------+-----------------+--------------+-------------+-----------+-----------+
|     267 |        0.000198 |     2.155190 |    1.267610 | 70.979996 | 90.029999 |
+---------+-----------------+--------------+-------------+-----------+-----------+
|     268 |        0.000187 |     2.153153 |    1.257057 | 71.056000 | 89.951996 |
+---------+-----------------+--------------+-------------+-----------+-----------+
|     269 |        0.000177 |     2.150556 |    1.267064 | 71.073997 | 89.970001 |
+---------+-----------------+--------------+-------------+-----------+-----------+
|     270 |        0.000166 |     2.148944 |    1.257180 | 71.129997 | 90.091995 |
+---------+-----------------+--------------+-------------+-----------+-----------+
|     271 |        0.000157 |     2.147364 |    1.251287 | 71.119995 | 90.136002 |
+---------+-----------------+--------------+-------------+-----------+-----------+
|     272 |        0.000147 |     2.145482 |    1.254072 | 71.247993 | 90.101997 |
+---------+-----------------+--------------+-------------+-----------+-----------+
|     273 |        0.000138 |     2.144442 |    1.250736 | 71.203995 | 90.099991 |
+---------+-----------------+--------------+-------------+-----------+-----------+
|     274 |        0.000129 |     2.141827 |    1.251864 | 71.178001 | 90.061996 |
+---------+-----------------+--------------+-------------+-----------+-----------+
|     275 |        0.000120 |     2.139035 |    1.253426 | 71.281998 | 90.213997 |
+---------+-----------------+--------------+-------------+-----------+-----------+
|     276 |        0.000112 |     2.138803 |    1.256946 | 71.289993 | 90.113991 |
+---------+-----------------+--------------+-------------+-----------+-----------+
|     277 |        0.000104 |     2.136654 |    1.248366 | 71.206001 | 90.177994 |
+---------+-----------------+--------------+-------------+-----------+-----------+
|     278 |        0.000096 |     2.136248 |    1.256575 | 71.363998 | 90.177994 |
+---------+-----------------+--------------+-------------+-----------+-----------+
|     279 |        0.000089 |     2.133549 |    1.246167 | 71.281998 | 90.223999 |
+---------+-----------------+--------------+-------------+-----------+-----------+
|     280 |        0.000082 |     2.133243 |    1.246988 | 71.290009 | 90.187996 |
+---------+-----------------+--------------+-------------+-----------+-----------+
|     281 |        0.000075 |     2.131774 |    1.246264 | 71.416000 | 90.259987 |
+---------+-----------------+--------------+-------------+-----------+-----------+
|     282 |        0.000069 |     2.130434 |    1.244703 | 71.360001 | 90.265999 |
+---------+-----------------+--------------+-------------+-----------+-----------+
|     283 |        0.000063 |     2.129489 |    1.243163 | 71.359993 | 90.271996 |
+---------+-----------------+--------------+-------------+-----------+-----------+
|     284 |        0.000057 |     2.129474 |    1.242203 | 71.447998 | 90.266006 |
+---------+-----------------+--------------+-------------+-----------+-----------+
|     285 |        0.000052 |     2.126152 |    1.238754 | 71.417999 | 90.203995 |
+---------+-----------------+--------------+-------------+-----------+-----------+
|     286 |        0.000047 |     2.127243 |    1.244679 | 71.421997 | 90.191994 |
+---------+-----------------+--------------+-------------+-----------+-----------+
|     287 |        0.000042 |     2.124122 |    1.245641 | 71.491997 | 90.315994 |
+---------+-----------------+--------------+-------------+-----------+-----------+
|     288 |        0.000038 |     2.124031 |    1.241853 | 71.542000 | 90.244003 |
+---------+-----------------+--------------+-------------+-----------+-----------+
|     289 |        0.000034 |     2.123111 |    1.243920 | 71.426003 | 90.306000 |
+---------+-----------------+--------------+-------------+-----------+-----------+
|     290 |        0.000030 |     2.123542 |    1.234052 | 71.484001 | 90.306000 |
+---------+-----------------+--------------+-------------+-----------+-----------+
|     291 |        0.000026 |     2.121541 |    1.239012 | 71.397995 | 90.321999 |
+---------+-----------------+--------------+-------------+-----------+-----------+
|     292 |        0.000023 |     2.121983 |    1.239707 | 71.456001 | 90.337997 |
+---------+-----------------+--------------+-------------+-----------+-----------+
|     293 |        0.000021 |     2.120001 |    1.238595 | 71.382004 | 90.302002 |
+---------+-----------------+--------------+-------------+-----------+-----------+
|     294 |        0.000018 |     2.120679 |    1.237153 | 71.451996 | 90.334000 |
+---------+-----------------+--------------+-------------+-----------+-----------+
|     295 |        0.000016 |     2.119657 |    1.237266 | 71.481995 | 90.281990 |
+---------+-----------------+--------------+-------------+-----------+-----------+
|     296 |        0.000014 |     2.118856 |    1.239539 | 71.385994 | 90.292000 |
+---------+-----------------+--------------+-------------+-----------+-----------+
|     297 |        0.000013 |     2.119667 |    1.232663 | 71.369995 | 90.289993 |
+---------+-----------------+--------------+-------------+-----------+-----------+
|     298 |        0.000011 |     2.119651 |    1.241225 | 71.488007 | 90.249992 |
+---------+-----------------+--------------+-------------+-----------+-----------+
|     299 |        0.000011 |     2.119108 |    1.237903 | 71.458000 | 90.301994 |
+---------+-----------------+--------------+-------------+-----------+-----------+
best top1: 71.54%		best top5: 90.34%