[2026-04-21 10:58:13]: INFO train dataset 48000 images, val dataset 12000 images
[2026-04-21 10:58:13]: INFO model: tinynext_t
[2026-04-21 10:58:13]: INFO number of params: 855508
[2026-04-21 10:58:13]: INFO {
  "batch_size": 32,
  "epochs": 20,
  "model": "tinynext_t",
  "srcpy": "",
  "input_size": 224,
  "opt": "adamw",
  "opt_eps": 1e-08,
  "opt_betas": null,
  "clip_grad": 0.02,
  "clip_mode": "agc",
  "momentum": 0.9,
  "weight_decay": 0.05,
  "sched": "cosine",
  "lr": 0.004,
  "lr_noise": null,
  "lr_noise_pct": 0.67,
  "lr_noise_std": 1.0,
  "warmup_lr": 1e-06,
  "min_lr": 1e-05,
  "decay_epochs": 30,
  "warmup_epochs": 10,
  "cooldown_epochs": 10,
  "patience_epochs": 10,
  "decay_rate": 0.1,
  "ThreeAugment": false,
  "color_jitter": 0.4,
  "aa": "rand-m9-mstd0.5-inc1",
  "smoothing": 0.1,
  "train_interpolation": "bicubic",
  "repeated_aug": false,
  "reprob": 0.1,
  "remode": "pixel",
  "recount": 1,
  "resplit": false,
  "mixup": 0.2,
  "cutmix": 0.2,
  "cutmix_minmax": null,
  "mixup_prob": 1.0,
  "mixup_switch_prob": 0.5,
  "mixup_mode": "batch",
  "teacher_model": "regnety_160",
  "teacher_path": "https://dl.fbaipublicfiles.com/deit/regnety_160-a5fe301d.pth",
  "distillation_type": "none",
  "distillation_alpha": 0.5,
  "distillation_tau": 1.0,
  "data_path": "f:\\CS_547_TinyNeXt_WESTAC\\Data\\mini_imagenet_100_folder",
  "data_set": "FOLDER",
  "train_split": "train",
  "val_split": "val",
  "num_classes": 100,
  "custom_mean": null,
  "custom_std": null,
  "inat_category": "name",
  "output_dir": "logs_exp2_mini_imagenet_cpu_retry/full/tuned/tinynext_t/2026_04_21_10H",
  "device": "cpu",
  "seed": 0,
  "resume": "",
  "start_epoch": 0,
  "eval": false,
  "dist_eval": true,
  "num_workers": 0,
  "pin_mem": true,
  "world_size": 1,
  "dist_url": "env://",
  "distributed": false
}
[2026-04-21 10:58:13]: INFO [Epoch 0]
[2026-04-21 10:58:15]: INFO >    1/1500  loss: 4.6077  time: 1.56s/it  eta: 0:39:03
[2026-04-21 11:00:48]: INFO >  101/1500  loss: 4.5925  time: 1.76s/it  eta: 0:35:42
[2026-04-21 11:04:03]: INFO >  201/1500  loss: 4.5988  time: 1.98s/it  eta: 0:37:39
[2026-04-21 11:07:16]: INFO >  301/1500  loss: 4.6192  time: 1.91s/it  eta: 0:36:04
[2026-04-21 11:10:27]: INFO >  401/1500  loss: 4.6028  time: 1.96s/it  eta: 0:33:33
[2026-04-21 11:14:51]: INFO >  501/1500  loss: 4.6053  time: 2.57s/it  eta: 0:33:11
[2026-04-21 11:19:16]: INFO >  601/1500  loss: 4.6109  time: 2.56s/it  eta: 0:31:30
[2026-04-21 11:23:52]: INFO >  701/1500  loss: 4.6122  time: 2.44s/it  eta: 0:29:16
[2026-04-21 11:28:31]: INFO >  801/1500  loss: 4.6068  time: 3.95s/it  eta: 0:26:28
[2026-04-21 11:32:46]: INFO >  901/1500  loss: 4.6059  time: 2.46s/it  eta: 0:23:00
[2026-04-21 11:37:00]: INFO > 1001/1500  loss: 4.6087  time: 2.68s/it  eta: 0:19:22
[2026-04-21 11:40:58]: INFO > 1101/1500  loss: 4.5861  time: 2.40s/it  eta: 0:15:31
[2026-04-21 11:44:55]: INFO > 1201/1500  loss: 4.5914  time: 2.22s/it  eta: 0:11:39
[2026-04-21 11:48:54]: INFO > 1301/1500  loss: 4.5915  time: 2.45s/it  eta: 0:07:47
[2026-04-21 11:52:53]: INFO > 1401/1500  loss: 4.6067  time: 2.16s/it  eta: 0:03:54
[2026-04-21 11:56:55]: INFO * train lr: 0.000001	loss: 4.6042	cost: 0:58:42
[2026-04-21 12:03:14]: INFO * eval  loss: 4.5927	top1: 1.86	top5: 7.72
[2026-04-21 12:03:15]: INFO * best top1: 1.86%
[2026-04-21 12:03:15]: INFO [Epoch 1]
[2026-04-21 12:03:17]: INFO >    1/1500  loss: 4.6030  time: 2.68s/it  eta: 1:06:55
[2026-04-21 12:07:38]: INFO >  101/1500  loss: 4.6097  time: 2.09s/it  eta: 1:00:55
[2026-04-21 12:11:22]: INFO >  201/1500  loss: 4.6171  time: 2.01s/it  eta: 0:52:30
[2026-04-21 12:14:58]: INFO >  301/1500  loss: 4.5937  time: 2.06s/it  eta: 0:46:45
[2026-04-21 12:18:34]: INFO >  401/1500  loss: 4.5723  time: 2.30s/it  eta: 0:42:03
[2026-04-21 12:22:14]: INFO >  501/1500  loss: 4.6093  time: 2.24s/it  eta: 0:37:53
[2026-04-21 12:25:48]: INFO >  601/1500  loss: 4.6040  time: 1.94s/it  eta: 0:33:46
[2026-04-21 12:29:13]: INFO >  701/1500  loss: 4.5983  time: 2.59s/it  eta: 0:29:38
[2026-04-21 12:32:54]: INFO >  801/1500  loss: 4.6044  time: 2.02s/it  eta: 0:25:54
[2026-04-21 12:36:15]: INFO >  901/1500  loss: 4.5902  time: 1.93s/it  eta: 0:21:58
[2026-04-21 12:39:38]: INFO > 1001/1500  loss: 4.5890  time: 2.39s/it  eta: 0:18:10
[2026-04-21 12:42:58]: INFO > 1101/1500  loss: 4.5910  time: 1.92s/it  eta: 0:14:25
[2026-04-21 12:46:19]: INFO > 1201/1500  loss: 4.5830  time: 2.00s/it  eta: 0:10:45
[2026-04-21 12:49:41]: INFO > 1301/1500  loss: 4.5873  time: 2.25s/it  eta: 0:07:08
[2026-04-21 12:53:01]: INFO > 1401/1500  loss: 4.5877  time: 1.95s/it  eta: 0:03:33
[2026-04-21 12:56:18]: INFO * train lr: 0.000001	loss: 4.5980	cost: 0:53:03
[2026-04-21 12:59:19]: INFO * eval  loss: 4.5807	top1: 2.72	top5: 10.57
[2026-04-21 12:59:20]: INFO * best top1: 2.72%
[2026-04-21 12:59:20]: INFO [Epoch 2]
[2026-04-21 12:59:21]: INFO >    1/1500  loss: 4.5946  time: 1.38s/it  eta: 0:34:35
[2026-04-21 13:01:52]: INFO >  101/1500  loss: 4.5932  time: 1.36s/it  eta: 0:35:06
[2026-04-21 13:04:08]: INFO >  201/1500  loss: 4.5391  time: 1.31s/it  eta: 0:31:05
[2026-04-21 13:06:41]: INFO >  301/1500  loss: 4.6075  time: 2.13s/it  eta: 0:29:21
[2026-04-21 13:09:30]: INFO >  401/1500  loss: 4.5696  time: 1.39s/it  eta: 0:27:53
[2026-04-21 13:11:37]: INFO >  501/1500  loss: 4.6097  time: 1.22s/it  eta: 0:24:30
[2026-04-21 13:13:43]: INFO >  601/1500  loss: 4.5766  time: 1.25s/it  eta: 0:21:33
[2026-04-21 13:15:50]: INFO >  701/1500  loss: 4.5845  time: 1.24s/it  eta: 0:18:49
[2026-04-21 13:17:56]: INFO >  801/1500  loss: 4.5951  time: 1.22s/it  eta: 0:16:15
[2026-04-21 13:20:07]: INFO >  901/1500  loss: 4.5916  time: 1.44s/it  eta: 0:13:50
[2026-04-21 13:22:31]: INFO > 1001/1500  loss: 4.5637  time: 1.52s/it  eta: 0:11:34
[2026-04-21 13:24:56]: INFO > 1101/1500  loss: 4.6220  time: 1.41s/it  eta: 0:09:18
[2026-04-21 13:27:21]: INFO > 1201/1500  loss: 4.5524  time: 1.43s/it  eta: 0:06:59
[2026-04-21 13:29:46]: INFO > 1301/1500  loss: 4.5113  time: 1.44s/it  eta: 0:04:40
[2026-04-21 13:32:11]: INFO > 1401/1500  loss: 4.5767  time: 1.42s/it  eta: 0:02:20
[2026-04-21 13:34:35]: INFO * train lr: 0.000401	loss: 4.5836	cost: 0:35:14
[2026-04-21 13:38:17]: INFO * eval  loss: 4.5054	top1: 4.48	top5: 16.02
[2026-04-21 13:38:17]: INFO * best top1: 4.48%
[2026-04-21 13:38:17]: INFO [Epoch 3]
[2026-04-21 13:38:19]: INFO >    1/1500  loss: 4.5391  time: 1.45s/it  eta: 0:36:20
[2026-04-21 13:40:45]: INFO >  101/1500  loss: 4.5813  time: 1.45s/it  eta: 0:34:01
[2026-04-21 13:43:18]: INFO >  201/1500  loss: 4.5637  time: 1.41s/it  eta: 0:32:26
[2026-04-21 13:45:43]: INFO >  301/1500  loss: 4.6094  time: 1.45s/it  eta: 0:29:37
[2026-04-21 13:48:08]: INFO >  401/1500  loss: 4.5667  time: 1.48s/it  eta: 0:27:00
[2026-04-21 13:50:33]: INFO >  501/1500  loss: 4.5619  time: 1.42s/it  eta: 0:24:28
[2026-04-21 13:52:58]: INFO >  601/1500  loss: 4.5848  time: 1.45s/it  eta: 0:21:59
[2026-04-21 13:55:24]: INFO >  701/1500  loss: 4.5721  time: 1.45s/it  eta: 0:19:31
[2026-04-21 13:57:49]: INFO >  801/1500  loss: 4.5661  time: 1.42s/it  eta: 0:17:03
[2026-04-21 14:00:13]: INFO >  901/1500  loss: 4.6382  time: 1.26s/it  eta: 0:14:35
[2026-04-21 14:02:19]: INFO > 1001/1500  loss: 4.6021  time: 1.35s/it  eta: 0:12:00
[2026-04-21 14:04:26]: INFO > 1101/1500  loss: 4.5391  time: 1.25s/it  eta: 0:09:29
[2026-04-21 14:06:33]: INFO > 1201/1500  loss: 4.6070  time: 1.22s/it  eta: 0:07:03
[2026-04-21 14:08:37]: INFO > 1301/1500  loss: 4.5167  time: 1.22s/it  eta: 0:04:39
[2026-04-21 14:10:46]: INFO > 1401/1500  loss: 4.5611  time: 1.27s/it  eta: 0:02:19
[2026-04-21 14:12:52]: INFO * train lr: 0.000801	loss: 4.5703	cost: 0:34:34
[2026-04-21 14:15:29]: INFO * eval  loss: 4.4895	top1: 4.26	top5: 15.57
[2026-04-21 14:15:29]: INFO * best top1: 4.48%
[2026-04-21 14:15:29]: INFO [Epoch 4]
[2026-04-21 14:15:30]: INFO >    1/1500  loss: 4.5060  time: 1.34s/it  eta: 0:33:24
[2026-04-21 14:17:41]: INFO >  101/1500  loss: 4.5738  time: 1.36s/it  eta: 0:30:30
[2026-04-21 14:19:51]: INFO >  201/1500  loss: 4.5765  time: 1.26s/it  eta: 0:28:15
[2026-04-21 14:21:59]: INFO >  301/1500  loss: 4.5901  time: 1.24s/it  eta: 0:25:55
[2026-04-21 14:24:08]: INFO >  401/1500  loss: 4.5370  time: 1.32s/it  eta: 0:23:43
[2026-04-21 14:26:18]: INFO >  501/1500  loss: 4.6108  time: 1.25s/it  eta: 0:21:35
[2026-04-21 14:28:27]: INFO >  601/1500  loss: 4.5582  time: 1.37s/it  eta: 0:19:24
[2026-04-21 14:30:37]: INFO >  701/1500  loss: 4.5475  time: 1.24s/it  eta: 0:17:16
[2026-04-21 14:32:46]: INFO >  801/1500  loss: 4.6082  time: 1.21s/it  eta: 0:15:05
[2026-04-21 14:34:51]: INFO >  901/1500  loss: 4.5646  time: 1.32s/it  eta: 0:12:53
[2026-04-21 14:36:58]: INFO > 1001/1500  loss: 4.5895  time: 1.35s/it  eta: 0:10:43
[2026-04-21 14:39:42]: INFO > 1101/1500  loss: 4.5994  time: 1.86s/it  eta: 0:08:47
[2026-04-21 14:42:18]: INFO > 1201/1500  loss: 4.5699  time: 1.24s/it  eta: 0:06:42
[2026-04-21 14:44:20]: INFO > 1301/1500  loss: 4.5711  time: 1.18s/it  eta: 0:04:26
[2026-04-21 14:46:23]: INFO > 1401/1500  loss: 4.5772  time: 1.21s/it  eta: 0:02:12
[2026-04-21 14:48:27]: INFO * train lr: 0.001201	loss: 4.5622	cost: 0:32:57
[2026-04-21 14:50:54]: INFO * eval  loss: 4.4807	top1: 3.56	top5: 14.02
[2026-04-21 14:50:55]: INFO * best top1: 4.48%
[2026-04-21 14:50:55]: INFO [Epoch 5]
[2026-04-21 14:50:56]: INFO >    1/1500  loss: 4.4604  time: 1.23s/it  eta: 0:30:46
[2026-04-21 14:53:00]: INFO >  101/1500  loss: 4.5964  time: 1.25s/it  eta: 0:28:59
[2026-04-21 14:55:04]: INFO >  201/1500  loss: 4.5976  time: 1.21s/it  eta: 0:26:53
[2026-04-21 14:57:08]: INFO >  301/1500  loss: 4.5796  time: 1.24s/it  eta: 0:24:47
[2026-04-21 14:59:12]: INFO >  401/1500  loss: 4.5223  time: 1.30s/it  eta: 0:22:44
[2026-04-21 15:01:16]: INFO >  501/1500  loss: 4.4542  time: 1.21s/it  eta: 0:20:40
[2026-04-21 15:03:26]: INFO >  601/1500  loss: 4.6563  time: 1.33s/it  eta: 0:18:45
[2026-04-21 15:05:47]: INFO >  701/1500  loss: 4.5473  time: 1.87s/it  eta: 0:16:58
[2026-04-21 15:08:42]: INFO >  801/1500  loss: 4.5735  time: 1.94s/it  eta: 0:15:32
[2026-04-21 15:11:10]: INFO >  901/1500  loss: 4.6536  time: 1.39s/it  eta: 0:13:29
[2026-04-21 15:13:29]: INFO > 1001/1500  loss: 4.4826  time: 1.71s/it  eta: 0:11:16
[2026-04-21 15:16:04]: INFO > 1101/1500  loss: 4.5374  time: 1.54s/it  eta: 0:09:08
[2026-04-21 15:18:42]: INFO > 1201/1500  loss: 4.5234  time: 1.68s/it  eta: 0:06:56
[2026-04-21 15:21:21]: INFO > 1301/1500  loss: 4.5020  time: 1.56s/it  eta: 0:04:40
[2026-04-21 15:24:01]: INFO > 1401/1500  loss: 4.5394  time: 1.64s/it  eta: 0:02:21
[2026-04-21 15:26:39]: INFO * train lr: 0.001601	loss: 4.5473	cost: 0:35:43
[2026-04-21 15:30:49]: INFO * eval  loss: 4.4010	top1: 5.59	top5: 18.82
[2026-04-21 15:30:50]: INFO * best top1: 5.59%
[2026-04-21 15:30:50]: INFO [Epoch 6]
[2026-04-21 15:30:51]: INFO >    1/1500  loss: 4.5523  time: 1.58s/it  eta: 0:39:30
[2026-04-21 15:33:31]: INFO >  101/1500  loss: 4.5563  time: 1.55s/it  eta: 0:37:19
[2026-04-21 15:36:16]: INFO >  201/1500  loss: 4.4939  time: 1.61s/it  eta: 0:35:12
[2026-04-21 15:39:00]: INFO >  301/1500  loss: 4.5566  time: 1.59s/it  eta: 0:32:34
[2026-04-21 15:41:43]: INFO >  401/1500  loss: 4.4598  time: 1.63s/it  eta: 0:29:52
[2026-04-21 15:44:28]: INFO >  501/1500  loss: 4.6222  time: 1.59s/it  eta: 0:27:13
[2026-04-21 15:47:13]: INFO >  601/1500  loss: 4.5076  time: 1.60s/it  eta: 0:24:32
[2026-04-21 15:49:56]: INFO >  701/1500  loss: 4.5049  time: 1.62s/it  eta: 0:21:48
[2026-04-21 15:52:39]: INFO >  801/1500  loss: 4.5203  time: 1.55s/it  eta: 0:19:04
[2026-04-21 15:55:22]: INFO >  901/1500  loss: 4.5327  time: 1.62s/it  eta: 0:16:20
[2026-04-21 15:58:04]: INFO > 1001/1500  loss: 4.4970  time: 1.44s/it  eta: 0:13:36
[2026-04-21 16:00:24]: INFO > 1101/1500  loss: 4.3846  time: 1.35s/it  eta: 0:10:44
[2026-04-21 16:02:43]: INFO > 1201/1500  loss: 4.4809  time: 1.36s/it  eta: 0:07:57
[2026-04-21 16:04:57]: INFO > 1301/1500  loss: 4.3988  time: 1.33s/it  eta: 0:05:14
[2026-04-21 16:07:12]: INFO > 1401/1500  loss: 4.4766  time: 1.36s/it  eta: 0:02:35
[2026-04-21 16:09:26]: INFO * train lr: 0.002001	loss: 4.5245	cost: 0:38:36
[2026-04-21 16:12:10]: INFO * eval  loss: 4.3842	top1: 5.36	top5: 19.19
[2026-04-21 16:12:11]: INFO * best top1: 5.59%
[2026-04-21 16:12:11]: INFO [Epoch 7]
[2026-04-21 16:12:12]: INFO >    1/1500  loss: 4.4059  time: 1.34s/it  eta: 0:33:25
[2026-04-21 16:14:30]: INFO >  101/1500  loss: 4.5651  time: 1.39s/it  eta: 0:32:12
[2026-04-21 16:16:48]: INFO >  201/1500  loss: 4.5209  time: 1.46s/it  eta: 0:29:54
[2026-04-21 16:19:05]: INFO >  301/1500  loss: 4.4919  time: 1.40s/it  eta: 0:27:30
[2026-04-21 16:21:22]: INFO >  401/1500  loss: 4.3670  time: 1.45s/it  eta: 0:25:12
[2026-04-21 16:23:38]: INFO >  501/1500  loss: 4.4113  time: 1.34s/it  eta: 0:22:52
[2026-04-21 16:25:56]: INFO >  601/1500  loss: 4.4741  time: 1.38s/it  eta: 0:20:35
[2026-04-21 16:28:15]: INFO >  701/1500  loss: 4.6183  time: 1.36s/it  eta: 0:18:20
[2026-04-21 16:30:33]: INFO >  801/1500  loss: 4.5491  time: 1.39s/it  eta: 0:16:03
[2026-04-21 16:32:54]: INFO >  901/1500  loss: 4.5930  time: 1.38s/it  eta: 0:13:48
[2026-04-21 16:35:16]: INFO > 1001/1500  loss: 4.5146  time: 1.52s/it  eta: 0:11:32
[2026-04-21 16:37:38]: INFO > 1101/1500  loss: 4.4528  time: 1.40s/it  eta: 0:09:14
[2026-04-21 16:39:59]: INFO > 1201/1500  loss: 4.5976  time: 1.55s/it  eta: 0:06:56
[2026-04-21 16:42:22]: INFO > 1301/1500  loss: 4.4720  time: 1.41s/it  eta: 0:04:38
[2026-04-21 16:44:42]: INFO > 1401/1500  loss: 4.5205  time: 1.40s/it  eta: 0:02:19
[2026-04-21 16:47:00]: INFO * train lr: 0.002400	loss: 4.5151	cost: 0:34:49
[2026-04-21 16:49:49]: INFO * eval  loss: 4.3729	top1: 6.31	top5: 19.48
[2026-04-21 16:49:49]: INFO * best top1: 6.31%
[2026-04-21 16:49:49]: INFO [Epoch 8]
[2026-04-21 16:49:51]: INFO >    1/1500  loss: 4.4998  time: 1.32s/it  eta: 0:32:56
[2026-04-21 16:52:49]: INFO >  101/1500  loss: 4.5069  time: 1.86s/it  eta: 0:41:29
[2026-04-21 16:56:13]: INFO >  201/1500  loss: 4.5287  time: 1.78s/it  eta: 0:41:19
[2026-04-21 16:59:43]: INFO >  301/1500  loss: 4.5838  time: 2.38s/it  eta: 0:39:26
[2026-04-21 17:03:34]: INFO >  401/1500  loss: 4.4863  time: 2.27s/it  eta: 0:37:40
[2026-04-21 17:07:22]: INFO >  501/1500  loss: 4.5987  time: 2.32s/it  eta: 0:34:59
[2026-04-21 17:11:08]: INFO >  601/1500  loss: 4.5449  time: 2.14s/it  eta: 0:31:55
[2026-04-21 17:14:56]: INFO >  701/1500  loss: 4.5408  time: 2.44s/it  eta: 0:28:38
[2026-04-21 17:18:49]: INFO >  801/1500  loss: 4.5079  time: 2.20s/it  eta: 0:25:20
[2026-04-21 17:22:46]: INFO >  901/1500  loss: 4.5428  time: 2.29s/it  eta: 0:21:56
[2026-04-21 17:26:25]: INFO > 1001/1500  loss: 4.4218  time: 2.29s/it  eta: 0:18:16
[2026-04-21 17:30:05]: INFO > 1101/1500  loss: 4.4369  time: 2.29s/it  eta: 0:14:37
[2026-04-21 17:33:52]: INFO > 1201/1500  loss: 4.6489  time: 2.23s/it  eta: 0:11:00
[2026-04-21 17:37:38]: INFO > 1301/1500  loss: 4.4293  time: 2.07s/it  eta: 0:07:20
[2026-04-21 17:41:09]: INFO > 1401/1500  loss: 4.4256  time: 2.15s/it  eta: 0:03:39
[2026-04-21 17:44:40]: INFO * train lr: 0.002800	loss: 4.5141	cost: 0:54:50
[2026-04-21 17:48:56]: INFO * eval  loss: 4.3518	top1: 6.22	top5: 19.49
[2026-04-21 17:48:56]: INFO * best top1: 6.31%
[2026-04-21 17:48:56]: INFO [Epoch 9]
[2026-04-21 17:48:58]: INFO >    1/1500  loss: 4.3038  time: 2.00s/it  eta: 0:49:55
[2026-04-21 17:52:04]: INFO >  101/1500  loss: 4.5571  time: 1.94s/it  eta: 0:43:18
[2026-04-21 17:55:16]: INFO >  201/1500  loss: 4.5661  time: 1.82s/it  eta: 0:40:54
[2026-04-21 17:58:24]: INFO >  301/1500  loss: 4.4697  time: 1.99s/it  eta: 0:37:41
[2026-04-21 18:01:43]: INFO >  401/1500  loss: 4.5970  time: 2.20s/it  eta: 0:35:01
[2026-04-21 18:05:09]: INFO >  501/1500  loss: 4.4702  time: 1.96s/it  eta: 0:32:20
[2026-04-21 18:08:34]: INFO >  601/1500  loss: 4.5418  time: 2.14s/it  eta: 0:29:22
[2026-04-21 18:12:09]: INFO >  701/1500  loss: 4.3023  time: 2.16s/it  eta: 0:26:28
[2026-04-21 18:15:34]: INFO >  801/1500  loss: 4.5077  time: 2.00s/it  eta: 0:23:15
[2026-04-21 18:19:00]: INFO >  901/1500  loss: 4.6204  time: 2.16s/it  eta: 0:20:00
[2026-04-21 18:22:25]: INFO > 1001/1500  loss: 4.4860  time: 2.17s/it  eta: 0:16:43
[2026-04-21 18:25:49]: INFO > 1101/1500  loss: 4.5068  time: 1.98s/it  eta: 0:13:23
[2026-04-21 18:29:28]: INFO > 1201/1500  loss: 4.6197  time: 2.29s/it  eta: 0:10:07
[2026-04-21 18:33:18]: INFO > 1301/1500  loss: 4.3292  time: 2.30s/it  eta: 0:06:49
[2026-04-21 18:37:08]: INFO > 1401/1500  loss: 4.3694  time: 2.23s/it  eta: 0:03:26
[2026-04-21 18:40:52]: INFO * train lr: 0.003200	loss: 4.5090	cost: 0:51:55
[2026-04-21 18:44:50]: INFO * eval  loss: 4.3199	top1: 6.44	top5: 20.23
[2026-04-21 18:44:51]: INFO * best top1: 6.44%
[2026-04-21 18:44:51]: INFO [Epoch 10]
[2026-04-21 18:44:53]: INFO >    1/1500  loss: 4.4808  time: 2.27s/it  eta: 0:56:50
[2026-04-21 18:48:21]: INFO >  101/1500  loss: 4.2971  time: 2.23s/it  eta: 0:48:37
[2026-04-21 18:51:51]: INFO >  201/1500  loss: 4.5356  time: 2.00s/it  eta: 0:45:20
[2026-04-21 18:55:20]: INFO >  301/1500  loss: 4.4485  time: 2.14s/it  eta: 0:41:50
[2026-04-21 18:58:47]: INFO >  401/1500  loss: 4.5271  time: 2.19s/it  eta: 0:38:15
[2026-04-21 19:02:32]: INFO >  501/1500  loss: 4.4472  time: 2.32s/it  eta: 0:35:18
[2026-04-21 19:06:25]: INFO >  601/1500  loss: 4.5419  time: 2.31s/it  eta: 0:32:18
[2026-04-21 19:10:10]: INFO >  701/1500  loss: 4.5284  time: 2.04s/it  eta: 0:28:53
[2026-04-21 19:13:33]: INFO >  801/1500  loss: 4.4385  time: 2.02s/it  eta: 0:25:04
[2026-04-21 19:16:51]: INFO >  901/1500  loss: 4.4755  time: 1.83s/it  eta: 0:21:18
[2026-04-21 19:19:57]: INFO > 1001/1500  loss: 4.4180  time: 2.16s/it  eta: 0:17:32
[2026-04-21 19:23:19]: INFO > 1101/1500  loss: 4.4116  time: 2.07s/it  eta: 0:13:58
[2026-04-21 19:26:38]: INFO > 1201/1500  loss: 4.5500  time: 1.71s/it  eta: 0:10:26
[2026-04-21 19:29:47]: INFO > 1301/1500  loss: 4.4526  time: 1.85s/it  eta: 0:06:54
[2026-04-21 19:32:34]: INFO > 1401/1500  loss: 4.3617  time: 1.27s/it  eta: 0:03:24
[2026-04-21 19:34:40]: INFO * train lr: 0.003600	loss: 4.4953	cost: 0:49:49
[2026-04-21 19:37:13]: INFO * eval  loss: 4.2595	top1: 8.15	top5: 23.04
[2026-04-21 19:37:14]: INFO * best top1: 8.15%
[2026-04-21 19:37:14]: INFO [Epoch 11]
[2026-04-21 19:37:16]: INFO >    1/1500  loss: 4.3771  time: 1.26s/it  eta: 0:31:26
[2026-04-21 19:39:23]: INFO >  101/1500  loss: 4.4853  time: 1.27s/it  eta: 0:29:49
[2026-04-21 19:41:31]: INFO >  201/1500  loss: 4.3735  time: 1.23s/it  eta: 0:27:37
[2026-04-21 19:43:38]: INFO >  301/1500  loss: 4.5356  time: 1.29s/it  eta: 0:25:29
[2026-04-21 19:45:45]: INFO >  401/1500  loss: 4.5576  time: 1.33s/it  eta: 0:23:21
[2026-04-21 19:47:54]: INFO >  501/1500  loss: 4.3698  time: 1.24s/it  eta: 0:21:16
[2026-04-21 19:50:01]: INFO >  601/1500  loss: 4.3962  time: 1.29s/it  eta: 0:19:08
[2026-04-21 19:52:09]: INFO >  701/1500  loss: 4.5382  time: 1.28s/it  eta: 0:17:00
[2026-04-21 19:54:16]: INFO >  801/1500  loss: 4.3978  time: 1.24s/it  eta: 0:14:52
[2026-04-21 19:56:24]: INFO >  901/1500  loss: 4.3939  time: 1.34s/it  eta: 0:12:45
[2026-04-21 19:58:31]: INFO > 1001/1500  loss: 4.5206  time: 1.35s/it  eta: 0:10:37
[2026-04-21 20:00:40]: INFO > 1101/1500  loss: 4.4635  time: 1.27s/it  eta: 0:08:30
[2026-04-21 20:02:48]: INFO > 1201/1500  loss: 4.6339  time: 1.25s/it  eta: 0:06:23
[2026-04-21 20:04:56]: INFO > 1301/1500  loss: 4.3991  time: 1.23s/it  eta: 0:04:15
[2026-04-21 20:07:04]: INFO > 1401/1500  loss: 4.4890  time: 1.29s/it  eta: 0:02:07
[2026-04-21 20:09:11]: INFO * train lr: 0.002005	loss: 4.4633	cost: 0:31:56
[2026-04-21 20:11:45]: INFO * eval  loss: 4.2858	top1: 9.30	top5: 24.61
[2026-04-21 20:11:45]: INFO * best top1: 9.30%
[2026-04-21 20:11:45]: INFO [Epoch 12]
[2026-04-21 20:11:46]: INFO >    1/1500  loss: 4.4240  time: 1.28s/it  eta: 0:31:57
[2026-04-21 20:13:55]: INFO >  101/1500  loss: 4.3946  time: 1.32s/it  eta: 0:29:55
[2026-04-21 20:16:03]: INFO >  201/1500  loss: 4.3079  time: 1.24s/it  eta: 0:27:46
[2026-04-21 20:18:11]: INFO >  301/1500  loss: 4.4846  time: 1.26s/it  eta: 0:25:38
[2026-04-21 20:20:19]: INFO >  401/1500  loss: 4.3689  time: 1.31s/it  eta: 0:23:29
[2026-04-21 20:22:27]: INFO >  501/1500  loss: 4.2344  time: 1.25s/it  eta: 0:21:20
[2026-04-21 20:24:34]: INFO >  601/1500  loss: 4.4909  time: 1.39s/it  eta: 0:19:11
[2026-04-21 20:26:42]: INFO >  701/1500  loss: 4.3657  time: 1.28s/it  eta: 0:17:04
[2026-04-21 20:28:54]: INFO >  801/1500  loss: 4.5135  time: 1.28s/it  eta: 0:14:58
[2026-04-21 20:31:01]: INFO >  901/1500  loss: 4.5077  time: 1.28s/it  eta: 0:12:49
[2026-04-21 20:33:08]: INFO > 1001/1500  loss: 4.4892  time: 1.37s/it  eta: 0:10:40
[2026-04-21 20:35:14]: INFO > 1101/1500  loss: 4.4502  time: 1.27s/it  eta: 0:08:31
[2026-04-21 20:37:21]: INFO > 1201/1500  loss: 4.5556  time: 1.25s/it  eta: 0:06:23
[2026-04-21 20:39:28]: INFO > 1301/1500  loss: 4.2557  time: 1.22s/it  eta: 0:04:15
[2026-04-21 20:41:35]: INFO > 1401/1500  loss: 4.4448  time: 1.32s/it  eta: 0:02:07
[2026-04-21 20:43:41]: INFO * train lr: 0.001693	loss: 4.4515	cost: 0:31:55
[2026-04-21 20:46:11]: INFO * eval  loss: 4.2047	top1: 10.99	top5: 27.68
[2026-04-21 20:46:12]: INFO * best top1: 10.99%
[2026-04-21 20:46:12]: INFO [Epoch 13]
[2026-04-21 20:46:13]: INFO >    1/1500  loss: 4.3222  time: 1.28s/it  eta: 0:31:54
[2026-04-21 20:48:21]: INFO >  101/1500  loss: 4.4812  time: 1.29s/it  eta: 0:29:52
[2026-04-21 20:50:29]: INFO >  201/1500  loss: 4.5519  time: 1.25s/it  eta: 0:27:40
[2026-04-21 20:52:36]: INFO >  301/1500  loss: 4.4209  time: 1.26s/it  eta: 0:25:30
[2026-04-21 20:54:51]: INFO >  401/1500  loss: 4.3000  time: 1.34s/it  eta: 0:23:43
[2026-04-21 20:57:00]: INFO >  501/1500  loss: 4.6118  time: 1.27s/it  eta: 0:21:33
[2026-04-21 20:59:13]: INFO >  601/1500  loss: 4.4224  time: 1.31s/it  eta: 0:19:29
[2026-04-21 21:01:23]: INFO >  701/1500  loss: 4.2783  time: 1.28s/it  eta: 0:17:19
[2026-04-21 21:03:31]: INFO >  801/1500  loss: 4.4734  time: 1.25s/it  eta: 0:15:08
[2026-04-21 21:06:17]: INFO >  901/1500  loss: 4.4697  time: 1.84s/it  eta: 0:13:22
[2026-04-21 21:09:28]: INFO > 1001/1500  loss: 4.3544  time: 2.01s/it  eta: 0:11:37
[2026-04-21 21:11:45]: INFO > 1101/1500  loss: 4.3119  time: 1.24s/it  eta: 0:09:16
[2026-04-21 21:13:55]: INFO > 1201/1500  loss: 4.3217  time: 1.48s/it  eta: 0:06:55
[2026-04-21 21:17:11]: INFO > 1301/1500  loss: 4.4655  time: 1.99s/it  eta: 0:04:45
[2026-04-21 21:20:32]: INFO > 1401/1500  loss: 4.3703  time: 2.57s/it  eta: 0:02:27
[2026-04-21 21:24:01]: INFO * train lr: 0.001389	loss: 4.4408	cost: 0:37:49
[2026-04-21 21:28:34]: INFO * eval  loss: 4.1326	top1: 12.67	top5: 31.35
[2026-04-21 21:28:35]: INFO * best top1: 12.67%
[2026-04-21 21:28:35]: INFO [Epoch 14]
[2026-04-21 21:28:37]: INFO >    1/1500  loss: 4.4250  time: 2.48s/it  eta: 1:02:06
[2026-04-21 21:32:06]: INFO >  101/1500  loss: 4.4232  time: 2.43s/it  eta: 0:48:44
[2026-04-21 21:35:34]: INFO >  201/1500  loss: 4.3559  time: 2.02s/it  eta: 0:45:13
[2026-04-21 21:39:02]: INFO >  301/1500  loss: 4.2675  time: 1.97s/it  eta: 0:41:42
[2026-04-21 21:42:29]: INFO >  401/1500  loss: 4.4944  time: 2.08s/it  eta: 0:38:08
[2026-04-21 21:45:54]: INFO >  501/1500  loss: 4.3985  time: 2.17s/it  eta: 0:34:34
[2026-04-21 21:49:15]: INFO >  601/1500  loss: 4.3687  time: 1.83s/it  eta: 0:30:56
[2026-04-21 21:52:20]: INFO >  701/1500  loss: 4.5532  time: 1.89s/it  eta: 0:27:06
[2026-04-21 21:55:24]: INFO >  801/1500  loss: 4.5192  time: 1.81s/it  eta: 0:23:26
[2026-04-21 21:58:18]: INFO >  901/1500  loss: 4.3912  time: 1.22s/it  eta: 0:19:47
[2026-04-21 22:00:22]: INFO > 1001/1500  loss: 4.4355  time: 1.27s/it  eta: 0:15:52
[2026-04-21 22:02:25]: INFO > 1101/1500  loss: 4.4129  time: 1.20s/it  eta: 0:12:17
[2026-04-21 22:04:29]: INFO > 1201/1500  loss: 4.1968  time: 1.21s/it  eta: 0:08:58
[2026-04-21 22:06:31]: INFO > 1301/1500  loss: 4.3499  time: 1.21s/it  eta: 0:05:50
[2026-04-21 22:08:34]: INFO > 1401/1500  loss: 4.4149  time: 1.24s/it  eta: 0:02:51
[2026-04-21 22:10:36]: INFO * train lr: 0.001099	loss: 4.4277	cost: 0:42:01
[2026-04-21 22:13:00]: INFO * eval  loss: 4.1551	top1: 13.20	top5: 30.48
[2026-04-21 22:13:01]: INFO * best top1: 13.20%
[2026-04-21 22:13:01]: INFO [Epoch 15]
[2026-04-21 22:13:02]: INFO >    1/1500  loss: 4.4466  time: 1.21s/it  eta: 0:30:18
[2026-04-21 22:15:05]: INFO >  101/1500  loss: 4.4031  time: 1.24s/it  eta: 0:28:44
[2026-04-21 22:17:08]: INFO >  201/1500  loss: 4.3745  time: 1.21s/it  eta: 0:26:39
[2026-04-21 22:19:11]: INFO >  301/1500  loss: 4.3194  time: 1.23s/it  eta: 0:24:36
[2026-04-21 22:21:14]: INFO >  401/1500  loss: 4.4829  time: 1.28s/it  eta: 0:22:33
[2026-04-21 22:23:18]: INFO >  501/1500  loss: 4.3859  time: 1.22s/it  eta: 0:20:32
[2026-04-21 22:25:21]: INFO >  601/1500  loss: 4.3243  time: 1.23s/it  eta: 0:18:27
[2026-04-21 22:27:24]: INFO >  701/1500  loss: 4.4624  time: 1.22s/it  eta: 0:16:24
[2026-04-21 22:29:26]: INFO >  801/1500  loss: 4.3927  time: 1.21s/it  eta: 0:14:21
[2026-04-21 22:31:29]: INFO >  901/1500  loss: 4.5000  time: 1.24s/it  eta: 0:12:17
[2026-04-21 22:33:32]: INFO > 1001/1500  loss: 4.4270  time: 1.34s/it  eta: 0:10:15
[2026-04-21 22:35:36]: INFO > 1101/1500  loss: 4.4432  time: 1.24s/it  eta: 0:08:12
[2026-04-21 22:37:40]: INFO > 1201/1500  loss: 4.3142  time: 1.23s/it  eta: 0:06:09
[2026-04-21 22:39:43]: INFO > 1301/1500  loss: 4.4240  time: 1.21s/it  eta: 0:04:06
[2026-04-21 22:41:46]: INFO > 1401/1500  loss: 4.2205  time: 1.29s/it  eta: 0:02:03
[2026-04-21 22:43:48]: INFO * train lr: 0.000832	loss: 4.4147	cost: 0:30:47
[2026-04-21 22:46:12]: INFO * eval  loss: 4.1040	top1: 15.18	top5: 36.18
[2026-04-21 22:46:13]: INFO * best top1: 15.18%
[2026-04-21 22:46:13]: INFO [Epoch 16]
[2026-04-21 22:46:14]: INFO >    1/1500  loss: 4.2951  time: 1.21s/it  eta: 0:30:19
[2026-04-21 22:48:17]: INFO >  101/1500  loss: 4.2443  time: 1.23s/it  eta: 0:28:41
[2026-04-21 22:50:20]: INFO >  201/1500  loss: 4.5227  time: 1.25s/it  eta: 0:26:38
[2026-04-21 22:52:23]: INFO >  301/1500  loss: 4.2628  time: 1.24s/it  eta: 0:24:35
[2026-04-21 22:54:26]: INFO >  401/1500  loss: 4.3228  time: 1.25s/it  eta: 0:22:34
[2026-04-21 22:56:29]: INFO >  501/1500  loss: 4.5052  time: 1.22s/it  eta: 0:20:31
[2026-04-21 22:58:32]: INFO >  601/1500  loss: 4.5105  time: 1.23s/it  eta: 0:18:27
[2026-04-21 23:00:35]: INFO >  701/1500  loss: 4.3582  time: 1.23s/it  eta: 0:16:24
[2026-04-21 23:02:38]: INFO >  801/1500  loss: 4.4468  time: 1.21s/it  eta: 0:14:21
[2026-04-21 23:04:41]: INFO >  901/1500  loss: 4.4569  time: 1.22s/it  eta: 0:12:18
[2026-04-21 23:06:44]: INFO > 1001/1500  loss: 4.4047  time: 1.28s/it  eta: 0:10:14
[2026-04-21 23:08:47]: INFO > 1101/1500  loss: 4.4931  time: 1.23s/it  eta: 0:08:11
[2026-04-21 23:10:50]: INFO > 1201/1500  loss: 4.3219  time: 1.22s/it  eta: 0:06:09
[2026-04-21 23:12:53]: INFO > 1301/1500  loss: 4.3853  time: 1.21s/it  eta: 0:04:06
[2026-04-21 23:14:56]: INFO > 1401/1500  loss: 4.4503  time: 1.23s/it  eta: 0:02:03
[2026-04-21 23:16:58]: INFO * train lr: 0.000594	loss: 4.3989	cost: 0:30:45
[2026-04-21 23:19:23]: INFO * eval  loss: 4.0674	top1: 18.62	top5: 42.11
[2026-04-21 23:19:23]: INFO * best top1: 18.62%
[2026-04-21 23:19:23]: INFO [Epoch 17]
[2026-04-21 23:19:24]: INFO >    1/1500  loss: 4.4490  time: 1.21s/it  eta: 0:30:12
[2026-04-21 23:21:27]: INFO >  101/1500  loss: 4.2391  time: 1.26s/it  eta: 0:28:37
[2026-04-21 23:23:30]: INFO >  201/1500  loss: 4.5297  time: 1.23s/it  eta: 0:26:35
[2026-04-21 23:25:33]: INFO >  301/1500  loss: 4.5000  time: 1.23s/it  eta: 0:24:33
[2026-04-21 23:27:36]: INFO >  401/1500  loss: 4.1408  time: 1.29s/it  eta: 0:22:32
[2026-04-21 23:29:41]: INFO >  501/1500  loss: 4.4549  time: 1.40s/it  eta: 0:20:32
[2026-04-21 23:31:59]: INFO >  601/1500  loss: 4.3205  time: 1.45s/it  eta: 0:18:52
[2026-04-21 23:34:19]: INFO >  701/1500  loss: 4.5225  time: 1.37s/it  eta: 0:17:01
[2026-04-21 23:36:36]: INFO >  801/1500  loss: 4.4463  time: 1.35s/it  eta: 0:15:03
[2026-04-21 23:38:55]: INFO >  901/1500  loss: 4.4762  time: 1.38s/it  eta: 0:13:00
[2026-04-21 23:41:14]: INFO > 1001/1500  loss: 4.3840  time: 1.47s/it  eta: 0:10:54
[2026-04-21 23:43:34]: INFO > 1101/1500  loss: 4.2370  time: 1.36s/it  eta: 0:08:47
[2026-04-21 23:45:53]: INFO > 1201/1500  loss: 4.0992  time: 1.36s/it  eta: 0:06:37
[2026-04-21 23:48:12]: INFO > 1301/1500  loss: 4.3617  time: 1.37s/it  eta: 0:04:25
[2026-04-21 23:50:31]: INFO > 1401/1500  loss: 4.3802  time: 1.37s/it  eta: 0:02:13
[2026-04-21 23:52:49]: INFO * train lr: 0.000391	loss: 4.3795	cost: 0:33:25
[2026-04-21 23:56:14]: INFO * eval  loss: 4.0130	top1: 21.36	top5: 45.92
[2026-04-21 23:56:14]: INFO * best top1: 21.36%
[2026-04-21 23:56:14]: INFO [Epoch 18]
[2026-04-21 23:56:16]: INFO >    1/1500  loss: 4.4511  time: 1.38s/it  eta: 0:34:23
[2026-04-21 23:58:35]: INFO >  101/1500  loss: 4.3857  time: 1.41s/it  eta: 0:32:35
[2026-04-22 00:01:57]: INFO >  201/1500  loss: 4.3906  time: 2.08s/it  eta: 0:36:54
[2026-04-22 00:05:18]: INFO >  301/1500  loss: 4.3916  time: 2.04s/it  eta: 0:36:08
[2026-04-22 00:07:58]: INFO >  401/1500  loss: 4.4634  time: 1.47s/it  eta: 0:32:10
[2026-04-22 00:10:16]: INFO >  501/1500  loss: 4.2662  time: 1.17s/it  eta: 0:28:00
[2026-04-22 00:12:19]: INFO >  601/1500  loss: 4.2365  time: 1.21s/it  eta: 0:24:04
[2026-04-22 00:14:22]: INFO >  701/1500  loss: 4.3015  time: 1.23s/it  eta: 0:20:41
[2026-04-22 00:16:24]: INFO >  801/1500  loss: 4.4490  time: 1.22s/it  eta: 0:17:37
[2026-04-22 00:18:28]: INFO >  901/1500  loss: 4.3677  time: 1.22s/it  eta: 0:14:48
[2026-04-22 00:20:31]: INFO > 1001/1500  loss: 4.4747  time: 1.30s/it  eta: 0:12:07
[2026-04-22 00:22:33]: INFO > 1101/1500  loss: 4.4785  time: 1.21s/it  eta: 0:09:33
[2026-04-22 00:24:36]: INFO > 1201/1500  loss: 4.3200  time: 1.23s/it  eta: 0:07:05
[2026-04-22 00:26:39]: INFO > 1301/1500  loss: 4.1922  time: 1.21s/it  eta: 0:04:40
[2026-04-22 00:28:42]: INFO > 1401/1500  loss: 4.3762  time: 1.22s/it  eta: 0:02:19
[2026-04-22 00:30:44]: INFO * train lr: 0.000227	loss: 4.3638	cost: 0:34:29
[2026-04-22 00:33:07]: INFO * eval  loss: 3.9419	top1: 23.44	top5: 50.25
[2026-04-22 00:33:08]: INFO * best top1: 23.44%
[2026-04-22 00:33:08]: INFO [Epoch 19]
[2026-04-22 00:33:09]: INFO >    1/1500  loss: 4.0825  time: 1.22s/it  eta: 0:30:35
[2026-04-22 00:35:13]: INFO >  101/1500  loss: 4.3884  time: 1.21s/it  eta: 0:28:46
[2026-04-22 00:37:16]: INFO >  201/1500  loss: 4.2784  time: 1.20s/it  eta: 0:26:41
[2026-04-22 00:39:19]: INFO >  301/1500  loss: 4.2639  time: 1.21s/it  eta: 0:24:36
[2026-04-22 00:41:47]: INFO >  401/1500  loss: 4.3984  time: 1.88s/it  eta: 0:23:41
[2026-04-22 00:44:51]: INFO >  501/1500  loss: 4.4558  time: 1.85s/it  eta: 0:23:22
[2026-04-22 00:47:55]: INFO >  601/1500  loss: 4.2329  time: 1.83s/it  eta: 0:22:08
[2026-04-22 00:50:58]: INFO >  701/1500  loss: 4.4265  time: 1.81s/it  eta: 0:20:21
[2026-04-22 00:54:00]: INFO >  801/1500  loss: 4.4201  time: 1.65s/it  eta: 0:18:14
[2026-04-22 00:56:19]: INFO >  901/1500  loss: 4.3720  time: 1.21s/it  eta: 0:15:26
[2026-04-22 00:59:02]: INFO > 1001/1500  loss: 4.4272  time: 2.10s/it  eta: 0:12:55
[2026-04-22 01:02:00]: INFO > 1101/1500  loss: 4.2482  time: 1.24s/it  eta: 0:10:29
[2026-04-22 01:04:34]: INFO > 1201/1500  loss: 4.1175  time: 1.77s/it  eta: 0:07:51
[2026-04-22 01:07:39]: INFO > 1301/1500  loss: 4.3969  time: 1.79s/it  eta: 0:05:18
[2026-04-22 01:10:44]: INFO > 1401/1500  loss: 4.1126  time: 1.86s/it  eta: 0:02:40
[2026-04-22 01:13:48]: INFO * train lr: 0.000108	loss: 4.3538	cost: 0:40:40
[2026-04-22 01:17:27]: INFO * eval  loss: 3.8790	top1: 23.75	top5: 53.10
[2026-04-22 01:17:27]: INFO * best top1: 23.75%
