+---------+-----------------+--------------+-------------+-----------+-----------+
|   epoch |   learning_rate |   train_loss |   test_loss |      top1 |      top5 |
+=========+=================+==============+=============+===========+===========+
|       0 |        0.000001 |     4.604235 |    4.592740 |  1.858333 |  7.725000 |
+---------+-----------------+--------------+-------------+-----------+-----------+
|       1 |        0.000001 |     4.598011 |    4.580665 |  2.725000 | 10.575000 |
+---------+-----------------+--------------+-------------+-----------+-----------+
|       2 |        0.000401 |     4.583595 |    4.505380 |  4.483333 | 16.025000 |
+---------+-----------------+--------------+-------------+-----------+-----------+
|       3 |        0.000801 |     4.570349 |    4.489522 |  4.258333 | 15.566667 |
+---------+-----------------+--------------+-------------+-----------+-----------+
|       4 |        0.001201 |     4.562161 |    4.480711 |  3.558333 | 14.016666 |
+---------+-----------------+--------------+-------------+-----------+-----------+
|       5 |        0.001601 |     4.547319 |    4.401001 |  5.591667 | 18.816668 |
+---------+-----------------+--------------+-------------+-----------+-----------+
|       6 |        0.002001 |     4.524479 |    4.384187 |  5.358333 | 19.191668 |
+---------+-----------------+--------------+-------------+-----------+-----------+
|       7 |        0.002400 |     4.515149 |    4.372851 |  6.308333 | 19.483334 |
+---------+-----------------+--------------+-------------+-----------+-----------+
|       8 |        0.002800 |     4.514076 |    4.351792 |  6.225000 | 19.491667 |
+---------+-----------------+--------------+-------------+-----------+-----------+
|       9 |        0.003200 |     4.508953 |    4.319877 |  6.441667 | 20.225000 |
+---------+-----------------+--------------+-------------+-----------+-----------+
|      10 |        0.003600 |     4.495309 |    4.259510 |  8.150000 | 23.041666 |
+---------+-----------------+--------------+-------------+-----------+-----------+
|      11 |        0.002005 |     4.463257 |    4.285804 |  9.300000 | 24.608334 |
+---------+-----------------+--------------+-------------+-----------+-----------+
|      12 |        0.001693 |     4.451482 |    4.204682 | 10.991667 | 27.683332 |
+---------+-----------------+--------------+-------------+-----------+-----------+
|      13 |        0.001389 |     4.440783 |    4.132573 | 12.666667 | 31.350000 |
+---------+-----------------+--------------+-------------+-----------+-----------+
|      14 |        0.001099 |     4.427685 |    4.155091 | 13.200000 | 30.483334 |
+---------+-----------------+--------------+-------------+-----------+-----------+
|      15 |        0.000832 |     4.414666 |    4.104007 | 15.183333 | 36.183334 |
+---------+-----------------+--------------+-------------+-----------+-----------+
|      16 |        0.000594 |     4.398922 |    4.067385 | 18.625000 | 42.108334 |
+---------+-----------------+--------------+-------------+-----------+-----------+
|      17 |        0.000391 |     4.379499 |    4.012958 | 21.358334 | 45.916668 |
+---------+-----------------+--------------+-------------+-----------+-----------+
|      18 |        0.000227 |     4.363821 |    3.941887 | 23.441668 | 50.250000 |
+---------+-----------------+--------------+-------------+-----------+-----------+
|      19 |        0.000108 |     4.353795 |    3.879046 | 23.750000 | 53.099998 |
+---------+-----------------+--------------+-------------+-----------+-----------+
best top1: 23.75%		best top5: 53.10%